ClientNum,Throughput,Latency_ms,ValueSize,WriteRatio
100, 23829.257953, 4.683831, 16, 0.05
100, 20026.093439, 5.081908, 16, 0.05
100, 23600.235238, 4.730222, 16, 0.05
100, 22514.849928, 5.088427, 16, 0.05
100, 22674.057179, 5.30105, 16, 0.05
200, 31517.390587, 8.520574, 16, 0.05
200, 26159.436381, 7.987149, 16, 0.05
200, 26134.973969, 10.556088, 16, 0.05
200, 27217.539209, 9.366536, 16, 0.05
200, 25973.171895, 8.354673, 16, 0.05
300, 25910.265790, 17.050938, 16, 0.05
300, 26622.656150, 13.93794, 16, 0.05
300, 28340.695070, 15.286908, 16, 0.05
300, 29125.980924, 16.237108, 16, 0.05
300, 34820.852771, 11.926361, 16, 0.05
400, 30452.449862, 25.40418, 16, 0.05
400, 29542.005067, 24.629066, 16, 0.05
400, 29224.980036, 19.870879, 16, 0.05
400, 29694.066017, 25.333297, 16, 0.05
400, 24181.965986, 35.128541, 16, 0.05
500, 35801.995745, 22.333999, 16, 0.05
500, 30599.733760, 33.127461, 16, 0.05
500, 29339.732212, 27.538776, 16, 0.05
500, 33660.987138, 21.171623, 16, 0.05
500, 33872.975563, 26.785374, 16, 0.05
600, 32432.024876, 25.500829, 16, 0.05
600, 30644.000995, 34.952139, 16, 0.05
600, 29801.844022, 32.49683, 16, 0.05
600, 32482.769101, 28.831244, 16, 0.05
600, 28367.817105, 36.159645, 16, 0.05
700, 27302.961679, 34.133719, 16, 0.05
700, 27372.558153, 40.876807, 16, 0.05
700, 25276.499693, 29.657051, 16, 0.05
700, 32839.759304, 34.065181, 16, 0.05
700, 29635.755494, 38.201449, 16, 0.05
800, 27472.106787, 44.227537, 16, 0.05
800, 31660.887879, 39.691206, 16, 0.05
800, 30191.384302, 36.157243, 16, 0.05
800, 30516.781958, 36.150811, 16, 0.05
800, 31913.699535, 41.438283, 16, 0.05
900, 35748.132940, 36.454963, 16, 0.05
900, 26923.042669, 78.621576, 16, 0.05
900, 30732.809081, 33.288127, 16, 0.05
900, 29131.695159, 42.449174, 16, 0.05
900, 23131.995215, 105.340052, 16, 0.05
1000, 24980.691549, 94.907672, 16, 0.05
1000, 10017.850427, 715.546749, 16, 0.05
1000, 30612.290410, 70.071568, 16, 0.05
1000, 29085.017545, 63.867875, 16, 0.05
1000, 31875.489950, 64.061334, 16, 0.05
1100, 32718.279626, 68.556804, 16, 0.05
1100, 23987.211765, 146.201801, 16, 0.05
1100, 27803.798194, 100.147857, 16, 0.05
1100, 25151.165041, 141.920238, 16, 0.05
1100, 29073.701350, 86.685696, 16, 0.05
1200, 30465.696349, 91.169144, 16, 0.05
1200, 30635.452441, 78.027845, 16, 0.05
1200, 24151.345450, 110.515675, 16, 0.05
1200, 29418.159262, 110.253663, 16, 0.05
1200, 26682.036587, 116.688998, 16, 0.05
1300, 29966.756439, 83.023607, 16, 0.05
1300, 23393.145591, 123.93632, 16, 0.05
1300, 23749.999807, 148.487908, 16, 0.05
1300, 31346.290417, 78.158454, 16, 0.05
1300, 29199.139151, 100.788565, 16, 0.05
1400, 24321.228147, 135.611178, 16, 0.05
1400, 25614.180010, 126.564648, 16, 0.05
1400, 26591.344662, 126.686284, 16, 0.05
1400, 28956.983191, 93.994104, 16, 0.05
1400, 32000.811438, 101.151373, 16, 0.05
1500, 32962.644552, 82.796413, 16, 0.05
1500, 32709.339338, 103.490521, 16, 0.05
1500, 27769.066467, 140.974558, 16, 0.05
1500, 22908.258696, 147.694736, 16, 0.05
1500, 29760.719470, 132.070725, 16, 0.05
1600, 29536.072915, 122.604959, 16, 0.05
1600, 24603.544572, 136.399469, 16, 0.05
1600, 30168.839761, 111.494688, 16, 0.05
1600, 24970.710979, 137.210634, 16, 0.05
1600, 28638.965143, 123.974079, 16, 0.05
1700, 28772.962705, 121.773132, 16, 0.05
1700, 22529.975530, 145.5594, 16, 0.05
1700, 31166.880074, 92.598829, 16, 0.05
1700, 24264.822527, 170.679201, 16, 0.05
1700, 22839.128605, 197.884582, 16, 0.05
1800, 29979.940302, 125.300562, 16, 0.05
1800, 29006.631220, 137.166007, 16, 0.05
1800, 29837.574983, 124.286503, 16, 0.05
1800, 28215.065124, 111.641039, 16, 0.05
1800, 25975.866752, 174.350457, 16, 0.05
1900, 26957.627021, 143.316265, 16, 0.05
1900, 22733.740476, 187.45997, 16, 0.05
1900, 27776.988217, 134.688335, 16, 0.05
1900, 29162.304436, 128.340637, 16, 0.05
1900, 28394.494364, 152.906768, 16, 0.05
2000, 24721.852338, 160.829865, 16, 0.05
2000, 28679.437381, 171.783468, 16, 0.05
2000, 31250.922683, 121.964246, 16, 0.05
2000, 32542.162952, 119.680953, 16, 0.05
2000, 25787.798350, 153.109565, 16, 0.05
2100, 24549.357570, 188.297961, 16, 0.05
2100, 22806.867191, 177.571355, 16, 0.05
2100, 24868.288838, 185.157228, 16, 0.05
2100, 28492.738628, 123.137569, 16, 0.05
2100, 24869.582356, 176.720934, 16, 0.05
2200, 30659.195013, 157.669719, 16, 0.05
2200, 26762.442096, 140.946817, 16, 0.05
2200, 24862.305837, 187.728168, 16, 0.05
2200, 29228.964099, 150.542131, 16, 0.05
2200, 24833.265421, 200.855853, 16, 0.05
2300, 26908.040472, 179.640024, 16, 0.05
2300, 25999.836586, 181.461837, 16, 0.05
2300, 30893.431585, 123.010104, 16, 0.05
2300, 27794.878577, 138.683947, 16, 0.05
2300, 28800.271248, 157.74178, 16, 0.05
2400, 25301.598021, 183.922345, 16, 0.05
2400, 26492.807090, 159.719211, 16, 0.05
2400, 28015.069227, 119.028085, 16, 0.05
2400, 22516.930311, 213.672279, 16, 0.05
2400, 23980.180592, 208.466058, 16, 0.05
2500, 25704.967869, 205.13796, 16, 0.05
2500, 23959.395533, 218.215603, 16, 0.05
2500, 23430.036051, 202.361751, 16, 0.05
2500, 22547.794436, 215.669497, 16, 0.05
2500, 22950.948814, 195.689719, 16, 0.05
2600, 24835.529932, 181.818623, 16, 0.05
2600, 22997.300443, 199.180056, 16, 0.05
2600, 27999.210467, 153.518126, 16, 0.05
2600, 26506.266153, 169.09767, 16, 0.05
2600, 25294.931247, 188.314042, 16, 0.05
2700, 20917.675930, 236.305891, 16, 0.05
2700, 23757.447090, 218.420562, 16, 0.05
2700, 26639.523691, 164.417088, 16, 0.05
2700, 22593.090361, 180.664866, 16, 0.05
2700, 22876.484860, 214.135557, 16, 0.05
2800, 23403.394179, 190.517298, 16, 0.05
2800, 21090.356188, 248.24177, 16, 0.05
2800, 21880.168574, 204.25444, 16, 0.05
2800, 21910.710590, 256.011817, 16, 0.05
2800, 24897.049146, 185.969686, 16, 0.05
2900, 21737.626853, 244.540185, 16, 0.05
2900, 19846.717765, 252.947412, 16, 0.05
2900, 23654.195773, 186.443682, 16, 0.05
2900, 26536.127741, 167.104259, 16, 0.05
2900, 29502.874703, 114.762503, 16, 0.05
3000, 20811.896776, 251.157545, 16, 0.05
3000, 24447.528158, 218.754553, 16, 0.05
3000, 20765.711352, 272.378733, 16, 0.05
3000, 21122.860108, 250.589604, 16, 0.05
3000, 18636.644369, 293.806339, 16, 0.05
100, 6345.270698, 34.588261, 16, 0.5
100, 6032.387626, 35.908445, 16, 0.5
100, 6638.719869, 31.574936, 16, 0.5
100, 6219.845041, 35.310918, 16, 0.5
100, 6427.781398, 35.836433, 16, 0.5
200, 8067.921540, 47.038938, 16, 0.5
200, 7098.795145, 48.868954, 16, 0.5
200, 9423.896600, 44.212701, 16, 0.5
200, 9035.501866, 44.788624, 16, 0.5
200, 10104.465930, 39.575177, 16, 0.5
300, 12512.257320, 43.412285, 16, 0.5
300, 11012.253633, 51.890483, 16, 0.5
300, 11314.820448, 52.218357, 16, 0.5
300, 12706.929665, 44.411169, 16, 0.5
300, 11531.533114, 49.219079, 16, 0.5
400, 12722.208641, 54.067221, 16, 0.5
400, 12658.455845, 57.814103, 16, 0.5
400, 14019.860321, 49.27039, 16, 0.5
400, 14119.171836, 52.122575, 16, 0.5
400, 14469.089490, 45.943577, 16, 0.5
500, 14764.595962, 54.305098, 16, 0.5
500, 17450.504441, 59.153456, 16, 0.5
500, 15062.812712, 63.016067, 16, 0.5
500, 17568.296687, 50.989475, 16, 0.5
500, 17436.147998, 45.086174, 16, 0.5
600, 17466.001454, 71.291904, 16, 0.5
600, 20095.560580, 47.613615, 16, 0.5
600, 16664.755608, 68.07888, 16, 0.5
600, 18511.688460, 51.151778, 16, 0.5
600, 20056.370555, 52.451703, 16, 0.5
700, 21407.577919, 52.626349, 16, 0.5
700, 19983.718226, 63.536298, 16, 0.5
700, 18110.010804, 62.041931, 16, 0.5
700, 17119.746200, 77.175406, 16, 0.5
700, 20418.695937, 58.922881, 16, 0.5
800, 20726.409457, 67.906264, 16, 0.5
800, 20699.418960, 61.506824, 16, 0.5
800, 17485.098980, 76.412837, 16, 0.5
800, 19008.781825, 68.826057, 16, 0.5
800, 19447.411563, 68.686146, 16, 0.5
900, 21684.805566, 68.032923, 16, 0.5
900, 25535.752472, 55.075303, 16, 0.5
900, 22857.073163, 62.091, 16, 0.5
900, 16318.561985, 117.607111, 16, 0.5
900, 11681.936913, 118.690873, 16, 0.5
1000, 19553.258797, 90.560247, 16, 0.5
1000, 24504.324682, 76.088351, 16, 0.5
1000, 25169.080281, 69.970353, 16, 0.5
1000, 20994.244552, 68.660843, 16, 0.5
1000, 22010.842612, 88.086208, 16, 0.5
1100, 23822.371782, 72.093143, 16, 0.5
1100, 25187.645567, 80.677953, 16, 0.5
1100, 23240.214635, 101.782638, 16, 0.5
1100, 21429.117029, 105.643768, 16, 0.5
1100, 24574.432752, 85.41665, 16, 0.5
1200, 22330.461642, 129.962261, 16, 0.5
1200, 27587.092804, 62.769539, 16, 0.5
1200, 23632.189045, 95.313132, 16, 0.5
1200, 23003.101612, 86.016207, 16, 0.5
1200, 22711.029438, 106.002469, 16, 0.5
1300, 20750.444688, 134.81366, 16, 0.5
1300, 16730.680173, 174.72133, 16, 0.5
1300, 20422.420991, 122.733059, 16, 0.5
1300, 20788.221809, 145.3721, 16, 0.5
1300, 21966.697687, 104.576456, 16, 0.5
1400, 20560.527601, 162.156863, 16, 0.5
1400, 18360.723469, 169.217424, 16, 0.5
1400, 22465.842467, 153.462778, 16, 0.5
1400, 21173.924287, 150.813828, 16, 0.5
1400, 28422.090301, 76.493557, 16, 0.5
1500, 23464.884932, 123.938602, 16, 0.5
1500, 23832.262966, 102.657395, 16, 0.5
1500, 18646.641422, 178.001306, 16, 0.5
1500, 23935.909229, 115.02583, 16, 0.5
1500, 24812.509298, 104.992008, 16, 0.5
1600, 26399.313149, 107.083246, 16, 0.5
1600, 21257.796164, 142.178568, 16, 0.5
1600, 20841.634817, 197.034744, 16, 0.5
1600, 23081.283167, 128.573955, 16, 0.5
1600, 23996.579604, 129.354571, 16, 0.5
1700, 24382.313169, 129.361144, 16, 0.5
1700, 25388.561976, 123.804879, 16, 0.5
1700, 22224.989925, 125.847129, 16, 0.5
1700, 24169.978935, 117.617106, 16, 0.5
1700, 26166.799847, 142.615277, 16, 0.5
1800, 25577.250080, 93.144305, 16, 0.5
1800, 24159.387461, 160.506154, 16, 0.5
1800, 23421.713052, 151.658646, 16, 0.5
1800, 20447.096749, 184.753111, 16, 0.5
1800, 20824.174558, 181.28532, 16, 0.5
1900, 20203.036231, 188.117917, 16, 0.5
1900, 21916.436118, 195.260429, 16, 0.5
1900, 2329.732702, 3338.70203, 16, 0.5
1900, 23802.346722, 145.090452, 16, 0.5
1900, 26596.060580, 130.936186, 16, 0.5
2000, 25044.277531, 158.030921, 16, 0.5
2000, 21779.356433, 178.655421, 16, 0.5
2000, 26409.299242, 114.303598, 16, 0.5
2000, 22243.768476, 165.321487, 16, 0.5
2000, 24320.887849, 172.044521, 16, 0.5
2100, 22121.129203, 189.642519, 16, 0.5
2100, 21886.106679, 154.007715, 16, 0.5
2100, 23346.560841, 155.804327, 16, 0.5
2100, 23905.753918, 156.914692, 16, 0.5
2100, 23205.964035, 162.784286, 16, 0.5
2200, 25174.164816, 145.554947, 16, 0.5
2200, 25529.420376, 115.299772, 16, 0.5
2200, 23751.145868, 129.367822, 16, 0.5
2200, 21737.493791, 179.196774, 16, 0.5
2200, 24139.213334, 148.545459, 16, 0.5
2300, 23910.863629, 161.927951, 16, 0.5
2300, 23559.194300, 178.556795, 16, 0.5
2300, 20071.343671, 190.099513, 16, 0.5
2300, 17808.565384, 223.183179, 16, 0.5
2300, 26079.818589, 123.528833, 16, 0.5
2400, 21377.116038, 190.056869, 16, 0.5
2400, 18628.080852, 234.054114, 16, 0.5
2400, 22510.872335, 215.721753, 16, 0.5
2400, 23823.940867, 153.209715, 16, 0.5
2400, 25608.439099, 175.816046, 16, 0.5
2500, 24415.497626, 177.790228, 16, 0.5
2500, 23348.704167, 178.672026, 16, 0.5
2500, 20188.505282, 224.47823, 16, 0.5
2500, 22927.733129, 194.541763, 16, 0.5
2500, 18526.202604, 246.629974, 16, 0.5
2600, 23580.575733, 187.64628, 16, 0.5
2600, 25552.908533, 148.320378, 16, 0.5
2600, 23531.953326, 180.688605, 16, 0.5
2600, 23064.315501, 191.404274, 16, 0.5
2600, 9555.537841, 771.637609, 16, 0.5
2700, 13539.042238, 350.832866, 16, 0.5
2700, 18660.110817, 242.546277, 16, 0.5
2700, 22334.490908, 192.108445, 16, 0.5
2700, 18795.783192, 274.772971, 16, 0.5
2700, 21030.580595, 213.082938, 16, 0.5
2800, 25301.949416, 174.649657, 16, 0.5
2800, 26107.489290, 149.52077, 16, 0.5
2800, 25968.272417, 176.662211, 16, 0.5
2800, 25790.100889, 180.379282, 16, 0.5
2800, 25287.596147, 160.604725, 16, 0.5
2900, 26252.398015, 158.833468, 16, 0.5
2900, 20497.990353, 193.750799, 16, 0.5
2900, 22431.375307, 193.080636, 16, 0.5
2900, 23401.797249, 198.205861, 16, 0.5
2900, 24004.698238, 195.63437, 16, 0.5
3000, 20683.760315, 246.83146, 16, 0.5
3000, 21413.992889, 227.553435, 16, 0.5
3000, 20020.748503, 233.576366, 16, 0.5
3000, 20355.050500, 245.238732, 16, 0.5
3000, 25774.107336, 190.508216, 16, 0.5
100, 3957.459299, 36.432453, 16, 0.95
100, 3961.841877, 37.025305, 16, 0.95
100, 3054.452556, 43.588233, 16, 0.95
100, 3709.169789, 36.075709, 16, 0.95
100, 3353.441385, 36.878748, 16, 0.95
200, 6173.912406, 43.850754, 16, 0.95
200, 5794.769302, 46.319953, 16, 0.95
200, 4704.527699, 53.666846, 16, 0.95
200, 5889.345708, 46.662393, 16, 0.95
200, 5908.272058, 47.380358, 16, 0.95
300, 7862.977545, 51.217566, 16, 0.95
300, 7482.441682, 56.455942, 16, 0.95
300, 6172.648550, 51.489521, 16, 0.95
300, 7146.498197, 59.008835, 16, 0.95
300, 7757.694470, 52.348227, 16, 0.95
400, 7066.359531, 63.357034, 16, 0.95
400, 6827.892672, 66.336281, 16, 0.95
400, 1510.640823, 93.93521, 16, 0.95
400, 7018.866618, 56.389679, 16, 0.95
400, 9109.282008, 59.00521, 16, 0.95
500, 10967.959112, 57.679437, 16, 0.95
500, 9517.752580, 54.940496, 16, 0.95
500, 10744.018108, 63.68808, 16, 0.95
500, 11793.264034, 52.06873, 16, 0.95
500, 11619.371454, 54.844991, 16, 0.95
600, 11424.030187, 67.182618, 16, 0.95
600, 10271.750204, 102.107767, 16, 0.95
600, 13093.492910, 60.549155, 16, 0.95
600, 13250.852308, 77.581871, 16, 0.95
600, 12191.879625, 80.315598, 16, 0.95
700, 13652.300196, 61.616616, 16, 0.95
700, 13685.553946, 66.610683, 16, 0.95
700, 14825.678501, 57.428648, 16, 0.95
700, 9717.297303, 93.741376, 16, 0.95
700, 9700.677373, 99.849935, 16, 0.95
800, 3679.441575, 106.469094, 16, 0.95
800, 15087.248092, 62.297861, 16, 0.95
800, 16839.762189, 63.836594, 16, 0.95
800, 17098.613961, 59.244276, 16, 0.95
800, 15485.783652, 67.348642, 16, 0.95
900, 5870.335308, 123.260568, 16, 0.95
900, 16892.057645, 83.197965, 16, 0.95
900, 17025.164593, 68.412098, 16, 0.95
900, 17236.467898, 74.30177, 16, 0.95
900, 13548.341282, 97.283036, 16, 0.95
1000, 18197.960666, 76.937326, 16, 0.95
1000, 19077.622370, 67.2863, 16, 0.95
1000, 2016.499573, 3302.602854, 16, 0.95
1000, 17354.448720, 83.686049, 16, 0.95
1000, 434.080996, 5075.991078, 16, 0.95
1100, 16693.158710, 91.242001, 16, 0.95
1100, 19093.077483, 77.834043, 16, 0.95
1100, 1546.195967, 2966.330001, 16, 0.95
1100, 1241.156703, 5073.447052, 16, 0.95
1100, 1552.209394, 5020.517482, 16, 0.95
1200, 12143.295875, 185.572417, 16, 0.95
1200, 1181.818971, 2507.94261, 16, 0.95
1200, 412.648439, 5063.126815, 16, 0.95
1200, 15384.047429, 180.691166, 16, 0.95
1200, 12069.409193, 308.408762, 16, 0.95
1300, 18567.854029, 101.107613, 16, 0.95
1300, 17933.971865, 118.611553, 16, 0.95
1300, 18386.015307, 129.689672, 16, 0.95
1300, 19771.431144, 102.711478, 16, 0.95
1300, 10116.711135, 539.700746, 16, 0.95
1400, 21826.635314, 103.612996, 16, 0.95
1400, 21167.903694, 103.565451, 16, 0.95
1400, 19232.222743, 135.539865, 16, 0.95
1400, 20675.832765, 100.940907, 16, 0.95
1400, 24038.126507, 102.447568, 16, 0.95
1500, 12219.826223, 422.444227, 16, 0.95
1500, 11522.808725, 509.525342, 16, 0.95
1500, 18677.133242, 185.020071, 16, 0.95
1500, 20553.376604, 117.403322, 16, 0.95
1500, 21997.578018, 97.716595, 16, 0.95
1600, 21098.447235, 151.666093, 16, 0.95
1600, 19411.216346, 123.086169, 16, 0.95
1600, 12309.784547, 451.671431, 16, 0.95
1600, 19795.543197, 190.105033, 16, 0.95
1600, 19483.854724, 147.329294, 16, 0.95
1700, 23562.605544, 94.609081, 16, 0.95
1700, 20678.598611, 138.755947, 16, 0.95
1700, 21320.542645, 147.527342, 16, 0.95
1700, 22196.415338, 144.353993, 16, 0.95
1700, 18263.479045, 150.799576, 16, 0.95
1800, 20476.950272, 123.898621, 16, 0.95
1800, 11747.327977, 384.39917, 16, 0.95
1800, 17849.081415, 173.796468, 16, 0.95
1800, 17177.466961, 257.407855, 16, 0.95
1800, 15654.967326, 305.946575, 16, 0.95
1900, 9970.952352, 513.337286, 16, 0.95
1900, 16539.584822, 256.863821, 16, 0.95
1900, 18139.027918, 133.639684, 16, 0.95
1900, 8617.629409, 672.635425, 16, 0.95
1900, 20340.277961, 151.859716, 16, 0.95
2000, 27973.229060, 105.06667, 16, 0.95
2000, 21616.033375, 164.58595, 16, 0.95
2000, 21555.451512, 162.411161, 16, 0.95
2000, 3969.302171, 2211.831896, 16, 0.95
2000, 21687.588937, 133.890599, 16, 0.95
2100, 21857.119633, 171.30928, 16, 0.95
2100, 21568.182893, 188.646286, 16, 0.95
2100, 20987.873165, 149.625405, 16, 0.95
2100, 24755.739206, 146.013025, 16, 0.95
2100, 4766.471845, 1509.879966, 16, 0.95
2200, 12871.358001, 365.941407, 16, 0.95
2200, 21366.548276, 173.926559, 16, 0.95
2200, 23414.561358, 151.792967, 16, 0.95
2200, 18582.817959, 152.493508, 16, 0.95
2200, 21019.062013, 164.894704, 16, 0.95
2300, 20494.490577, 167.936173, 16, 0.95
2300, 22173.625568, 159.394488, 16, 0.95
2300, 22165.389277, 149.704565, 16, 0.95
2300, 22956.299115, 149.895039, 16, 0.95
2300, 14118.731563, 387.366809, 16, 0.95
2400, 5400.503109, 1200.403133, 16, 0.95
2400, 25476.143323, 141.773458, 16, 0.95
2400, 5992.634111, 1359.729208, 16, 0.95
2400, 18781.058730, 199.93288, 16, 0.95
2400, 1873.357025, 4897.210136, 16, 0.95
2500, 18263.454862, 240.679195, 16, 0.95
2500, 1873.792242, 5047.212526, 16, 0.95
2500, 6358.045494, 1266.332837, 16, 0.95
2500, 20364.727338, 183.042338, 16, 0.95
2500, 19203.973078, 267.778521, 16, 0.95
2600, 20793.958024, 197.042583, 16, 0.95
2600, 20872.396589, 202.862044, 16, 0.95
2600, 24974.780841, 136.982519, 16, 0.95
2600, 21859.602363, 174.685571, 16, 0.95
2600, 25462.854151, 135.060331, 16, 0.95
2700, 21038.890172, 198.379269, 16, 0.95
2700, 21287.252324, 211.05214, 16, 0.95
2700, 14261.098489, 317.74451, 16, 0.95
2700, 20853.258491, 196.541074, 16, 0.95
2700, 15229.051259, 248.289858, 16, 0.95
2800, 20923.389388, 209.643642, 16, 0.95
2800, 19755.861801, 228.310577, 16, 0.95
2800, 19486.907770, 247.606996, 16, 0.95
2800, 15168.342589, 360.817469, 16, 0.95
2800, 18727.577869, 228.313607, 16, 0.95
2900, 16954.327319, 238.216148, 16, 0.95
2900, 19289.235497, 255.398667, 16, 0.95
2900, 21378.456677, 209.935405, 16, 0.95
2900, 20270.198338, 182.036483, 16, 0.95
2900, 12906.671255, 406.393292, 16, 0.95
3000, 18453.506303, 264.886669, 16, 0.95
3000, 14798.907918, 252.03926, 16, 0.95
3000, 11175.804116, 635.566197, 16, 0.95
3000, 16997.607854, 361.667102, 16, 0.95
3000, 20834.025023, 244.883906, 16, 0.95
100, 22137.612856, 5.096943, 128, 0.05
100, 10805.637994, 5.99838, 128, 0.05
100, 22292.170993, 5.257123, 128, 0.05
100, 19971.542788, 5.901398, 128, 0.05
100, 18532.122091, 6.529276, 128, 0.05
200, 25687.718272, 8.552675, 128, 0.05
200, 527.832336, 15.49943, 128, 0.05
200, 24264.153925, 9.454315, 128, 0.05
200, 26052.940127, 8.233148, 128, 0.05
200, 26950.494978, 10.035297, 128, 0.05
300, 34534.131714, 14.877247, 128, 0.05
300, 27569.268414, 16.1423, 128, 0.05
300, 24991.851594, 20.22699, 128, 0.05
300, 23013.163373, 16.568998, 128, 0.05
300, 4735.606032, 21.590448, 128, 0.05
400, 26078.698826, 34.797279, 128, 0.05
400, 30579.045104, 31.595262, 128, 0.05
400, 32625.440021, 24.591996, 128, 0.05
400, 30461.716090, 21.087124, 128, 0.05
400, 31958.489655, 28.764326, 128, 0.05
500, 28298.159551, 30.873206, 128, 0.05
500, 30135.263274, 30.130473, 128, 0.05
500, 32243.094048, 21.63737, 128, 0.05
500, 28849.655723, 29.408629, 128, 0.05
500, 31559.150977, 31.143513, 128, 0.05
600, 34681.997127, 27.214009, 128, 0.05
600, 31136.394777, 33.715002, 128, 0.05
600, 32167.845953, 27.821412, 128, 0.05
600, 28024.318843, 28.958235, 128, 0.05
600, 28840.104385, 42.659054, 128, 0.05
700, 27498.666995, 53.809539, 128, 0.05
700, 30958.761737, 38.142904, 128, 0.05
700, 2576.626946, 491.303169, 128, 0.05
700, 2637.914248, 631.63167, 128, 0.05
700, 1363.649091, 77.779803, 128, 0.05
800, 3156.126885, 129.845396, 128, 0.05
800, 2196.555570, 96.160738, 128, 0.05
800, 1497.704145, 1061.433308, 128, 0.05
800, 2987.485953, 99.362777, 128, 0.05
800, 6034.613335, 209.561428, 128, 0.05
900, 25091.738784, 59.022003, 128, 0.05
900, 560.064410, 121.129561, 128, 0.05
900, 603.152172, 111.168724, 128, 0.05
900, 1495.203995, 2293.242581, 128, 0.05
900, 25861.220138, 47.340707, 128, 0.05
1000, 31799.402450, 63.770302, 128, 0.05
1000, 27737.038925, 78.276159, 128, 0.05
1000, 25422.695079, 75.291373, 128, 0.05
1000, 31089.420327, 57.974561, 128, 0.05
1000, 32069.611170, 59.728384, 128, 0.05
1100, 30561.498901, 65.620728, 128, 0.05
1100, 30811.513836, 82.301958, 128, 0.05
1100, 32526.092000, 81.149236, 128, 0.05
1100, 29977.844275, 90.817058, 128, 0.05
1100, 27762.349161, 110.214102, 128, 0.05
1200, 29838.552900, 94.522489, 128, 0.05
1200, 25827.495590, 91.221536, 128, 0.05
1200, 26790.807840, 113.404244, 128, 0.05
1200, 26306.204531, 92.482544, 128, 0.05
1200, 25548.858984, 119.941985, 128, 0.05
1300, 25079.552529, 132.335315, 128, 0.05
1300, 29306.114354, 105.06769, 128, 0.05
1300, 27987.415806, 118.386735, 128, 0.05
1300, 30546.720935, 112.891417, 128, 0.05
1300, 28577.409987, 91.227646, 128, 0.05
1400, 26022.666122, 128.690877, 128, 0.05
1400, 33443.911726, 84.633184, 128, 0.05
1400, 29252.813008, 121.972708, 128, 0.05
1400, 33229.639799, 78.751369, 128, 0.05
1400, 24964.464209, 103.052914, 128, 0.05
1500, 24933.029944, 142.870656, 128, 0.05
1500, 30120.285964, 104.557896, 128, 0.05
1500, 27327.050567, 125.042958, 128, 0.05
1500, 16358.514299, 344.227162, 128, 0.05
1500, 30352.773348, 107.510353, 128, 0.05
1600, 1359.775715, 5524.869408, 128, 0.05
1600, 24247.467069, 160.364156, 128, 0.05
1600, 27163.765827, 151.007155, 128, 0.05
1600, 24663.887387, 160.367614, 128, 0.05
1600, 25312.715246, 94.522677, 128, 0.05
1700, 1133.949820, 8561.758406, 128, 0.05
1700, 28147.727900, 138.497441, 128, 0.05
1700, 25764.368393, 160.927702, 128, 0.05
1700, 27854.450557, 139.589976, 128, 0.05
1700, 3787.438399, 2358.318815, 128, 0.05
1800, 25643.164347, 151.399666, 128, 0.05
1800, 2246.568139, 4212.712431, 128, 0.05
1800, 23679.222741, 137.879602, 128, 0.05
1800, 25341.072656, 151.80764, 128, 0.05
1800, 23133.068600, 212.291521, 128, 0.05
1900, 27859.532815, 160.839974, 128, 0.05
1900, 25328.793319, 180.06367, 128, 0.05
1900, 27692.126876, 163.521877, 128, 0.05
1900, 20677.834767, 198.533608, 128, 0.05
1900, 27898.994647, 155.753154, 128, 0.05
2000, 25040.048365, 189.616997, 128, 0.05
2000, 24895.949929, 178.626608, 128, 0.05
2000, 20938.223188, 192.879949, 128, 0.05
2000, 25441.950015, 157.943523, 128, 0.05
2000, 15807.478869, 250.910115, 128, 0.05
2100, 23721.878360, 194.013259, 128, 0.05
2100, 21412.067985, 251.866496, 128, 0.05
2100, 28061.583277, 119.303337, 128, 0.05
2100, 22778.732576, 197.795381, 128, 0.05
2100, 26295.359986, 166.433129, 128, 0.05
2200, 26923.347544, 176.800527, 128, 0.05
2200, 25281.758179, 183.016026, 128, 0.05
2200, 24319.081170, 191.942514, 128, 0.05
2200, 22037.016379, 225.97479, 128, 0.05
2200, 23416.443513, 204.074235, 128, 0.05
2300, 27225.650954, 160.061743, 128, 0.05
2300, 25417.950215, 181.693576, 128, 0.05
2300, 25210.531955, 198.244461, 128, 0.05
2300, 24630.467495, 189.366035, 128, 0.05
2300, 28326.778281, 153.013357, 128, 0.05
2400, 25060.797934, 171.111155, 128, 0.05
2400, 25052.685924, 196.293917, 128, 0.05
2400, 25007.804748, 182.615126, 128, 0.05
2400, 23994.713178, 196.935333, 128, 0.05
2400, 21186.339280, 242.862352, 128, 0.05
2500, 22278.412686, 245.356057, 128, 0.05
2500, 26047.451304, 188.56566, 128, 0.05
2500, 25965.560594, 186.221778, 128, 0.05
2500, 24952.895546, 216.589875, 128, 0.05
2500, 26743.747281, 204.476653, 128, 0.05
2600, 23932.130106, 201.347037, 128, 0.05
2600, 22926.622103, 216.291532, 128, 0.05
2600, 21295.554180, 229.225391, 128, 0.05
2600, 21753.128762, 246.446758, 128, 0.05
2600, 23497.039203, 228.56197, 128, 0.05
2700, 22515.307229, 250.648094, 128, 0.05
2700, 22222.225580, 234.534759, 128, 0.05
2700, 25654.086268, 168.80347, 128, 0.05
2700, 26891.304578, 170.467916, 128, 0.05
2700, 25769.656401, 203.494605, 128, 0.05
2800, 29372.009950, 158.16994, 128, 0.05
2800, 20965.531668, 251.63269, 128, 0.05
2800, 21995.610538, 225.592679, 128, 0.05
2800, 22694.550744, 219.336728, 128, 0.05
2800, 21745.481250, 243.562908, 128, 0.05
2900, 26248.585979, 169.160819, 128, 0.05
2900, 24798.923754, 221.48927, 128, 0.05
2900, 23276.529090, 214.914035, 128, 0.05
2900, 23730.729595, 225.502585, 128, 0.05
2900, 29293.913397, 150.661752, 128, 0.05
3000, 22686.611616, 239.124141, 128, 0.05
3000, 25508.855561, 194.2531, 128, 0.05
3000, 23378.357158, 236.296925, 128, 0.05
3000, 21741.594608, 285.534727, 128, 0.05
3000, 21241.077229, 267.601929, 128, 0.05
100, 4535.630339, 47.390343, 128, 0.5
100, 4146.092481, 50.557531, 128, 0.5
100, 3962.060276, 54.526139, 128, 0.5
100, 4425.505711, 50.77995, 128, 0.5
100, 4212.128902, 47.246453, 128, 0.5
200, 7237.503967, 56.726419, 128, 0.5
200, 8001.037991, 48.683064, 128, 0.5
200, 6838.172833, 63.730335, 128, 0.5
200, 6647.222513, 58.748466, 128, 0.5
200, 6533.637495, 62.170359, 128, 0.5
300, 8989.855490, 65.114919, 128, 0.5
300, 9556.822155, 58.873877, 128, 0.5
300, 8272.918088, 71.45969, 128, 0.5
300, 8581.095497, 68.488235, 128, 0.5
300, 8741.014749, 70.731704, 128, 0.5
400, 11243.726202, 68.929717, 128, 0.5
400, 10059.745897, 68.875738, 128, 0.5
400, 10935.379035, 66.678304, 128, 0.5
400, 10622.857729, 72.291247, 128, 0.5
400, 10875.671162, 72.226797, 128, 0.5
500, 11370.793270, 79.403571, 128, 0.5
500, 12547.392474, 70.483063, 128, 0.5
500, 11823.839379, 76.560763, 128, 0.5
500, 12093.437395, 72.27693, 128, 0.5
500, 11625.749157, 78.273711, 128, 0.5
600, 13594.071282, 98.833432, 128, 0.5
600, 13638.807283, 70.783349, 128, 0.5
600, 10243.866049, 116.081928, 128, 0.5
600, 12918.198115, 84.034768, 128, 0.5
600, 13230.075225, 73.55649, 128, 0.5
700, 14690.091541, 82.228041, 128, 0.5
700, 16768.007867, 70.37342, 128, 0.5
700, 17265.716230, 66.788362, 128, 0.5
700, 14100.210606, 90.287275, 128, 0.5
700, 13877.233689, 89.042163, 128, 0.5
800, 17563.675172, 83.017009, 128, 0.5
800, 17312.133163, 73.661192, 128, 0.5
800, 14444.250959, 122.795364, 128, 0.5
800, 16666.004471, 79.209314, 128, 0.5
800, 17698.491556, 76.282991, 128, 0.5
900, 16526.183912, 80.097701, 128, 0.5
900, 14964.649980, 91.343394, 128, 0.5
900, 14837.306787, 89.056026, 128, 0.5
900, 16587.794881, 96.400113, 128, 0.5
900, 15511.763184, 94.45615, 128, 0.5
1000, 17546.850340, 96.869534, 128, 0.5
1000, 15286.376942, 109.830923, 128, 0.5
1000, 16164.615217, 92.319058, 128, 0.5
1000, 16357.996266, 96.061937, 128, 0.5
1000, 20081.815445, 79.751912, 128, 0.5
1100, 18102.246040, 103.481376, 128, 0.5
1100, 17434.647397, 105.18113, 128, 0.5
1100, 19650.958921, 117.55358, 128, 0.5
1100, 18537.680404, 96.784397, 128, 0.5
1100, 21733.198217, 76.931594, 128, 0.5
1200, 18783.449226, 102.710978, 128, 0.5
1200, 20208.867130, 97.160654, 128, 0.5
1200, 17075.825852, 134.744428, 128, 0.5
1200, 18162.785630, 117.369008, 128, 0.5
1200, 21018.217853, 84.309008, 128, 0.5
1300, 20874.121279, 103.587349, 128, 0.5
1300, 18815.046367, 102.948799, 128, 0.5
1300, 12124.903662, 363.740826, 128, 0.5
1300, 21399.273500, 82.972908, 128, 0.5
1300, 20085.793171, 101.396153, 128, 0.5
1400, 21163.100916, 101.013872, 128, 0.5
1400, 17695.779030, 115.209403, 128, 0.5
1400, 22662.414853, 84.80774, 128, 0.5
1400, 18810.451642, 110.160992, 128, 0.5
1400, 20295.537323, 101.445567, 128, 0.5
1500, 21365.769420, 104.316648, 128, 0.5
1500, 18340.834955, 132.330705, 128, 0.5
1500, 17218.126083, 216.870376, 128, 0.5
1500, 20420.406591, 121.129817, 128, 0.5
1500, 21274.550310, 102.045749, 128, 0.5
1600, 15446.430168, 200.688573, 128, 0.5
1600, 20703.526021, 115.374461, 128, 0.5
1600, 16077.443864, 223.377629, 128, 0.5
1600, 18670.105496, 124.106493, 128, 0.5
1600, 19217.205801, 135.349973, 128, 0.5
1700, 21225.494869, 134.77163, 128, 0.5
1700, 23739.461818, 100.719339, 128, 0.5
1700, 19328.326954, 155.061412, 128, 0.5
1700, 19983.195771, 128.900866, 128, 0.5
1700, 21410.116107, 117.457548, 128, 0.5
1800, 21070.831321, 152.708423, 128, 0.5
1800, 20731.806309, 146.148306, 128, 0.5
1800, 17639.419440, 166.581391, 128, 0.5
1800, 18617.555467, 187.593032, 128, 0.5
1800, 22830.951294, 110.011623, 128, 0.5
1900, 22331.552441, 116.194978, 128, 0.5
1900, 22614.069420, 119.097825, 128, 0.5
1900, 19889.875250, 140.621291, 128, 0.5
1900, 20542.042210, 173.977512, 128, 0.5
1900, 20189.892236, 160.886649, 128, 0.5
2000, 20595.431598, 161.462428, 128, 0.5
2000, 18777.729637, 171.484164, 128, 0.5
2000, 20284.680603, 171.817581, 128, 0.5
2000, 20523.672842, 147.308201, 128, 0.5
2000, 19576.043390, 145.263531, 128, 0.5
2100, 21166.719484, 157.181862, 128, 0.5
2100, 21585.140727, 128.259417, 128, 0.5
2100, 19400.609178, 183.90735, 128, 0.5
2100, 20646.808602, 132.788693, 128, 0.5
2100, 20378.601774, 127.534505, 128, 0.5
2200, 21314.566284, 166.006908, 128, 0.5
2200, 20590.646313, 176.8363, 128, 0.5
2200, 19344.316387, 158.54704, 128, 0.5
2200, 23262.372644, 117.839269, 128, 0.5
2200, 20971.938403, 180.515275, 128, 0.5
2300, 22523.841791, 149.564658, 128, 0.5
2300, 21051.029042, 159.029336, 128, 0.5
2300, 24161.843353, 129.584284, 128, 0.5
2300, 21346.746513, 164.518026, 128, 0.5
2300, 18576.288816, 176.599138, 128, 0.5
2400, 21998.411943, 151.033458, 128, 0.5
2400, 20301.916953, 177.382816, 128, 0.5
2400, 22640.547493, 166.117771, 128, 0.5
2400, 20949.561632, 190.664447, 128, 0.5
2400, 22550.239713, 144.448864, 128, 0.5
2500, 23565.483145, 178.057311, 128, 0.5
2500, 23345.902098, 157.702679, 128, 0.5
2500, 18118.350063, 230.571621, 128, 0.5
2500, 19503.296405, 160.36253, 128, 0.5
2500, 23123.391934, 143.397482, 128, 0.5
2600, 21742.758309, 175.821779, 128, 0.5
2600, 23810.600786, 141.410993, 128, 0.5
2600, 19914.283983, 220.398041, 128, 0.5
2600, 21977.690815, 172.935375, 128, 0.5
2600, 19281.115226, 206.914886, 128, 0.5
2700, 19096.290400, 179.453439, 128, 0.5
2700, 22215.358812, 153.111855, 128, 0.5
2700, 20040.907942, 191.351512, 128, 0.5
2700, 19562.423601, 193.476775, 128, 0.5
2700, 19994.098862, 197.61065, 128, 0.5
2800, 20641.735029, 214.84771, 128, 0.5
2800, 22253.257753, 172.874545, 128, 0.5
2800, 19440.590061, 245.796284, 128, 0.5
2800, 23617.250711, 139.426115, 128, 0.5
2800, 18942.203592, 203.709416, 128, 0.5
2900, 20812.300856, 183.218502, 128, 0.5
2900, 21593.054314, 203.323182, 128, 0.5
2900, 22378.567648, 186.777768, 128, 0.5
2900, 23462.844418, 172.751072, 128, 0.5
2900, 18203.192503, 259.036654, 128, 0.5
3000, 18539.610793, 265.562013, 128, 0.5
3000, 23246.437044, 152.736882, 128, 0.5
3000, 20751.151123, 203.727676, 128, 0.5
3000, 19482.603955, 204.24239, 128, 0.5
3000, 19922.900566, 249.643902, 128, 0.5
100, 2351.292504, 60.831678, 128, 0.95
100, 2419.444358, 58.644229, 128, 0.95
100, 2607.249767, 57.83208, 128, 0.95
100, 2982.326958, 47.014652, 128, 0.95
100, 2924.233007, 45.565123, 128, 0.95
200, 4443.039853, 62.963869, 128, 0.95
200, 4328.377932, 65.965427, 128, 0.95
200, 4359.427602, 61.915188, 128, 0.95
200, 4270.956526, 62.126602, 128, 0.95
200, 4028.790924, 68.181211, 128, 0.95
300, 6007.169348, 66.733443, 128, 0.95
300, 5343.907418, 71.107043, 128, 0.95
300, 5023.845997, 79.268822, 128, 0.95
300, 5071.173252, 80.326519, 128, 0.95
300, 5385.218034, 71.332656, 128, 0.95
400, 6595.578923, 79.207577, 128, 0.95
400, 5636.843089, 140.924474, 128, 0.95
400, 7350.630095, 73.806945, 128, 0.95
400, 7209.875422, 75.838888, 128, 0.95
400, 7028.365061, 74.484495, 128, 0.95
500, 8000.914108, 78.809209, 128, 0.95
500, 7601.455257, 86.356289, 128, 0.95
500, 7727.514510, 83.746418, 128, 0.95
500, 7718.663705, 82.690128, 128, 0.95
500, 8231.464461, 78.123765, 128, 0.95
600, 9243.781531, 87.157812, 128, 0.95
600, 9240.159098, 78.806065, 128, 0.95
600, 7824.610155, 102.777599, 128, 0.95
600, 9017.182996, 90.542366, 128, 0.95
600, 9503.972615, 80.296939, 128, 0.95
700, 10361.891603, 82.312771, 128, 0.95
700, 10969.376709, 72.935878, 128, 0.95
700, 9810.580288, 95.440929, 128, 0.95
700, 9997.107877, 91.336755, 128, 0.95
700, 9410.467337, 93.241185, 128, 0.95
800, 12038.204165, 79.571865, 128, 0.95
800, 11462.360752, 95.379152, 128, 0.95
800, 11023.199807, 87.166169, 128, 0.95
800, 11849.904086, 79.09649, 128, 0.95
800, 11158.366558, 85.690011, 128, 0.95
900, 12171.125153, 100.441769, 128, 0.95
900, 12024.860572, 104.75428, 128, 0.95
900, 12878.707854, 92.120327, 128, 0.95
900, 4196.055263, 107.835452, 128, 0.95
900, 11617.265278, 102.155919, 128, 0.95
1000, 12157.396689, 119.754005, 128, 0.95
1000, 12199.917858, 103.390822, 128, 0.95
1000, 11357.938434, 115.264914, 128, 0.95
1000, 12735.427138, 102.925142, 128, 0.95
1000, 12420.240291, 98.48159, 128, 0.95
1100, 12767.575213, 105.80381, 128, 0.95
1100, 15049.216642, 108.149407, 128, 0.95
1100, 13125.612690, 130.941241, 128, 0.95
1100, 14103.347724, 95.974139, 128, 0.95
1100, 14490.653151, 93.11025, 128, 0.95
1200, 13456.118549, 118.746949, 128, 0.95
1200, 11285.309659, 192.682298, 128, 0.95
1200, 15436.917466, 97.355533, 128, 0.95
1200, 13834.077697, 126.809778, 128, 0.95
1200, 13529.288042, 112.200841, 128, 0.95
1300, 14247.004462, 147.238674, 128, 0.95
1300, 15831.584140, 117.215793, 128, 0.95
1300, 14578.925957, 112.5399, 128, 0.95
1300, 14341.753725, 113.173509, 128, 0.95
1300, 13368.474686, 117.05291, 128, 0.95
1400, 14262.711161, 110.267686, 128, 0.95
1400, 13251.133443, 133.037879, 128, 0.95
1400, 14084.200959, 174.688484, 128, 0.95
1400, 13755.318291, 164.430564, 128, 0.95
1400, 12786.013860, 139.973969, 128, 0.95
1500, 14679.201587, 120.80321, 128, 0.95
1500, 14845.522481, 122.893865, 128, 0.95
1500, 15717.357674, 105.347208, 128, 0.95
1500, 13960.132603, 150.57006, 128, 0.95
1500, 15575.795672, 123.971022, 128, 0.95
1600, 17337.296919, 119.016781, 128, 0.95
1600, 18743.356183, 98.156493, 128, 0.95
1600, 17932.370368, 108.980593, 128, 0.95
1600, 15404.469542, 128.335572, 128, 0.95
1600, 17797.222026, 126.737077, 128, 0.95
1700, 16907.924546, 131.381927, 128, 0.95
1700, 17798.513663, 140.267963, 128, 0.95
1700, 15952.383157, 156.756654, 128, 0.95
1700, 17820.680123, 124.760417, 128, 0.95
1700, 15860.309021, 174.120498, 128, 0.95
1800, 15293.236041, 153.473134, 128, 0.95
1800, 18240.273583, 109.685926, 128, 0.95
1800, 14971.303507, 173.031681, 128, 0.95
1800, 17748.679630, 154.367653, 128, 0.95
1800, 18964.243096, 106.285031, 128, 0.95
1900, 17979.692829, 115.409959, 128, 0.95
1900, 16182.336116, 135.210993, 128, 0.95
1900, 17384.049938, 117.483961, 128, 0.95
1900, 10400.709086, 392.576675, 128, 0.95
1900, 16196.019334, 202.205524, 128, 0.95
2000, 19388.509408, 109.684938, 128, 0.95
2000, 15690.022345, 182.649106, 128, 0.95
2000, 17046.585974, 171.896329, 128, 0.95
2000, 14866.840232, 231.62823, 128, 0.95
2000, 15650.807546, 181.771451, 128, 0.95
2100, 17835.148616, 128.37737, 128, 0.95
2100, 18525.510218, 144.232819, 128, 0.95
2100, 18693.698902, 131.29742, 128, 0.95
2100, 17580.591674, 144.911122, 128, 0.95
2100, 19629.179632, 118.465456, 128, 0.95
2200, 18937.380695, 158.08996, 128, 0.95
2200, 16369.616190, 209.594641, 128, 0.95
2200, 8140.198979, 868.978928, 128, 0.95
2200, 18934.273223, 128.597154, 128, 0.95
2200, 20441.350758, 121.022031, 128, 0.95
2300, 20559.443130, 115.617352, 128, 0.95
2300, 12650.618661, 382.317101, 128, 0.95
2300, 17608.410134, 143.028214, 128, 0.95
2300, 15357.417681, 202.274883, 128, 0.95
2300, 16093.232162, 189.120232, 128, 0.95
2400, 17031.234113, 162.775541, 128, 0.95
2400, 17110.418322, 152.799057, 128, 0.95
2400, 2689.604781, 369.801585, 128, 0.95
2400, 17325.126493, 176.118046, 128, 0.95
2400, 16469.193244, 167.828842, 128, 0.95
2500, 17935.389935, 182.238244, 128, 0.95
2500, 18865.239257, 146.219516, 128, 0.95
2500, 16439.230164, 216.55344, 128, 0.95
2500, 17476.186031, 167.375035, 128, 0.95
2500, 17976.516622, 138.397025, 128, 0.95
2600, 16603.864762, 232.954637, 128, 0.95
2600, 18810.378611, 177.585151, 128, 0.95
2600, 18826.671136, 155.195292, 128, 0.95
2600, 19536.323301, 185.353896, 128, 0.95
2600, 19730.188255, 175.450322, 128, 0.95
2700, 16505.116076, 245.717017, 128, 0.95
2700, 17399.353864, 227.039647, 128, 0.95
2700, 17610.375117, 204.319993, 128, 0.95
2700, 21075.484992, 135.547721, 128, 0.95
2700, 20230.842736, 193.327552, 128, 0.95
2800, 22342.294729, 133.302178, 128, 0.95
2800, 18547.847543, 162.553261, 128, 0.95
2800, 19623.892981, 207.051319, 128, 0.95
2800, 17209.066854, 196.714944, 128, 0.95
2800, 17116.135237, 228.627873, 128, 0.95
2900, 20968.709154, 170.892876, 128, 0.95
2900, 17276.941750, 185.890202, 128, 0.95
2900, 20415.062807, 170.745954, 128, 0.95
2900, 21240.885748, 142.513938, 128, 0.95
2900, 19581.592017, 228.979014, 128, 0.95
3000, 17232.664455, 237.978348, 128, 0.95
3000, 18947.937629, 216.667677, 128, 0.95
3000, 20321.198572, 214.347571, 128, 0.95
3000, 308.708741, 7004.653697, 128, 0.95
3000, 405.118803, 7099.221533, 128, 0.95
100, 266.387493, 5.928138, 1024, 0.05
100, 14591.177693, 5.136689, 1024, 0.05
100, 16033.627108, 5.372973, 1024, 0.05
100, 18853.559006, 4.765103, 1024, 0.05
100, 18722.422971, 4.975755, 1024, 0.05
200, 21668.230383, 13.068412, 1024, 0.05
200, 20997.153342, 8.743514, 1024, 0.05
200, 24045.767521, 15.111034, 1024, 0.05
200, 20049.609310, 11.01125, 1024, 0.05
200, 22200.385528, 9.920989, 1024, 0.05
300, 20732.342852, 19.442904, 1024, 0.05
300, 22567.693795, 22.509334, 1024, 0.05
300, 29182.705530, 12.431999, 1024, 0.05
300, 26247.834383, 15.35172, 1024, 0.05
300, 24145.305852, 18.609946, 1024, 0.05
400, 25669.848603, 41.118534, 1024, 0.05
400, 24715.029225, 17.005395, 1024, 0.05
400, 27032.650841, 28.771917, 1024, 0.05
400, 27932.957227, 37.719895, 1024, 0.05
400, 24510.645814, 27.460814, 1024, 0.05
500, 27694.969051, 33.160305, 1024, 0.05
500, 25177.176956, 30.32414, 1024, 0.05
500, 22490.779624, 60.09114, 1024, 0.05
500, 27635.832924, 25.810793, 1024, 0.05
500, 30889.001113, 28.697731, 1024, 0.05
600, 26852.257080, 30.493932, 1024, 0.05
600, 25800.691301, 43.724307, 1024, 0.05
600, 25727.873707, 45.648781, 1024, 0.05
600, 24890.341556, 42.630129, 1024, 0.05
600, 27884.137249, 42.377237, 1024, 0.05
700, 24078.363670, 65.926487, 1024, 0.05
700, 30779.930820, 43.159768, 1024, 0.05
700, 28427.234349, 35.215407, 1024, 0.05
700, 29714.887055, 40.777317, 1024, 0.05
700, 27140.484595, 33.961408, 1024, 0.05
800, 30831.710424, 44.474055, 1024, 0.05
800, 30166.486638, 47.526461, 1024, 0.05
800, 27079.394551, 41.177903, 1024, 0.05
800, 27173.356064, 46.324259, 1024, 0.05
800, 27730.828407, 46.877345, 1024, 0.05
900, 28878.237818, 42.849461, 1024, 0.05
900, 31632.810386, 49.776839, 1024, 0.05
900, 29956.991915, 47.884937, 1024, 0.05
900, 27812.826807, 43.665975, 1024, 0.05
900, 25027.736426, 60.795833, 1024, 0.05
1000, 24205.312657, 79.818186, 1024, 0.05
1000, 28774.940903, 65.998465, 1024, 0.05
1000, 27069.323723, 79.367063, 1024, 0.05
1000, 26648.485506, 84.065195, 1024, 0.05
1000, 30873.128631, 58.905709, 1024, 0.05
1100, 27378.407053, 67.154965, 1024, 0.05
1100, 30359.585335, 65.995795, 1024, 0.05
1100, 25844.586017, 69.198353, 1024, 0.05
1100, 30100.842760, 85.111126, 1024, 0.05
1100, 28597.947121, 76.876447, 1024, 0.05
1200, 25800.310140, 90.5435, 1024, 0.05
1200, 27170.025736, 89.354394, 1024, 0.05
1200, 28437.271033, 82.271033, 1024, 0.05
1200, 27076.315434, 75.258728, 1024, 0.05
1200, 25491.003114, 72.392246, 1024, 0.05
1300, 30732.419666, 75.183578, 1024, 0.05
1300, 27607.288965, 86.264701, 1024, 0.05
1300, 28090.450002, 77.061457, 1024, 0.05
1300, 30481.993505, 76.921274, 1024, 0.05
1300, 28457.255461, 89.088626, 1024, 0.05
1400, 31824.055845, 87.846262, 1024, 0.05
1400, 32634.534080, 73.541003, 1024, 0.05
1400, 33017.240361, 78.351597, 1024, 0.05
1400, 25387.047563, 103.869797, 1024, 0.05
1400, 30645.133161, 79.639603, 1024, 0.05
1500, 28399.128705, 98.491333, 1024, 0.05
1500, 25824.145985, 120.297355, 1024, 0.05
1500, 28207.557606, 99.582252, 1024, 0.05
1500, 27628.183978, 94.831188, 1024, 0.05
1500, 23312.060317, 130.828046, 1024, 0.05
1600, 27614.082494, 94.60013, 1024, 0.05
1600, 27008.101137, 112.289453, 1024, 0.05
1600, 28714.263244, 107.645963, 1024, 0.05
1600, 28068.516146, 93.118512, 1024, 0.05
1600, 29572.612144, 88.054882, 1024, 0.05
1700, 28485.661581, 83.318843, 1024, 0.05
1700, 27476.931330, 94.133234, 1024, 0.05
1700, 28512.717221, 111.107456, 1024, 0.05
1700, 24296.738910, 120.645946, 1024, 0.05
1700, 20022.813112, 191.793779, 1024, 0.05
1800, 28418.374029, 90.986396, 1024, 0.05
1800, 29409.325289, 99.093226, 1024, 0.05
1800, 26836.669237, 103.502171, 1024, 0.05
1800, 27110.935152, 141.222377, 1024, 0.05
1800, 30966.245551, 75.356321, 1024, 0.05
1900, 25978.037118, 125.821089, 1024, 0.05
1900, 30058.058673, 88.574919, 1024, 0.05
1900, 29143.008142, 79.25223, 1024, 0.05
1900, 27752.939822, 105.803388, 1024, 0.05
1900, 29033.377311, 94.864299, 1024, 0.05
2000, 29457.675099, 97.605244, 1024, 0.05
2000, 28026.078243, 93.128873, 1024, 0.05
2000, 29482.628023, 93.45721, 1024, 0.05
2000, 24315.996431, 173.702321, 1024, 0.05
2000, 26645.397103, 117.616604, 1024, 0.05
2100, 31138.816714, 87.096262, 1024, 0.05
2100, 32405.495723, 77.720249, 1024, 0.05
2100, 27119.125851, 120.098848, 1024, 0.05
2100, 28316.589300, 129.976751, 1024, 0.05
2100, 25972.659272, 140.755455, 1024, 0.05
2200, 26232.130928, 116.690515, 1024, 0.05
2200, 30125.392094, 94.28328, 1024, 0.05
2200, 28763.793095, 110.018716, 1024, 0.05
2200, 28569.805235, 117.328176, 1024, 0.05
2200, 24185.792959, 123.564817, 1024, 0.05
2300, 25682.605318, 153.658222, 1024, 0.05
2300, 31327.001378, 81.278099, 1024, 0.05
2300, 29849.001572, 109.083269, 1024, 0.05
2300, 31774.414974, 101.916348, 1024, 0.05
2300, 26933.372920, 158.684801, 1024, 0.05
2400, 19981.530352, 186.821129, 1024, 0.05
2400, 25103.109453, 202.211655, 1024, 0.05
2400, 28999.902714, 118.210965, 1024, 0.05
2400, 31091.844435, 99.190041, 1024, 0.05
2400, 30578.517542, 111.695556, 1024, 0.05
2500, 28919.546706, 117.176918, 1024, 0.05
2500, 28803.680050, 89.587555, 1024, 0.05
2500, 26362.191092, 131.603577, 1024, 0.05
2500, 28683.275480, 128.632568, 1024, 0.05
2500, 25559.947979, 141.933903, 1024, 0.05
2600, 26397.075586, 167.200661, 1024, 0.05
2600, 27950.587799, 122.031543, 1024, 0.05
2600, 28761.515151, 103.699979, 1024, 0.05
2600, 30735.909355, 110.9191, 1024, 0.05
2600, 28283.042308, 100.918687, 1024, 0.05
2700, 26065.486109, 125.907495, 1024, 0.05
2700, 27689.845136, 155.663492, 1024, 0.05
2700, 30100.985012, 105.007724, 1024, 0.05
2700, 27625.965882, 123.86989, 1024, 0.05
2700, 28601.046099, 126.645634, 1024, 0.05
2800, 27901.497357, 143.448995, 1024, 0.05
2800, 27709.275369, 159.134984, 1024, 0.05
2800, 27825.306725, 98.925482, 1024, 0.05
2800, 29286.570817, 117.129724, 1024, 0.05
2800, 27079.152639, 149.603389, 1024, 0.05
2900, 29373.929530, 128.646167, 1024, 0.05
2900, 30609.749735, 107.535646, 1024, 0.05
2900, 24269.256803, 190.648723, 1024, 0.05
2900, 31949.666955, 116.024117, 1024, 0.05
2900, 29027.128952, 99.939597, 1024, 0.05
3000, 26074.996692, 166.086076, 1024, 0.05
3000, 24788.176173, 194.931558, 1024, 0.05
3000, 28447.257916, 142.956513, 1024, 0.05
3000, 28730.937318, 157.608341, 1024, 0.05
3000, 28958.117903, 120.048569, 1024, 0.05
100, 4079.146120, 54.646728, 1024, 0.5
100, 3655.300735, 60.158995, 1024, 0.5
100, 3682.119859, 62.952839, 1024, 0.5
100, 3715.860322, 60.089535, 1024, 0.5
100, 3633.850608, 64.002762, 1024, 0.5
200, 5836.042393, 73.659282, 1024, 0.5
200, 5591.947008, 78.713711, 1024, 0.5
200, 4305.336902, 102.213532, 1024, 0.5
200, 5210.852194, 81.836063, 1024, 0.5
200, 5476.293068, 79.861316, 1024, 0.5
300, 7477.457447, 85.12694, 1024, 0.5
300, 6206.915630, 96.215522, 1024, 0.5
300, 8199.241079, 79.020152, 1024, 0.5
300, 7032.322643, 80.625719, 1024, 0.5
300, 7397.101338, 82.616249, 1024, 0.5
400, 8132.314911, 100.087912, 1024, 0.5
400, 7032.371979, 118.738543, 1024, 0.5
400, 7975.430258, 96.207155, 1024, 0.5
400, 8944.200013, 84.686766, 1024, 0.5
400, 8828.910607, 89.349556, 1024, 0.5
500, 9626.366532, 101.597964, 1024, 0.5
500, 9662.915400, 96.825783, 1024, 0.5
500, 8305.117637, 116.884466, 1024, 0.5
500, 9422.475511, 94.311579, 1024, 0.5
500, 10899.040393, 86.655578, 1024, 0.5
600, 9914.151695, 115.315786, 1024, 0.5
600, 8445.063779, 153.019081, 1024, 0.5
600, 9283.965930, 116.515726, 1024, 0.5
600, 10290.496116, 108.499927, 1024, 0.5
600, 10419.654524, 116.664112, 1024, 0.5
700, 10738.846722, 127.656889, 1024, 0.5
700, 10558.102301, 124.242115, 1024, 0.5
700, 10376.166866, 126.169735, 1024, 0.5
700, 11378.204927, 117.483345, 1024, 0.5
700, 10967.360191, 130.590797, 1024, 0.5
800, 9416.192576, 150.846635, 1024, 0.5
800, 12309.576483, 118.081947, 1024, 0.5
800, 12586.902952, 108.955787, 1024, 0.5
800, 12482.874713, 122.6297, 1024, 0.5
800, 6756.164259, 219.528888, 1024, 0.5
900, 10979.692813, 149.365969, 1024, 0.5
900, 12231.640244, 131.713028, 1024, 0.5
900, 11620.679158, 143.543962, 1024, 0.5
900, 11798.881203, 136.432281, 1024, 0.5
900, 12555.835707, 136.80688, 1024, 0.5
1000, 12842.392949, 143.644534, 1024, 0.5
1000, 12165.611175, 144.488435, 1024, 0.5
1000, 14228.946582, 122.440694, 1024, 0.5
1000, 12627.562755, 140.726305, 1024, 0.5
1000, 12137.103930, 142.767769, 1024, 0.5
1100, 12357.645500, 142.71967, 1024, 0.5
1100, 12460.568888, 168.046545, 1024, 0.5
1100, 14604.288756, 132.282791, 1024, 0.5
1100, 13042.604429, 146.458257, 1024, 0.5
1100, 13733.525407, 128.148142, 1024, 0.5
1200, 10578.022365, 309.927863, 1024, 0.5
1200, 13733.162758, 144.883136, 1024, 0.5
1200, 14279.138559, 140.22612, 1024, 0.5
1200, 15742.505480, 125.308874, 1024, 0.5
1200, 14418.104098, 137.802217, 1024, 0.5
1300, 12109.903218, 263.859309, 1024, 0.5
1300, 14369.428689, 150.523653, 1024, 0.5
1300, 15370.632437, 126.793809, 1024, 0.5
1300, 13769.892955, 157.61839, 1024, 0.5
1300, 14975.447118, 131.679338, 1024, 0.5
1400, 14008.287594, 186.229286, 1024, 0.5
1400, 14629.212971, 151.219615, 1024, 0.5
1400, 11954.423369, 174.762757, 1024, 0.5
1400, 13849.541054, 152.148897, 1024, 0.5
1400, 14420.514516, 159.120918, 1024, 0.5
1500, 14266.234151, 159.819668, 1024, 0.5
1500, 15562.132220, 147.533289, 1024, 0.5
1500, 14465.604116, 156.113878, 1024, 0.5
1500, 13106.634036, 214.865992, 1024, 0.5
1500, 14087.306825, 168.300926, 1024, 0.5
1600, 13953.396195, 183.756031, 1024, 0.5
1600, 15386.976102, 166.369138, 1024, 0.5
1600, 17447.961581, 142.394445, 1024, 0.5
1600, 14926.580405, 172.749478, 1024, 0.5
1600, 15450.590022, 139.838365, 1024, 0.5
1700, 14327.206900, 174.982166, 1024, 0.5
1700, 14318.956254, 158.628819, 1024, 0.5
1700, 15625.769325, 163.386765, 1024, 0.5
1700, 13126.469089, 176.250385, 1024, 0.5
1700, 13695.712669, 192.251806, 1024, 0.5
1800, 14881.335487, 150.682317, 1024, 0.5
1800, 15429.900052, 156.552261, 1024, 0.5
1800, 16442.894520, 152.456013, 1024, 0.5
1800, 17346.142203, 143.962654, 1024, 0.5
1800, 15534.900635, 175.517627, 1024, 0.5
1900, 16285.169950, 165.393269, 1024, 0.5
1900, 15603.669345, 184.232068, 1024, 0.5
1900, 16598.766480, 144.02672, 1024, 0.5
1900, 17018.779803, 163.114654, 1024, 0.5
1900, 15940.232849, 167.073636, 1024, 0.5
2000, 14568.272019, 185.047518, 1024, 0.5
2000, 16216.166560, 170.853466, 1024, 0.5
2000, 13580.173852, 221.453554, 1024, 0.5
2000, 17140.054577, 158.510885, 1024, 0.5
2000, 14958.947040, 197.819594, 1024, 0.5
2100, 14702.828727, 196.729848, 1024, 0.5
2100, 14587.876238, 223.628801, 1024, 0.5
2100, 17094.819645, 156.226567, 1024, 0.5
2100, 16574.509136, 171.00805, 1024, 0.5
2100, 16695.060373, 174.549119, 1024, 0.5
2200, 15430.538686, 201.607944, 1024, 0.5
2200, 16029.322607, 203.598881, 1024, 0.5
2200, 15983.686078, 188.746372, 1024, 0.5
2200, 18734.076866, 156.827087, 1024, 0.5
2200, 16963.606541, 163.579371, 1024, 0.5
2300, 15311.035213, 229.984393, 1024, 0.5
2300, 15275.858347, 203.321956, 1024, 0.5
2300, 14164.080106, 272.322576, 1024, 0.5
2300, 17629.807652, 171.04338, 1024, 0.5
2300, 18347.700072, 182.908443, 1024, 0.5
2400, 14951.312389, 218.550656, 1024, 0.5
2400, 15213.674213, 197.946545, 1024, 0.5
2400, 15668.639094, 180.20808, 1024, 0.5
2400, 17864.683061, 152.413851, 1024, 0.5
2400, 17716.055419, 146.675834, 1024, 0.5
2500, 18412.089176, 190.567085, 1024, 0.5
2500, 19169.560162, 144.875696, 1024, 0.5
2500, 16332.228627, 215.097428, 1024, 0.5
2500, 15097.361830, 223.734174, 1024, 0.5
2500, 16738.110530, 194.717738, 1024, 0.5
2600, 15903.796561, 210.482951, 1024, 0.5
2600, 16073.204729, 206.16025, 1024, 0.5
2600, 16471.744218, 261.046241, 1024, 0.5
2600, 16301.868693, 196.314248, 1024, 0.5
2600, 18545.535827, 176.041444, 1024, 0.5
2700, 18018.664482, 186.42789, 1024, 0.5
2700, 19765.071334, 150.606348, 1024, 0.5
2700, 18601.234834, 211.248033, 1024, 0.5
2700, 19248.562639, 191.916449, 1024, 0.5
2700, 16616.287192, 217.791479, 1024, 0.5
2800, 17313.743684, 224.577256, 1024, 0.5
2800, 15045.333146, 249.09139, 1024, 0.5
2800, 15468.851707, 217.761155, 1024, 0.5
2800, 17646.234153, 206.260321, 1024, 0.5
2800, 16781.648424, 233.73953, 1024, 0.5
2900, 18714.327953, 166.470183, 1024, 0.5
2900, 15775.021614, 238.682346, 1024, 0.5
2900, 15258.382830, 234.035258, 1024, 0.5
2900, 17648.547209, 192.248755, 1024, 0.5
2900, 15912.810756, 251.784627, 1024, 0.5
3000, 15991.538787, 236.613959, 1024, 0.5
3000, 16158.865276, 280.450845, 1024, 0.5
3000, 13925.757913, 331.713572, 1024, 0.5
3000, 16382.661301, 264.082091, 1024, 0.5
3000, 16413.260047, 241.649197, 1024, 0.5
100, 2265.353823, 62.358127, 1024, 0.95
100, 2091.452460, 68.231179, 1024, 0.95
100, 1931.727588, 75.260104, 1024, 0.95
100, 1973.679342, 70.92771, 1024, 0.95
100, 1994.656322, 68.375125, 1024, 0.95
200, 3260.638836, 87.611467, 1024, 0.95
200, 3090.931117, 88.687108, 1024, 0.95
200, 3261.049551, 85.627683, 1024, 0.95
200, 2704.532068, 86.742486, 1024, 0.95
200, 3264.437298, 82.506839, 1024, 0.95
300, 4110.907604, 97.900212, 1024, 0.95
300, 4041.690698, 105.355306, 1024, 0.95
300, 4521.657001, 84.017066, 1024, 0.95
300, 4544.917869, 93.302586, 1024, 0.95
300, 4585.680664, 85.913284, 1024, 0.95
400, 5927.943088, 93.692751, 1024, 0.95
400, 5046.948476, 118.369143, 1024, 0.95
400, 5613.529027, 90.983914, 1024, 0.95
400, 4903.662730, 109.594485, 1024, 0.95
400, 5393.005164, 95.618352, 1024, 0.95
500, 6124.462940, 113.845036, 1024, 0.95
500, 5692.226839, 120.165739, 1024, 0.95
500, 6083.210567, 110.589812, 1024, 0.95
500, 6319.317838, 109.668446, 1024, 0.95
500, 5814.296654, 117.617117, 1024, 0.95
600, 6011.730430, 146.806164, 1024, 0.95
600, 5948.867321, 132.531046, 1024, 0.95
600, 5424.139745, 167.256824, 1024, 0.95
600, 5996.281909, 130.060755, 1024, 0.95
600, 6436.242533, 137.726444, 1024, 0.95
700, 6903.983767, 135.519776, 1024, 0.95
700, 7587.773505, 125.339223, 1024, 0.95
700, 6491.665487, 138.365413, 1024, 0.95
700, 6843.002942, 140.848307, 1024, 0.95
700, 6307.944367, 149.900852, 1024, 0.95
800, 6936.610699, 146.444345, 1024, 0.95
800, 7341.712416, 158.991407, 1024, 0.95
800, 7307.012327, 137.219847, 1024, 0.95
800, 7282.061424, 178.41742, 1024, 0.95
800, 7720.073692, 126.763249, 1024, 0.95
900, 7970.843719, 145.950662, 1024, 0.95
900, 7485.436709, 142.762168, 1024, 0.95
900, 7869.829625, 140.011544, 1024, 0.95
900, 8707.297200, 136.902517, 1024, 0.95
900, 7372.212981, 155.491826, 1024, 0.95
1000, 8266.789672, 148.376347, 1024, 0.95
1000, 7825.961614, 169.602645, 1024, 0.95
1000, 7816.246950, 148.787418, 1024, 0.95
1000, 7485.339035, 311.186954, 1024, 0.95
1000, 9839.604586, 126.430662, 1024, 0.95
1100, 10011.033661, 137.809875, 1024, 0.95
1100, 8351.311208, 166.081058, 1024, 0.95
1100, 2070.488475, 3579.53688, 1024, 0.95
1100, 8697.399890, 148.210023, 1024, 0.95
1100, 7440.154725, 298.160524, 1024, 0.95
1200, 8628.656456, 163.833927, 1024, 0.95
1200, 7141.263524, 379.355505, 1024, 0.95
1200, 7750.485171, 194.896227, 1024, 0.95
1200, 9317.877639, 145.835148, 1024, 0.95
1200, 8304.893192, 173.534892, 1024, 0.95
1300, 9794.230063, 185.102833, 1024, 0.95
1300, 10293.326920, 152.225538, 1024, 0.95
1300, 9878.814469, 153.891078, 1024, 0.95
1300, 9451.344678, 150.11202, 1024, 0.95
1300, 8281.307846, 211.782703, 1024, 0.95
1400, 9467.672089, 164.193765, 1024, 0.95
1400, 10110.740780, 165.135511, 1024, 0.95
1400, 9553.297049, 195.09093, 1024, 0.95
1400, 8802.270959, 175.30784, 1024, 0.95
1400, 9041.382330, 216.505415, 1024, 0.95
1500, 9402.430513, 176.496988, 1024, 0.95
1500, 9838.076351, 184.093149, 1024, 0.95
1500, 8414.762053, 223.616593, 1024, 0.95
1500, 9724.337599, 187.746489, 1024, 0.95
1500, 10105.204608, 176.224483, 1024, 0.95
1600, 10501.042334, 161.589393, 1024, 0.95
1600, 10227.369489, 188.657264, 1024, 0.95
1600, 9131.513645, 236.707681, 1024, 0.95
1600, 11142.718745, 227.07443, 1024, 0.95
1600, 12285.123681, 149.827645, 1024, 0.95
1700, 11522.376863, 176.641332, 1024, 0.95
1700, 12649.673450, 155.257489, 1024, 0.95
1700, 10693.779121, 165.043548, 1024, 0.95
1700, 10757.613412, 197.88491, 1024, 0.95
1700, 11441.408637, 169.644622, 1024, 0.95
1800, 10281.136495, 217.858851, 1024, 0.95
1800, 9964.031699, 194.49687, 1024, 0.95
1800, 10812.639713, 175.47483, 1024, 0.95
1800, 9768.582429, 214.483406, 1024, 0.95
1800, 10405.219830, 198.298015, 1024, 0.95
1900, 11153.247946, 174.521778, 1024, 0.95
1900, 10838.086349, 207.597065, 1024, 0.95
1900, 9660.227904, 249.887751, 1024, 0.95
1900, 10117.867613, 213.999292, 1024, 0.95
1900, 11094.822063, 185.123322, 1024, 0.95
2000, 12532.992288, 156.560911, 1024, 0.95
2000, 11772.519317, 195.371314, 1024, 0.95
2000, 9675.661746, 249.348504, 1024, 0.95
2000, 11687.726610, 189.527371, 1024, 0.95
2000, 10493.119657, 299.929421, 1024, 0.95
2100, 13299.383554, 171.115688, 1024, 0.95
2100, 12168.720384, 178.979754, 1024, 0.95
2100, 11357.427542, 196.692032, 1024, 0.95
2100, 10827.185999, 200.21711, 1024, 0.95
2100, 11910.349092, 194.071867, 1024, 0.95
2200, 12238.669660, 211.571811, 1024, 0.95
2200, 12805.742283, 180.088855, 1024, 0.95
2200, 11585.896086, 235.091199, 1024, 0.95
2200, 10889.378240, 229.753402, 1024, 0.95
2200, 13913.599771, 178.077722, 1024, 0.95
2300, 12850.110381, 193.805073, 1024, 0.95
2300, 12977.890642, 208.793473, 1024, 0.95
2300, 9677.871617, 285.998622, 1024, 0.95
2300, 11858.502986, 217.235732, 1024, 0.95
2300, 10251.993098, 247.646389, 1024, 0.95
2400, 13315.149739, 192.965782, 1024, 0.95
2400, 6115.886873, 1015.84488, 1024, 0.95
2400, 14000.061765, 180.733144, 1024, 0.95
2400, 12173.790368, 189.6796, 1024, 0.95
2400, 10829.750640, 216.905236, 1024, 0.95
2500, 13208.545860, 196.281503, 1024, 0.95
2500, 12027.034566, 270.790616, 1024, 0.95
2500, 10853.094502, 286.08383, 1024, 0.95
2500, 12794.860323, 229.546973, 1024, 0.95
2500, 9458.938958, 286.093483, 1024, 0.95
2600, 11860.384680, 250.171755, 1024, 0.95
2600, 11852.616024, 221.87551, 1024, 0.95
2600, 12121.715503, 229.763852, 1024, 0.95
2600, 8730.517945, 385.446055, 1024, 0.95
2600, 13631.348137, 188.216518, 1024, 0.95
2700, 11394.188378, 316.206382, 1024, 0.95
2700, 13496.778038, 189.054626, 1024, 0.95
2700, 12195.774187, 189.775293, 1024, 0.95
2700, 12414.893022, 203.745421, 1024, 0.95
2700, 13078.725871, 220.259924, 1024, 0.95
2800, 10953.472916, 303.614827, 1024, 0.95
2800, 12281.909519, 200.307553, 1024, 0.95
2800, 8201.874287, 513.358715, 1024, 0.95
2800, 11584.854291, 294.932996, 1024, 0.95
2800, 11195.518216, 323.599393, 1024, 0.95
2900, 12288.103815, 200.89391, 1024, 0.95
2900, 10712.150056, 304.026027, 1024, 0.95
2900, 11625.372510, 275.866577, 1024, 0.95
2900, 14388.667649, 197.637697, 1024, 0.95
2900, 11519.723950, 286.674711, 1024, 0.95
3000, 12173.761928, 240.048422, 1024, 0.95
3000, 2802.377834, 3011.578376, 1024, 0.95
3000, 13067.869735, 213.895843, 1024, 0.95
3000, 12034.205458, 225.778736, 1024, 0.95
3000, 11847.164475, 337.642209, 1024, 0.95
10, 4697.023850, 1.714726, 16, 0.05
10, 4959.697021, 1.656465, 16, 0.05
10, 5004.423590, 1.703735, 16, 0.05
10, 4551.005187, 1.865408, 16, 0.05
10, 4691.063372, 1.683206, 16, 0.05
20, 8109.582886, 2.072682, 16, 0.05
20, 8430.408063, 1.846616, 16, 0.05
20, 8357.281730, 1.977844, 16, 0.05
20, 7688.041190, 2.159536, 16, 0.05
20, 7463.947635, 2.172732, 16, 0.05
30, 9377.781180, 2.82018, 16, 0.05
30, 9868.902097, 2.829836, 16, 0.05
30, 9315.733930, 2.398345, 16, 0.05
30, 10172.289274, 2.332474, 16, 0.05
30, 10411.699993, 2.457406, 16, 0.05
40, 11292.883816, 2.86988, 16, 0.05
40, 13077.073844, 2.509468, 16, 0.05
40, 11813.546782, 3.263663, 16, 0.05
40, 13215.867024, 2.801779, 16, 0.05
40, 11780.089571, 2.814735, 16, 0.05
50, 12062.090697, 4.114629, 16, 0.05
50, 3639.312824, 3.971767, 16, 0.05
50, 5454.041883, 4.094024, 16, 0.05
50, 5000.731102, 3.545725, 16, 0.05
50, 6459.872759, 3.08457, 16, 0.05
60, 5166.815621, 3.857989, 16, 0.05
60, 13987.733245, 4.114201, 16, 0.05
60, 6157.545512, 3.654561, 16, 0.05
60, 4731.072793, 4.801316, 16, 0.05
60, 5475.498028, 4.224901, 16, 0.05
70, 3734.304425, 4.558428, 16, 0.05
70, 5957.710053, 5.319545, 16, 0.05
70, 15087.965327, 4.69352, 16, 0.05
70, 4706.025210, 4.792989, 16, 0.05
70, 15943.923334, 4.211536, 16, 0.05
80, 19376.628854, 4.108308, 16, 0.05
80, 17186.740647, 4.674514, 16, 0.05
80, 17994.616846, 4.396596, 16, 0.05
80, 18114.534444, 4.281591, 16, 0.05
80, 18468.690266, 4.630901, 16, 0.05
90, 16740.382523, 5.808098, 16, 0.05
90, 18597.058996, 4.884898, 16, 0.05
90, 18838.496806, 4.786691, 16, 0.05
90, 18221.202051, 6.058388, 16, 0.05
90, 16882.250473, 5.773724, 16, 0.05
100, 20606.868443, 4.504109, 16, 0.05
100, 19838.830492, 5.05956, 16, 0.05
100, 16673.811589, 6.863554, 16, 0.05
100, 18760.122458, 5.797633, 16, 0.05
100, 16914.386311, 6.253224, 16, 0.05
10, 1102.614642, 21.80963, 16, 0.5
10, 1114.915345, 21.38143, 16, 0.5
10, 1149.918198, 20.011861, 16, 0.5
10, 1148.620338, 20.127313, 16, 0.5
10, 1106.474571, 20.637216, 16, 0.5
20, 1786.027022, 25.656295, 16, 0.5
20, 1887.624274, 24.655494, 16, 0.5
20, 1761.749530, 26.660821, 16, 0.5
20, 1810.374022, 25.55542, 16, 0.5
20, 1812.106701, 26.527525, 16, 0.5
30, 2379.322862, 29.284769, 16, 0.5
30, 2500.224302, 26.957462, 16, 0.5
30, 2331.340481, 28.456363, 16, 0.5
30, 2373.742019, 27.901565, 16, 0.5
30, 2179.095662, 31.482966, 16, 0.5
40, 2537.163922, 35.754789, 16, 0.5
40, 2767.824146, 31.728873, 16, 0.5
40, 2767.736449, 31.784799, 16, 0.5
40, 2692.755191, 32.940976, 16, 0.5
40, 2642.168986, 31.267793, 16, 0.5
50, 3151.586002, 33.867102, 16, 0.5
50, 3169.901860, 34.715152, 16, 0.5
50, 3526.937156, 30.584696, 16, 0.5
50, 3134.533022, 34.549004, 16, 0.5
50, 3047.535179, 37.219907, 16, 0.5
60, 4090.094874, 31.656686, 16, 0.5
60, 3231.687604, 35.023014, 16, 0.5
60, 3792.329168, 36.875421, 16, 0.5
60, 4329.607218, 29.158563, 16, 0.5
60, 3944.324490, 33.524795, 16, 0.5
70, 4525.778010, 34.487002, 16, 0.5
70, 4293.113958, 35.976238, 16, 0.5
70, 4299.346719, 37.297407, 16, 0.5
70, 3989.428762, 39.104839, 16, 0.5
70, 4299.236638, 35.676627, 16, 0.5
80, 4825.668454, 36.434701, 16, 0.5
80, 4590.754350, 36.288012, 16, 0.5
80, 4791.383817, 36.111502, 16, 0.5
80, 4748.201890, 35.601752, 16, 0.5
80, 4281.876660, 37.743244, 16, 0.5
90, 4473.553903, 43.318658, 16, 0.5
90, 4806.333435, 40.062812, 16, 0.5
90, 4215.651000, 46.383297, 16, 0.5
90, 4311.337682, 45.251534, 16, 0.5
90, 4566.102515, 42.067165, 16, 0.5
100, 4871.245990, 44.180722, 16, 0.5
100, 5255.994812, 42.916048, 16, 0.5
100, 4580.267285, 46.77759, 16, 0.5
100, 5076.672273, 42.879837, 16, 0.5
100, 5238.093641, 40.282745, 16, 0.5
10, 620.011676, 25.519002, 16, 0.95
10, 549.547883, 28.607316, 16, 0.95
10, 549.346887, 28.536817, 16, 0.95
10, 570.994252, 27.979171, 16, 0.95
10, 560.236728, 28.722026, 16, 0.95
20, 941.187261, 32.091176, 16, 0.95
20, 1013.395646, 29.95847, 16, 0.95
20, 737.996146, 29.760575, 16, 0.95
20, 892.601555, 32.704306, 16, 0.95
20, 925.814884, 31.08618, 16, 0.95
30, 1197.093639, 36.844819, 16, 0.95
30, 1348.807668, 33.135764, 16, 0.95
30, 1470.996039, 29.432273, 16, 0.95
30, 1271.130406, 32.683462, 16, 0.95
30, 1299.818772, 32.338678, 16, 0.95
40, 1644.837101, 35.084049, 16, 0.95
40, 1342.229401, 38.33289, 16, 0.95
40, 1536.864793, 36.06097, 16, 0.95
40, 1731.770408, 32.784072, 16, 0.95
40, 1723.363105, 33.176487, 16, 0.95
50, 1934.428862, 36.55867, 16, 0.95
50, 1960.784524, 37.802376, 16, 0.95
50, 1804.484548, 41.191888, 16, 0.95
50, 1693.569890, 41.711674, 16, 0.95
50, 1817.453754, 40.184385, 16, 0.95
60, 2007.280088, 42.721015, 16, 0.95
60, 1826.305979, 42.045246, 16, 0.95
60, 2079.398557, 38.861432, 16, 0.95
60, 2104.145696, 39.543442, 16, 0.95
60, 1994.770023, 41.468088, 16, 0.95
70, 1927.607224, 49.748405, 16, 0.95
70, 1992.548961, 50.715478, 16, 0.95
70, 2261.991186, 43.009238, 16, 0.95
70, 2305.963045, 42.435253, 16, 0.95
70, 2421.522119, 42.568472, 16, 0.95
80, 2474.606075, 45.436973, 16, 0.95
80, 2422.302163, 44.589681, 16, 0.95
80, 2212.278599, 52.490678, 16, 0.95
80, 2717.064674, 39.636989, 16, 0.95
80, 2406.151620, 45.332981, 16, 0.95
90, 2561.944962, 50.696321, 16, 0.95
90, 2879.869741, 43.44539, 16, 0.95
90, 2808.109056, 43.859287, 16, 0.95
90, 2827.876978, 44.742402, 16, 0.95
90, 2935.349210, 42.996309, 16, 0.95
100, 3245.556602, 40.75397, 16, 0.95
100, 3391.440490, 40.388783, 16, 0.95
100, 2898.787602, 48.36453, 16, 0.95
100, 2902.230789, 46.17711, 16, 0.95
100, 2919.200612, 47.706195, 16, 0.95
10, 4184.106476, 2.044411, 128, 0.05
10, 4529.831935, 1.591287, 128, 0.05
10, 2868.077651, 1.471147, 128, 0.05
10, 4457.261393, 1.596448, 128, 0.05
10, 4363.614224, 1.780556, 128, 0.05
20, 7423.067374, 2.060137, 128, 0.05
20, 7595.130567, 1.933642, 128, 0.05
20, 7284.016603, 2.056726, 128, 0.05
20, 6806.989752, 2.206735, 128, 0.05
20, 7131.512155, 2.19402, 128, 0.05
30, 9321.897308, 2.508777, 128, 0.05
30, 8747.181906, 2.661421, 128, 0.05
30, 9607.680410, 2.59628, 128, 0.05
30, 8443.036051, 2.920221, 128, 0.05
30, 8485.063450, 2.869271, 128, 0.05
40, 10987.508055, 2.816747, 128, 0.05
40, 11059.147862, 2.683687, 128, 0.05
40, 11373.861103, 3.155521, 128, 0.05
40, 10772.860341, 3.137528, 128, 0.05
40, 11701.585465, 2.835819, 128, 0.05
50, 12568.337871, 3.277086, 128, 0.05
50, 12639.591858, 3.319419, 128, 0.05
50, 11575.380578, 3.137538, 128, 0.05
50, 13548.961662, 3.416506, 128, 0.05
50, 13300.743426, 3.359537, 128, 0.05
60, 13815.895025, 3.486708, 128, 0.05
60, 13056.722950, 4.145977, 128, 0.05
60, 14318.515325, 3.82277, 128, 0.05
60, 14074.608786, 3.797049, 128, 0.05
60, 14215.897555, 4.018071, 128, 0.05
70, 15404.917478, 4.037646, 128, 0.05
70, 13734.189327, 4.1457, 128, 0.05
70, 15152.448083, 4.267153, 128, 0.05
70, 638.788351, 5.99382, 128, 0.05
70, 2189.381793, 5.480906, 128, 0.05
80, 500.973927, 5.378067, 128, 0.05
80, 1221.482238, 5.708792, 128, 0.05
80, 948.967228, 5.30778, 128, 0.05
80, 2235.578127, 5.616178, 128, 0.05
80, 7690.353142, 5.169856, 128, 0.05
90, 2436.669975, 6.214722, 128, 0.05
90, 6975.198287, 6.081226, 128, 0.05
90, 1340.241435, 5.650502, 128, 0.05
90, 6135.118190, 5.875008, 128, 0.05
90, 10085.928195, 5.696678, 128, 0.05
100, 20777.128172, 4.935789, 128, 0.05
100, 19513.549952, 4.909324, 128, 0.05
100, 18608.371487, 5.589479, 128, 0.05
100, 16438.593862, 6.595045, 128, 0.05
100, 17803.331778, 5.414424, 128, 0.05
10, 871.722682, 26.264744, 128, 0.5
10, 847.478958, 28.002084, 128, 0.5
10, 608.365880, 30.75971, 128, 0.5
10, 236.239346, 28.096416, 128, 0.5
10, 710.428424, 22.956765, 128, 0.5
20, 1645.882977, 26.963553, 128, 0.5
20, 1289.722113, 28.991071, 128, 0.5
20, 1672.361191, 26.204276, 128, 0.5
20, 1678.013013, 26.12853, 128, 0.5
20, 277.664541, 32.096385, 128, 0.5
30, 1600.767535, 39.429782, 128, 0.5
30, 1413.399336, 38.633626, 128, 0.5
30, 1651.699127, 39.936203, 128, 0.5
30, 1762.049719, 37.232977, 128, 0.5
30, 1682.034191, 39.150238, 128, 0.5
40, 2211.530874, 39.469124, 128, 0.5
40, 637.416849, 42.396206, 128, 0.5
40, 578.930285, 47.334755, 128, 0.5
40, 2464.219829, 35.45187, 128, 0.5
40, 1603.544464, 40.643369, 128, 0.5
50, 2844.140552, 40.308981, 128, 0.5
50, 2458.643298, 44.637342, 128, 0.5
50, 2715.925797, 42.376232, 128, 0.5
50, 2051.224460, 43.160963, 128, 0.5
50, 2650.195275, 40.977054, 128, 0.5
60, 3337.028992, 40.180245, 128, 0.5
60, 816.272847, 45.31018, 128, 0.5
60, 3480.148990, 38.779915, 128, 0.5
60, 3077.356064, 40.652971, 128, 0.5
60, 3409.057005, 38.705786, 128, 0.5
70, 4111.581916, 36.148801, 128, 0.5
70, 3733.616860, 42.795361, 128, 0.5
70, 3170.532116, 45.975504, 128, 0.5
70, 3261.310201, 47.250505, 128, 0.5
70, 3412.402599, 46.806334, 128, 0.5
80, 3885.111924, 46.197808, 128, 0.5
80, 3945.640876, 43.468041, 128, 0.5
80, 3783.211779, 47.234719, 128, 0.5
80, 4111.879258, 43.171489, 128, 0.5
80, 3821.272065, 44.476592, 128, 0.5
90, 3839.803780, 51.197458, 128, 0.5
90, 4044.097694, 45.234398, 128, 0.5
90, 4645.357971, 40.65792, 128, 0.5
90, 4514.159509, 42.031679, 128, 0.5
90, 4776.937425, 41.062605, 128, 0.5
100, 5059.319929, 42.720409, 128, 0.5
100, 4788.197511, 47.805898, 128, 0.5
100, 4360.797261, 52.48308, 128, 0.5
100, 4196.341387, 48.964378, 128, 0.5
100, 4217.361072, 50.017848, 128, 0.5
10, 510.836633, 29.370815, 128, 0.95
10, 519.047001, 28.966914, 128, 0.95
10, 523.850249, 29.06619, 128, 0.95
10, 491.759259, 30.322609, 128, 0.95
10, 506.714497, 28.867958, 128, 0.95
20, 791.409600, 36.03584, 128, 0.95
20, 813.385041, 35.232101, 128, 0.95
20, 810.330429, 35.626018, 128, 0.95
20, 720.552639, 37.925943, 128, 0.95
20, 801.800856, 35.978454, 128, 0.95
30, 1009.665473, 41.491744, 128, 0.95
30, 985.112407, 43.017924, 128, 0.95
30, 1054.048856, 39.667575, 128, 0.95
30, 942.269977, 44.231231, 128, 0.95
30, 986.993574, 43.491601, 128, 0.95
40, 1351.723283, 42.894888, 128, 0.95
40, 1328.496946, 43.604431, 128, 0.95
40, 1287.990896, 44.000823, 128, 0.95
40, 1274.568522, 43.886884, 128, 0.95
40, 1331.500994, 43.372658, 128, 0.95
50, 1623.719619, 43.432051, 128, 0.95
50, 1614.852212, 43.380693, 128, 0.95
50, 1564.731188, 46.37573, 128, 0.95
50, 1678.863366, 42.519549, 128, 0.95
50, 1669.783917, 40.176985, 128, 0.95
60, 1878.807654, 44.991618, 128, 0.95
60, 1860.396133, 45.342628, 128, 0.95
60, 1726.025181, 48.465379, 128, 0.95
60, 1755.020149, 48.327513, 128, 0.95
60, 1715.744413, 47.844219, 128, 0.95
70, 1936.226751, 51.156923, 128, 0.95
70, 1963.019437, 50.258109, 128, 0.95
70, 1945.785811, 49.216867, 128, 0.95
70, 1902.613638, 52.564788, 128, 0.95
70, 2166.884024, 48.804761, 128, 0.95
80, 2234.254220, 49.335483, 128, 0.95
80, 2354.103575, 46.359846, 128, 0.95
80, 2297.554841, 48.215241, 128, 0.95
80, 2196.049867, 48.507817, 128, 0.95
80, 2199.838769, 50.311094, 128, 0.95
90, 2479.474035, 51.360096, 128, 0.95
90, 2491.333253, 48.816763, 128, 0.95
90, 2562.936364, 48.373671, 128, 0.95
90, 2380.307328, 54.358377, 128, 0.95
90, 2419.131542, 52.586144, 128, 0.95
100, 2534.231184, 54.60463, 128, 0.95
100, 1803.658054, 61.731097, 128, 0.95
100, 1142.331806, 56.763935, 128, 0.95
100, 2531.753367, 56.351351, 128, 0.95
100, 2696.103411, 53.711612, 128, 0.95
10, 3202.356942, 1.954569, 1024, 0.05
10, 3262.264550, 1.875235, 1024, 0.05
10, 3314.765623, 1.725165, 1024, 0.05
10, 3211.318805, 1.773123, 1024, 0.05
10, 3252.753829, 1.631575, 1024, 0.05
20, 6334.696114, 1.972944, 1024, 0.05
20, 6039.817386, 1.808048, 1024, 0.05
20, 4562.592895, 2.040741, 1024, 0.05
20, 5625.309367, 2.304001, 1024, 0.05
20, 5524.899136, 2.220346, 1024, 0.05
30, 7661.578087, 2.448179, 1024, 0.05
30, 7120.004193, 2.720617, 1024, 0.05
30, 7027.423065, 2.444828, 1024, 0.05
30, 8733.150736, 2.310763, 1024, 0.05
30, 8372.938217, 2.550962, 1024, 0.05
40, 9438.011367, 2.832368, 1024, 0.05
40, 9922.357877, 2.723798, 1024, 0.05
40, 9892.130922, 2.70022, 1024, 0.05
40, 9988.283803, 2.730038, 1024, 0.05
40, 10335.319702, 2.857862, 1024, 0.05
50, 11882.985217, 3.255755, 1024, 0.05
50, 12361.083089, 3.312081, 1024, 0.05
50, 12314.043490, 3.360537, 1024, 0.05
50, 11436.180540, 3.218037, 1024, 0.05
50, 11986.016495, 2.960036, 1024, 0.05
60, 13294.655069, 3.619609, 1024, 0.05
60, 10579.170047, 4.450066, 1024, 0.05
60, 11998.035461, 4.465736, 1024, 0.05
60, 11690.433355, 4.107339, 1024, 0.05
60, 12508.977834, 3.704155, 1024, 0.05
70, 12237.143077, 4.341663, 1024, 0.05
70, 13803.329888, 4.217265, 1024, 0.05
70, 11968.740322, 4.627229, 1024, 0.05
70, 12811.058112, 4.690841, 1024, 0.05
70, 13771.606427, 4.102126, 1024, 0.05
80, 16558.328723, 4.701375, 1024, 0.05
80, 15124.471794, 4.531334, 1024, 0.05
80, 14853.847756, 4.440246, 1024, 0.05
80, 15701.269629, 4.291115, 1024, 0.05
80, 15438.550364, 4.551201, 1024, 0.05
90, 15473.867342, 5.376216, 1024, 0.05
90, 15906.076097, 5.181489, 1024, 0.05
90, 14087.103633, 6.173562, 1024, 0.05
90, 15107.315039, 5.509123, 1024, 0.05
90, 14786.559168, 5.624267, 1024, 0.05
100, 17387.242990, 5.019631, 1024, 0.05
100, 18842.065393, 4.571806, 1024, 0.05
100, 18592.732616, 4.832126, 1024, 0.05
100, 18234.279630, 4.379762, 1024, 0.05
100, 5461.005112, 4.922026, 1024, 0.05
10, 502.120633, 47.731136, 1024, 0.5
10, 510.224671, 47.324567, 1024, 0.5
10, 521.485409, 45.685549, 1024, 0.5
10, 523.034168, 45.635204, 1024, 0.5
10, 528.983130, 44.677283, 1024, 0.5
20, 919.608472, 51.402754, 1024, 0.5
20, 992.977805, 47.869686, 1024, 0.5
20, 939.645980, 49.197819, 1024, 0.5
20, 942.217171, 51.489637, 1024, 0.5
20, 945.304140, 50.651244, 1024, 0.5
30, 1334.034568, 50.936176, 1024, 0.5
30, 1246.577236, 56.914557, 1024, 0.5
30, 1428.237720, 50.213295, 1024, 0.5
30, 1299.289782, 52.072844, 1024, 0.5
30, 1347.757698, 51.466837, 1024, 0.5
40, 1449.351869, 59.238592, 1024, 0.5
40, 1576.693307, 58.076198, 1024, 0.5
40, 1644.048386, 56.268235, 1024, 0.5
40, 1819.040665, 50.962681, 1024, 0.5
40, 1610.048408, 55.836951, 1024, 0.5
50, 2136.636795, 52.431051, 1024, 0.5
50, 2030.363010, 55.606798, 1024, 0.5
50, 2067.051179, 55.27345, 1024, 0.5
50, 2195.757905, 53.468557, 1024, 0.5
50, 1894.624906, 59.383204, 1024, 0.5
60, 2326.838038, 54.460235, 1024, 0.5
60, 2423.690076, 53.528472, 1024, 0.5
60, 2284.551275, 64.023223, 1024, 0.5
60, 2364.486360, 57.053158, 1024, 0.5
60, 2359.619441, 58.440737, 1024, 0.5
70, 2865.515433, 54.902181, 1024, 0.5
70, 2844.702852, 54.797335, 1024, 0.5
70, 2917.813871, 52.983388, 1024, 0.5
70, 3036.126179, 50.087954, 1024, 0.5
70, 2825.761861, 57.99925, 1024, 0.5
80, 3388.994092, 51.722211, 1024, 0.5
80, 2718.814959, 68.337291, 1024, 0.5
80, 2879.762912, 63.910878, 1024, 0.5
80, 2709.074211, 62.831819, 1024, 0.5
80, 2971.232576, 65.313434, 1024, 0.5
90, 3806.004888, 53.765274, 1024, 0.5
90, 3226.944896, 62.715641, 1024, 0.5
90, 2990.154303, 67.906341, 1024, 0.5
90, 3270.489736, 62.498861, 1024, 0.5
90, 3406.345274, 58.636288, 1024, 0.5
100, 3274.259633, 66.915929, 1024, 0.5
100, 3557.444591, 61.201965, 1024, 0.5
100, 3057.285338, 82.563918, 1024, 0.5
100, 3610.224129, 61.500418, 1024, 0.5
100, 3296.313738, 65.230673, 1024, 0.5
10, 279.414814, 51.506491, 1024, 0.95
10, 280.412504, 51.911668, 1024, 0.95
10, 284.161608, 51.124746, 1024, 0.95
10, 277.590303, 52.927084, 1024, 0.95
10, 279.220033, 52.329955, 1024, 0.95
20, 513.357023, 54.687614, 1024, 0.95
20, 481.964587, 60.296322, 1024, 0.95
20, 559.962166, 51.886565, 1024, 0.95
20, 522.037425, 53.808495, 1024, 0.95
20, 484.231596, 58.385819, 1024, 0.95
30, 784.444899, 56.549595, 1024, 0.95
30, 720.662527, 61.3704, 1024, 0.95
30, 647.025806, 68.375762, 1024, 0.95
30, 712.994053, 60.064732, 1024, 0.95
30, 678.179976, 57.964746, 1024, 0.95
40, 929.888242, 63.831802, 1024, 0.95
40, 979.369350, 58.330875, 1024, 0.95
40, 885.056409, 65.876878, 1024, 0.95
40, 888.674715, 66.336941, 1024, 0.95
40, 918.820358, 64.268009, 1024, 0.95
50, 1194.385910, 60.267005, 1024, 0.95
50, 1110.529120, 63.918029, 1024, 0.95
50, 1117.960372, 64.797747, 1024, 0.95
50, 1145.562564, 61.673564, 1024, 0.95
50, 1126.251580, 62.193977, 1024, 0.95
60, 1601.188197, 54.752157, 1024, 0.95
60, 1289.297716, 69.223259, 1024, 0.95
60, 1301.928063, 66.43833, 1024, 0.95
60, 1407.331706, 59.717399, 1024, 0.95
60, 1429.591645, 62.292659, 1024, 0.95
70, 1325.651265, 74.666946, 1024, 0.95
70, 1466.822589, 68.661397, 1024, 0.95
70, 1479.876437, 68.168312, 1024, 0.95
70, 1475.309225, 69.263181, 1024, 0.95
70, 1494.481565, 66.89356, 1024, 0.95
80, 1571.386521, 72.995838, 1024, 0.95
80, 1695.070268, 67.336077, 1024, 0.95
80, 1748.006841, 64.131808, 1024, 0.95
80, 1674.275408, 70.287467, 1024, 0.95
80, 1607.259112, 73.206705, 1024, 0.95
90, 1771.437458, 74.651884, 1024, 0.95
90, 2072.578886, 60.120351, 1024, 0.95
90, 1867.955537, 70.541628, 1024, 0.95
90, 1891.996483, 73.60079, 1024, 0.95
90, 1965.064708, 66.747828, 1024, 0.95
100, 1867.781182, 77.012902, 1024, 0.95
100, 1889.219954, 73.650989, 1024, 0.95
100, 2101.862599, 64.727731, 1024, 0.95
100, 1903.601670, 74.686494, 1024, 0.95
100, 2223.847600, 65.975129, 1024, 0.95
5, 2769.121068, 1.436282, 16, 0.05
5, 2919.457906, 1.454514, 16, 0.05
5, 2847.186166, 1.485456, 16, 0.05
5, 2810.173209, 1.418697, 16, 0.05
5, 2789.195269, 1.520936, 16, 0.05