ValueSize,PublisherNum,SubscribersNum,QoS,Latency_ms
128,100,7,0,14
128,100,7,0,17
128,100,7,0,24
128,100,7,0,14
128,100,7,0,16
128,150,7,0,37
128,150,7,0,21
128,150,7,0,8
128,150,7,0,12
128,150,7,0,9
128,200,7,0,17
128,200,7,0,13
128,200,7,0,87
128,200,7,0,9
128,200,7,0,20
128,250,7,0,19
128,250,7,0,9
128,250,7,0,10
128,250,7,0,24
128,250,7,0,20
128,300,7,0,25
128,300,7,0,8
128,300,7,0,16
128,300,7,0,7
128,300,7,0,8
128,350,7,0,32
128,350,7,0,15
128,350,7,0,20
128,350,7,0,24
128,350,7,0,8
128,400,7,0,14
128,400,7,0,8
128,400,7,0,11
128,400,7,0,16
128,400,7,0,8
128,450,7,0,10
128,450,7,0,12
128,450,7,0,14
128,450,7,0,11
128,450,7,0,4
128,500,7,0,4
128,500,7,0,34
128,500,7,0,8
128,500,7,0,41
128,500,7,0,28
128,550,7,0,13
128,550,7,0,5
128,550,7,0,12
128,550,7,0,33
128,550,7,0,4
128,600,7,0,19
128,600,7,0,9
128,600,7,0,9
128,600,7,0,6
128,600,7,0,17
128,650,7,0,37
128,650,7,0,12
128,650,7,0,23
128,650,7,0,16
128,700,7,0,20
128,700,7,0,19
128,700,7,0,7
128,700,7,0,4
128,700,7,0,15
128,750,7,0,6
128,750,7,0,10
128,750,7,0,11
128,750,7,0,53
128,750,7,0,7
128,800,7,0,18
128,800,7,0,7
128,800,7,0,22
128,800,7,0,16
128,850,7,0,9
128,850,7,0,11
128,850,7,0,10
128,850,7,0,4
128,900,7,0,19
128,900,7,0,6
128,900,7,0,14
128,900,7,0,5
128,950,7,0,17
128,950,7,0,23
128,950,7,0,36
128,950,7,0,5
128,1000,7,0,7
128,1000,7,0,25
128,1000,7,0,61
128,1000,7,0,15
128,100,7,1,4
128,100,7,1,4
128,100,7,1,4
128,100,7,1,5
128,100,7,1,6
128,150,7,1,5
128,150,7,1,6
128,150,7,1,6
128,150,7,1,5
128,150,7,1,6
128,200,7,1,6
128,200,7,1,7
128,200,7,1,6
128,200,7,1,5
128,200,7,1,7
128,250,7,1,4
128,250,7,1,6
128,250,7,1,8
128,250,7,1,11
128,250,7,1,8
128,300,7,1,5
128,300,7,1,7
128,300,7,1,7
128,300,7,1,8
128,350,7,1,6
128,350,7,1,8
128,350,7,1,9
128,400,7,1,12
128,400,7,1,11
128,400,7,1,9
128,400,7,1,9
128,400,7,1,12
128,450,7,1,9
128,450,7,1,20
128,450,7,1,7
128,450,7,1,5
128,450,7,1,9
128,500,7,1,7
128,500,7,1,17
128,500,7,1,16
128,500,7,1,13
128,500,7,1,15
128,550,7,1,12
128,550,7,1,7
128,550,7,1,11
128,550,7,1,6
128,550,7,1,8
128,600,7,1,6
128,600,7,1,13
128,600,7,1,18
128,600,7,1,13
128,600,7,1,10
128,650,7,1,10
128,650,7,1,7
128,650,7,1,6
128,650,7,1,19
128,650,7,1,14
128,700,7,1,17
128,700,7,1,13
128,700,7,1,16
128,700,7,1,11
128,700,7,1,12
128,750,7,1,7
128,750,7,1,13
128,750,7,1,18
128,750,7,1,13
128,800,7,1,9
128,800,7,1,10
128,800,7,1,15
128,850,7,1,13
128,850,7,1,40
128,850,7,1,9
128,850,7,1,10
128,900,7,1,14
128,900,7,1,7
128,900,7,1,20
128,900,7,1,40
128,950,7,1,8
128,950,7,1,18
128,950,7,1,8
128,950,7,1,6
128,950,7,1,31
128,1000,7,1,28
128,1000,7,1,7
128,1000,7,1,19
128,1000,7,1,31
128,1000,7,1,6
128,100,7,2,85
128,100,7,2,247
128,100,7,2,7
128,100,7,2,8
128,100,7,2,17
128,150,7,2,45
128,150,7,2,20
128,150,7,2,11
128,150,7,2,5
128,200,7,2,10
128,200,7,2,37
128,200,7,2,7
128,200,7,2,28
128,200,7,2,9
128,250,7,2,9
128,250,7,2,14
128,250,7,2,12
128,250,7,2,8
128,250,7,2,9
128,300,7,2,14
128,300,7,2,16
128,300,7,2,19
128,300,7,2,16
128,300,7,2,9
128,350,7,2,10
128,350,7,2,19
128,350,7,2,15
128,350,7,2,15
128,350,7,2,19
128,400,7,2,15
128,400,7,2,18
128,400,7,2,12
128,400,7,2,30
128,450,7,2,16
128,450,7,2,20
128,450,7,2,24
128,450,7,2,12
128,450,7,2,23
128,500,7,2,23
128,500,7,2,21
128,500,7,2,32
128,500,7,2,12
128,500,7,2,13
128,550,7,2,42
128,550,7,2,16
128,550,7,2,17
128,550,7,2,43
128,550,7,2,21
128,600,7,2,18
128,600,7,2,42
128,600,7,2,15
128,600,7,2,20
128,600,7,2,17
128,650,7,2,23
128,650,7,2,18
128,650,7,2,42
128,650,7,2,48
128,650,7,2,57
128,700,7,2,53
128,700,7,2,18
128,700,7,2,26
128,700,7,2,26
128,750,7,2,25
128,750,7,2,64
128,750,7,2,39
128,750,7,2,26
128,750,7,2,121
128,800,7,2,56
128,800,7,2,42
128,800,7,2,70
128,800,7,2,26
128,800,7,2,48
128,850,7,2,52
128,850,7,2,62
128,850,7,2,29
128,850,7,2,54
128,850,7,2,25
128,900,7,2,48
128,900,7,2,59
128,900,7,2,47
128,900,7,2,30
128,950,7,2,55
128,950,7,2,87
128,950,7,2,61
128,950,7,2,54
128,950,7,2,44
128,1000,7,2,90
128,1000,7,2,43
128,1000,7,2,39
128,1000,7,2,73
128,1000,7,2,49
1024,100,7,0,3
1024,100,7,0,3
1024,100,7,0,7
1024,100,7,0,11
1024,100,7,0,3
1024,150,7,0,5
1024,150,7,0,5
1024,150,7,0,5
1024,150,7,0,4
1024,150,7,0,6
1024,200,7,0,5
1024,200,7,0,4
1024,200,7,0,3
1024,200,7,0,9
1024,200,7,0,5
1024,250,7,0,4
1024,250,7,0,6
1024,250,7,0,3
1024,250,7,0,4
1024,250,7,0,10
1024,300,7,0,6
1024,300,7,0,4
1024,300,7,0,9
1024,300,7,0,8
1024,300,7,0,4
1024,350,7,0,13
1024,350,7,0,5
1024,350,7,0,5
1024,350,7,0,4
1024,350,7,0,10
1024,400,7,0,6
1024,400,7,0,3
1024,400,7,0,3
1024,400,7,0,3
1024,400,7,0,7
1024,450,7,0,9
1024,450,7,0,4
1024,450,7,0,7
1024,450,7,0,10
1024,450,7,0,4
1024,500,7,0,9
1024,500,7,0,7
1024,500,7,0,6
1024,500,7,0,5
1024,500,7,0,7
1024,550,7,0,15
1024,550,7,0,5
1024,550,7,0,4
1024,550,7,0,5
1024,550,7,0,7
1024,600,7,0,14
1024,600,7,0,5
1024,600,7,0,9
1024,600,7,0,4
1024,600,7,0,16
1024,650,7,0,16
1024,650,7,0,6
1024,650,7,0,12
1024,650,7,0,5
1024,650,7,0,7
1024,700,7,0,24
1024,700,7,0,12
1024,700,7,0,7
1024,700,7,0,11
1024,700,7,0,18
1024,750,7,0,3
1024,750,7,0,17
1024,750,7,0,16
1024,750,7,0,20
1024,750,7,0,10
1024,800,7,0,23
1024,800,7,0,9
1024,800,7,0,16
1024,800,7,0,5
1024,850,7,0,9
1024,850,7,0,7
1024,850,7,0,7
1024,850,7,0,11
1024,850,7,0,16
1024,900,7,0,9
1024,900,7,0,7
1024,900,7,0,12
1024,900,7,0,18
1024,900,7,0,9
1024,950,7,0,10
1024,950,7,0,16
1024,950,7,0,11
1024,950,7,0,22
1024,1000,7,0,6
1024,1000,7,0,28
1024,1000,7,0,5
1024,1000,7,0,8
1024,1000,7,0,24
1024,100,7,1,5
1024,100,7,1,16
1024,100,7,1,4
1024,100,7,1,4
1024,100,7,1,7
1024,150,7,1,5
1024,150,7,1,6
1024,150,7,1,4
1024,150,7,1,7
1024,150,7,1,5
1024,200,7,1,16
1024,200,7,1,4
1024,200,7,1,6
1024,200,7,1,4
1024,200,7,1,3
1024,250,7,1,8
1024,250,7,1,7
1024,250,7,1,9
1024,250,7,1,6
1024,250,7,1,8
1024,300,7,1,5
1024,300,7,1,7
1024,300,7,1,7
1024,300,7,1,10
1024,300,7,1,6
1024,350,7,1,7
1024,350,7,1,13
1024,350,7,1,27
1024,350,7,1,12
1024,350,7,1,10
1024,400,7,1,10
1024,400,7,1,8
1024,400,7,1,19
1024,400,7,1,19
1024,450,7,1,6
1024,450,7,1,10
1024,450,7,1,6
1024,450,7,1,14
1024,450,7,1,12
1024,500,7,1,6
1024,500,7,1,20
1024,500,7,1,13
1024,550,7,1,9
1024,550,7,1,12
1024,550,7,1,13
1024,550,7,1,20
1024,550,7,1,19
1024,600,7,1,17
1024,600,7,1,16
1024,600,7,1,16
1024,600,7,1,18
1024,600,7,1,14
1024,650,7,1,12
1024,650,7,1,6
1024,650,7,1,32
1024,650,7,1,24
1024,650,7,1,12
1024,700,7,1,14
1024,700,7,1,28
1024,700,7,1,19
1024,700,7,1,18
1024,700,7,1,26
1024,750,7,1,10
1024,750,7,1,10
1024,750,7,1,14
1024,750,7,1,24
1024,800,7,1,57
1024,800,7,1,16
1024,800,7,1,21
1024,800,7,1,13
1024,800,7,1,28
1024,850,7,1,11
1024,850,7,1,31
1024,850,7,1,15
1024,850,7,1,16
1024,850,7,1,36
1024,900,7,1,25
1024,900,7,1,18
1024,900,7,1,26
1024,900,7,1,18
1024,900,7,1,17
1024,950,7,1,19
1024,950,7,1,18
1024,950,7,1,17
1024,950,7,1,21
1024,950,7,1,16
1024,1000,7,1,20
1024,1000,7,1,26
1024,1000,7,1,21
1024,1000,7,1,36
1024,1000,7,1,21
1024,100,7,2,5
1024,100,7,2,5
1024,100,7,2,5
1024,100,7,2,5
1024,150,7,2,6
1024,150,7,2,7
1024,150,7,2,6
1024,150,7,2,8
1024,150,7,2,6
1024,200,7,2,8
1024,200,7,2,8
1024,200,7,2,7
1024,200,7,2,8
1024,200,7,2,7
1024,250,7,2,13
1024,250,7,2,8
1024,250,7,2,8
1024,250,7,2,11
1024,250,7,2,8
1024,300,7,2,10
1024,300,7,2,14
1024,300,7,2,14
1024,300,7,2,11
1024,300,7,2,10
1024,350,7,2,9
1024,350,7,2,12
1024,350,7,2,11
1024,350,7,2,10
1024,350,7,2,8
1024,400,7,2,15
1024,400,7,2,19
1024,400,7,2,18
1024,400,7,2,14
1024,400,7,2,9
1024,450,7,2,11
1024,450,7,2,23
1024,450,7,2,14
1024,450,7,2,18
1024,450,7,2,19
1024,500,7,2,9
1024,500,7,2,19
1024,500,7,2,16
1024,500,7,2,19
1024,550,7,2,12
1024,550,7,2,25
1024,550,7,2,15
1024,550,7,2,18
1024,550,7,2,19
1024,600,7,2,55
1024,600,7,2,15
1024,600,7,2,27
1024,600,7,2,13
1024,600,7,2,17
1024,650,7,2,57
1024,650,7,2,21
1024,650,7,2,22
1024,650,7,2,31
1024,650,7,2,78
1024,700,7,2,27
1024,700,7,2,16
1024,700,7,2,47
1024,700,7,2,19
1024,700,7,2,18
1024,750,7,2,39
1024,750,7,2,39
1024,750,7,2,28
1024,750,7,2,30
1024,750,7,2,40
1024,800,7,2,30
1024,800,7,2,42
1024,800,7,2,20
1024,800,7,2,22
1024,800,7,2,26
1024,850,7,2,33
1024,850,7,2,37
1024,850,7,2,50
1024,850,7,2,35
1024,900,7,2,50
1024,900,7,2,47
1024,900,7,2,49
1024,900,7,2,47
1024,900,7,2,42
1024,950,7,2,68
1024,950,7,2,83
1024,950,7,2,82
1024,950,7,2,37
1024,950,7,2,80
1024,1000,7,2,59
1024,1000,7,2,71
1024,1000,7,2,33
1024,1000,7,2,98
10240,100,7,0,2
10240,100,7,0,2
10240,100,7,0,2
10240,100,7,0,2
10240,100,7,0,2
10240,150,7,0,2
10240,150,7,0,2
10240,150,7,0,2
10240,150,7,0,2
10240,150,7,0,2
10240,200,7,0,2
10240,200,7,0,2
10240,200,7,0,2
10240,200,7,0,3
10240,200,7,0,2
10240,250,7,0,2
10240,250,7,0,2
10240,250,7,0,2
10240,250,7,0,2
10240,250,7,0,2
10240,300,7,0,2
10240,300,7,0,2
10240,300,7,0,3
10240,300,7,0,2
10240,300,7,0,2
10240,350,7,0,3
10240,350,7,0,3
10240,350,7,0,2
10240,350,7,0,3
10240,350,7,0,3
10240,400,7,0,3
10240,400,7,0,4
10240,400,7,0,3
10240,400,7,0,3
10240,400,7,0,3
10240,450,7,0,4
10240,450,7,0,3
10240,450,7,0,3
10240,450,7,0,3
10240,450,7,0,3
10240,500,7,0,4
10240,500,7,0,3
10240,500,7,0,4
10240,500,7,0,3
10240,550,7,0,4
10240,550,7,0,4
10240,550,7,0,4
10240,550,7,0,5
10240,550,7,0,3
10240,600,7,0,5
10240,600,7,0,4
10240,600,7,0,4
10240,600,7,0,4
10240,600,7,0,4
10240,650,7,0,5
10240,650,7,0,4
10240,650,7,0,5
10240,650,7,0,4
10240,650,7,0,4
10240,700,7,0,5
10240,700,7,0,5
10240,700,7,0,4
10240,700,7,0,4
10240,700,7,0,4
10240,750,7,0,5
10240,750,7,0,4
10240,750,7,0,5
10240,750,7,0,5
10240,750,7,0,5
10240,800,7,0,5
10240,800,7,0,4
10240,800,7,0,5
10240,800,7,0,5
10240,800,7,0,5
10240,850,7,0,5
10240,850,7,0,5
10240,850,7,0,5
10240,850,7,0,5
10240,850,7,0,5
10240,900,7,0,6
10240,900,7,0,5
10240,900,7,0,6
10240,900,7,0,6
10240,950,7,0,6
10240,950,7,0,7
10240,950,7,0,6
10240,950,7,0,6
10240,950,7,0,6
10240,1000,7,0,6
10240,1000,7,0,7
10240,1000,7,0,6
10240,1000,7,0,5
10240,1000,7,0,8
10240,100,7,1,2
10240,100,7,1,2
10240,100,7,1,2
10240,100,7,1,2
10240,100,7,1,2
10240,150,7,1,2
10240,150,7,1,2
10240,150,7,1,2
10240,150,7,1,2
10240,150,7,1,2
10240,200,7,1,2
10240,200,7,1,2
10240,200,7,1,2
10240,200,7,1,2
10240,200,7,1,3
10240,250,7,1,3
10240,250,7,1,3
10240,250,7,1,3
10240,250,7,1,3
10240,250,7,1,2
10240,300,7,1,3
10240,300,7,1,3
10240,300,7,1,3
10240,300,7,1,2
10240,300,7,1,2
10240,350,7,1,3
10240,350,7,1,3
10240,350,7,1,3
10240,350,7,1,3
10240,350,7,1,3
10240,400,7,1,3
10240,400,7,1,4
10240,400,7,1,3
10240,400,7,1,4
10240,400,7,1,3
10240,450,7,1,4
10240,450,7,1,3
10240,450,7,1,4
10240,450,7,1,3
10240,450,7,1,4
10240,500,7,1,3
10240,500,7,1,4
10240,500,7,1,3
10240,500,7,1,4
10240,500,7,1,3
10240,550,7,1,4
10240,550,7,1,3
10240,550,7,1,5
10240,550,7,1,4
10240,550,7,1,5
10240,600,7,1,4
10240,600,7,1,4
10240,600,7,1,4
10240,600,7,1,4
10240,600,7,1,4
10240,650,7,1,4
10240,650,7,1,4
10240,650,7,1,4
10240,650,7,1,4
10240,650,7,1,5
10240,700,7,1,5
10240,700,7,1,4
10240,700,7,1,5
10240,700,7,1,4
10240,700,7,1,4
10240,750,7,1,5
10240,750,7,1,5
10240,750,7,1,5
10240,750,7,1,5
10240,750,7,1,5
10240,800,7,1,5
10240,800,7,1,5
10240,800,7,1,8
10240,800,7,1,5
10240,850,7,1,5
10240,850,7,1,6
10240,850,7,1,5
10240,850,7,1,5
10240,900,7,1,5
10240,900,7,1,5
10240,900,7,1,5
10240,900,7,1,6
10240,950,7,1,5
10240,950,7,1,5
10240,950,7,1,5
10240,950,7,1,6
10240,950,7,1,5
10240,1000,7,1,6
10240,1000,7,1,6
10240,1000,7,1,5
10240,1000,7,1,5
10240,1000,7,1,6
10240,100,7,2,2
10240,100,7,2,2
10240,100,7,2,2
10240,100,7,2,2
10240,100,7,2,2
10240,150,7,2,2
10240,150,7,2,3
10240,150,7,2,2
10240,150,7,2,2
10240,150,7,2,2
10240,200,7,2,3
10240,200,7,2,3
10240,200,7,2,3
10240,200,7,2,3
10240,200,7,2,2
10240,250,7,2,3
10240,250,7,2,3
10240,250,7,2,3
10240,250,7,2,3
10240,250,7,2,2
10240,300,7,2,3
10240,300,7,2,3
10240,300,7,2,3
10240,300,7,2,3
10240,300,7,2,3
10240,350,7,2,3
10240,350,7,2,3
10240,350,7,2,3
10240,350,7,2,3
10240,350,7,2,3
10240,400,7,2,4
10240,400,7,2,3
10240,400,7,2,3
10240,400,7,2,3
10240,400,7,2,4
10240,450,7,2,3
10240,450,7,2,4
10240,450,7,2,3
10240,450,7,2,3
10240,450,7,2,3
10240,500,7,2,4
10240,500,7,2,4
10240,500,7,2,4
10240,500,7,2,4
10240,500,7,2,5
10240,550,7,2,4
10240,550,7,2,4
10240,550,7,2,4
10240,550,7,2,3
10240,550,7,2,5
10240,600,7,2,4
10240,600,7,2,4
10240,600,7,2,4
10240,600,7,2,4
10240,600,7,2,4
10240,650,7,2,4
10240,650,7,2,5
10240,650,7,2,4
10240,650,7,2,4
10240,650,7,2,4
10240,700,7,2,4
10240,700,7,2,4
10240,700,7,2,4
10240,700,7,2,4
10240,700,7,2,5
10240,750,7,2,4
10240,750,7,2,4
10240,750,7,2,5
10240,750,7,2,4
10240,750,7,2,4
10240,800,7,2,4
10240,800,7,2,5
10240,800,7,2,6
10240,800,7,2,5
10240,800,7,2,5
10240,850,7,2,6
10240,850,7,2,6
10240,850,7,2,5
10240,850,7,2,4
10240,850,7,2,5
10240,900,7,2,5
10240,900,7,2,5
10240,900,7,2,5
10240,900,7,2,4
10240,900,7,2,5
10240,950,7,2,5
10240,950,7,2,5
10240,950,7,2,5
10240,950,7,2,5
10240,950,7,2,5
10240,1000,7,2,6
10240,1000,7,2,5
10240,1000,7,2,5
10240,1000,7,2,5
10240,1000,7,2,4
