ClientNum,Throughput,Latency_ms,ValueSize,WriteRatio
5, 675.713974, 10.000000, 16, 0.05
5, 666.616332, 10.000000, 16, 0.05
5, 664.210251, 10.000000, 16, 0.05
5, 668.454223, 10.000000, 16, 0.05
5, 683.966759, 9.000000, 16, 0.05
5, 685.781441, 9.000000, 16, 0.05
5, 644.625775, 10.000000, 16, 0.05
10, 946.342310, 14.000000, 16, 0.05
10, 958.150568, 13.000000, 16, 0.05
10, 930.355518, 14.000000, 16, 0.05
10, 947.543318, 14.000000, 16, 0.05
10, 933.803653, 14.000000, 16, 0.05
15, 1047.531935, 18.000000, 16, 0.05
15, 165.612602, 77.000000, 16, 0.05
15, 1053.079234, 18.000000, 16, 0.05
15, 1039.482614, 18.000000, 16, 0.05
15, 1057.615919, 18.000000, 16, 0.05
20, 641.437844, 31.000000, 16, 0.05
20, 1097.067906, 22.000000, 16, 0.05
20, 1125.985551, 22.000000, 16, 0.05
20, 1102.774849, 22.000000, 16, 0.05
20, 550.296842, 49.000000, 16, 0.05
25, 1107.598682, 27.000000, 16, 0.05
25, 831.961535, 33.000000, 16, 0.05
25, 213.153801, 105.000000, 16, 0.05
25, 207.966056, 95.000000, 16, 0.05
25, 1138.062867, 27.000000, 16, 0.05
30, 207.317620, 129.000000, 16, 0.05
30, 1143.689341, 31.000000, 16, 0.05
30, 1140.342836, 31.000000, 16, 0.05
30, 1156.274025, 31.000000, 16, 0.05
30, 239.397496, 114.000000, 16, 0.05
35, 302.389645, 125.000000, 16, 0.05
35, 1143.282317, 36.000000, 16, 0.05
35, 375.853027, 111.000000, 16, 0.05
35, 400.470289, 109.000000, 16, 0.05
35, 493.315647, 89.000000, 16, 0.05
40, 296.701299, 137.000000, 16, 0.05
40, 212.718750, 160.000000, 16, 0.05
40, 379.363626, 125.000000, 16, 0.05
40, 224.233207, 153.000000, 16, 0.05
40, 1159.694624, 40.000000, 16, 0.05
5, 670.433055, 10.000000, 16, 0.5
5, 670.013671, 10.000000, 16, 0.5
5, 663.422987, 10.000000, 16, 0.5
5, 673.072376, 10.000000, 16, 0.5
10, 923.853677, 14.000000, 16, 0.5
10, 876.200426, 15.000000, 16, 0.5
10, 931.079619, 14.000000, 16, 0.5
10, 928.280945, 14.000000, 16, 0.5
10, 925.910949, 14.000000, 16, 0.5
15, 1009.153066, 18.000000, 16, 0.5
15, 1044.213275, 18.000000, 16, 0.5
15, 1036.822897, 18.000000, 16, 0.5
15, 1026.181966, 19.000000, 16, 0.5
15, 1033.649950, 18.000000, 16, 0.5
20, 1088.057363, 23.000000, 16, 0.5
20, 380.705223, 59.000000, 16, 0.5
20, 1089.324661, 23.000000, 16, 0.5
20, 460.643851, 53.000000, 16, 0.5
20, 347.225743, 67.000000, 16, 0.5
25, 1085.837758, 28.000000, 16, 0.5
25, 1117.111204, 27.000000, 16, 0.5
25, 1080.386593, 28.000000, 16, 0.5
25, 1037.377691, 29.000000, 16, 0.5
25, 1024.947061, 29.000000, 16, 0.5
30, 297.381516, 108.000000, 16, 0.5
30, 211.111268, 128.000000, 16, 0.5
30, 572.516267, 71.000000, 16, 0.5
30, 1112.872465, 33.000000, 16, 0.5
30, 187.013363, 130.000000, 16, 0.5
35, 626.350356, 59.000000, 16, 0.5
35, 270.138818, 111.000000, 16, 0.5
35, 390.534037, 99.000000, 16, 0.5
35, 206.808463, 160.000000, 16, 0.5
35, 512.224160, 92.000000, 16, 0.5
40, 713.676395, 57.000000, 16, 0.5
40, 1043.657188, 46.000000, 16, 0.5
40, 413.050185, 111.000000, 16, 0.5
40, 514.729786, 97.000000, 16, 0.5
40, 1095.663987, 43.000000, 16, 0.5
5, 665.732592, 10.000000, 16, 0.95
5, 667.133787, 10.000000, 16, 0.95
5, 657.664719, 10.000000, 16, 0.95
5, 642.614691, 10.000000, 16, 0.95
5, 659.078860, 10.000000, 16, 0.95
10, 899.763056, 14.000000, 16, 0.95
10, 884.216079, 15.000000, 16, 0.95
10, 888.965585, 15.000000, 16, 0.95
10, 848.132780, 15.000000, 16, 0.95
10, 890.927593, 14.000000, 16, 0.95
15, 1001.472913, 19.000000, 16, 0.95
15, 1012.398231, 19.000000, 16, 0.95
15, 1036.651595, 18.000000, 16, 0.95
15, 997.656975, 19.000000, 16, 0.95
15, 982.076768, 19.000000, 16, 0.95
20, 992.946567, 25.000000, 16, 0.95
20, 789.232276, 27.000000, 16, 0.95
20, 1075.963150, 23.000000, 16, 0.95
20, 1055.077834, 23.000000, 16, 0.95
20, 1050.099407, 24.000000, 16, 0.95
25, 470.552157, 79.000000, 16, 0.95
25, 1061.497019, 29.000000, 16, 0.95
25, 1073.264477, 28.000000, 16, 0.95
25, 1054.889766, 29.000000, 16, 0.95
25, 1008.075080, 30.000000, 16, 0.95
30, 198.283388, 146.000000, 16, 0.95
30, 1005.441893, 36.000000, 16, 0.95
30, 346.836247, 112.000000, 16, 0.95
30, 202.275317, 137.000000, 16, 0.95
30, 201.127689, 139.000000, 16, 0.95
35, 1074.886700, 39.000000, 16, 0.95
35, 954.621191, 42.000000, 16, 0.95
35, 1061.900122, 39.000000, 16, 0.95
35, 518.203118, 84.000000, 16, 0.95
35, 313.433730, 132.000000, 16, 0.95
40, 697.560474, 54.000000, 16, 0.95
40, 210.624650, 219.000000, 16, 0.95
40, 1059.043618, 45.000000, 16, 0.95
40, 539.485990, 109.000000, 16, 0.95
40, 372.442651, 143.000000, 16, 0.95
5, 680.018500, 10.000000, 128, 0.05
5, 650.935332, 10.000000, 128, 0.05
5, 686.279338, 9.000000, 128, 0.05
5, 687.379764, 9.000000, 128, 0.05
5, 690.638357, 9.000000, 128, 0.05
10, 893.233265, 14.000000, 128, 0.05
10, 954.012050, 14.000000, 128, 0.05
10, 904.802135, 14.000000, 128, 0.05
10, 960.786249, 13.000000, 128, 0.05
10, 925.729768, 14.000000, 128, 0.05
15, 1044.960267, 18.000000, 128, 0.05
15, 424.338965, 49.000000, 128, 0.05
15, 1066.263157, 18.000000, 128, 0.05
15, 276.472630, 56.000000, 128, 0.05
15, 1050.057173, 18.000000, 128, 0.05
20, 1124.164562, 22.000000, 128, 0.05
20, 1136.630402, 22.000000, 128, 0.05
20, 1149.743827, 21.000000, 128, 0.05
20, 1120.435985, 22.000000, 128, 0.05
20, 1121.805160, 22.000000, 128, 0.05
25, 1138.574249, 26.000000, 128, 0.05
25, 614.839788, 48.000000, 128, 0.05
25, 1121.092727, 27.000000, 128, 0.05
25, 557.029448, 52.000000, 128, 0.05
25, 1119.229216, 27.000000, 128, 0.05
30, 390.316869, 86.000000, 128, 0.05
30, 591.076975, 65.000000, 128, 0.05
30, 329.247996, 91.000000, 128, 0.05
30, 1136.446981, 32.000000, 128, 0.05
30, 407.473359, 86.000000, 128, 0.05
35, 208.001966, 136.000000, 128, 0.05
35, 381.606247, 101.000000, 128, 0.05
35, 305.465796, 95.000000, 128, 0.05
35, 397.777495, 97.000000, 128, 0.05
35, 1164.135905, 36.000000, 128, 0.05
40, 238.911669, 162.000000, 128, 0.05
40, 247.233736, 176.000000, 128, 0.05
40, 329.910690, 145.000000, 128, 0.05
40, 389.431512, 133.000000, 128, 0.05
40, 231.329281, 153.000000, 128, 0.05
5, 673.947619, 10.000000, 128, 0.5
5, 683.554091, 10.000000, 128, 0.5
5, 681.522797, 10.000000, 128, 0.5
5, 668.456758, 10.000000, 128, 0.5
5, 677.626986, 10.000000, 128, 0.5
10, 914.385478, 14.000000, 128, 0.5
10, 917.675805, 14.000000, 128, 0.5
10, 918.176328, 14.000000, 128, 0.5
10, 938.791191, 14.000000, 128, 0.5
10, 931.537912, 14.000000, 128, 0.5
15, 150.171181, 86.000000, 128, 0.5
15, 1012.426529, 19.000000, 128, 0.5
15, 988.486218, 19.000000, 128, 0.5
15, 1030.691766, 19.000000, 128, 0.5
15, 1050.638746, 18.000000, 128, 0.5
20, 1113.780513, 22.000000, 128, 0.5
20, 1105.231862, 22.000000, 128, 0.5
20, 565.865924, 48.000000, 128, 0.5
20, 1073.645151, 23.000000, 128, 0.5
20, 733.119506, 39.000000, 128, 0.5
25, 387.366526, 85.000000, 128, 0.5
25, 406.093606, 71.000000, 128, 0.5
25, 1131.907958, 27.000000, 128, 0.5
25, 1035.907447, 29.000000, 128, 0.5
25, 1116.871502, 28.000000, 128, 0.5
30, 220.261241, 137.000000, 128, 0.5
30, 335.584424, 94.000000, 128, 0.5
30, 199.433122, 154.000000, 128, 0.5
30, 1142.103898, 31.000000, 128, 0.5
30, 199.052774, 170.000000, 128, 0.5
35, 555.384782, 105.000000, 128, 0.5
35, 401.468147, 113.000000, 128, 0.5
35, 201.797794, 174.000000, 128, 0.5
35, 571.300163, 84.000000, 128, 0.5
35, 731.830540, 47.000000, 128, 0.5
40, 1085.642256, 44.000000, 128, 0.5
40, 1122.043600, 42.000000, 128, 0.5
40, 460.337732, 88.000000, 128, 0.5
40, 784.125640, 51.000000, 128, 0.5
40, 207.940388, 189.000000, 128, 0.5
10, 906.285895, 14.000000, 16, 0.95
5, 700.470511, 9.000000, 1024, 0.05
5, 693.063453, 9.000000, 1024, 0.05
5, 692.671534, 9.000000, 1024, 0.05
5, 697.276958, 9.000000, 1024, 0.05
5, 703.547623, 9.000000, 1024, 0.05
10, 977.020592, 13.000000, 1024, 0.05
5, 654.174861, 10.000000, 1024, 0.05
5, 694.160692, 9.000000, 1024, 0.05
5, 698.625302, 9.000000, 1024, 0.05
5, 701.812061, 9.000000, 1024, 0.05
5, 677.716720, 10.000000, 1024, 0.05
10, 961.624415, 13.000000, 1024, 0.05
10, 967.603768, 13.000000, 1024, 0.05
10, 943.270151, 14.000000, 1024, 0.05
10, 952.190531, 14.000000, 1024, 0.05
10, 982.677423, 13.000000, 1024, 0.05
15, 1068.308067, 18.000000, 1024, 0.05
15, 1087.943971, 18.000000, 1024, 0.05
15, 1080.075306, 17.000000, 1024, 0.05
15, 1069.076251, 18.000000, 1024, 0.05
15, 1058.616777, 18.000000, 1024, 0.05
20, 1112.213851, 22.000000, 1024, 0.05
20, 330.152908, 72.000000, 1024, 0.05
20, 1110.060218, 22.000000, 1024, 0.05
20, 1123.599095, 22.000000, 1024, 0.05
20, 1112.421293, 22.000000, 1024, 0.05
25, 1107.633898, 27.000000, 1024, 0.05
25, 264.122897, 103.000000, 1024, 0.05
25, 1113.042234, 27.000000, 1024, 0.05
25, 506.292728, 67.000000, 1024, 0.05
25, 1133.459106, 27.000000, 1024, 0.05
30, 1124.437943, 32.000000, 1024, 0.05
30, 1139.914084, 31.000000, 1024, 0.05
30, 543.712008, 63.000000, 1024, 0.05
30, 1093.552638, 33.000000, 1024, 0.05
30, 1055.558070, 34.000000, 1024, 0.05
35, 247.809055, 140.000000, 1024, 0.05
35, 645.560422, 53.000000, 1024, 0.05
35, 1167.958984, 35.000000, 1024, 0.05
35, 1154.897045, 36.000000, 1024, 0.05
35, 1152.887326, 36.000000, 1024, 0.05
40, 722.717532, 65.000000, 1024, 0.05
40, 782.792903, 53.000000, 1024, 0.05
40, 411.316624, 120.000000, 1024, 0.05
5, 717.890405, 9.000000, 1024, 0.5
5, 716.249857, 9.000000, 1024, 0.5
5, 711.567296, 9.000000, 1024, 0.5
5, 725.140236, 9.000000, 1024, 0.5
5, 724.650429, 9.000000, 1024, 0.5
10, 1001.926948, 13.000000, 1024, 0.5
10, 966.160525, 14.000000, 1024, 0.5
10, 999.267115, 13.000000, 1024, 0.5
10, 1002.298858, 13.000000, 1024, 0.5
10, 948.067059, 14.000000, 1024, 0.5
15, 307.238750, 57.000000, 1024, 0.5
15, 1112.965394, 18.000000, 1024, 0.5
15, 1120.250562, 17.000000, 1024, 0.5
15, 1125.917556, 17.000000, 1024, 0.5
15, 1074.267577, 18.000000, 1024, 0.5
20, 1150.531009, 22.000000, 1024, 0.5
20, 1149.132176, 22.000000, 1024, 0.5
20, 518.182947, 50.000000, 1024, 0.5
20, 1149.746735, 22.000000, 1024, 0.5
20, 415.496544, 63.000000, 1024, 0.5
25, 1169.567851, 26.000000, 1024, 0.5
25, 1113.400142, 28.000000, 1024, 0.5
25, 314.204213, 82.000000, 1024, 0.5
25, 389.525933, 75.000000, 1024, 0.5
25, 324.939251, 83.000000, 1024, 0.5
30, 522.524091, 80.000000, 1024, 0.5
30, 383.984977, 82.000000, 1024, 0.5
30, 235.490652, 151.000000, 1024, 0.5
30, 361.222435, 99.000000, 1024, 0.5
30, 590.549519, 64.000000, 1024, 0.5
35, 331.327532, 140.000000, 1024, 0.5
35, 373.708643, 122.000000, 1024, 0.5
35, 1134.546598, 37.000000, 1024, 0.5
35, 337.229619, 124.000000, 1024, 0.5
40, 594.287393, 85.000000, 1024, 0.5
40, 1056.717713, 41.000000, 1024, 0.5
5, 651.376233, 10.000000, 1024, 0.95
5, 694.162984, 9.000000, 1024, 0.95
5, 696.356944, 9.000000, 1024, 0.95
5, 672.123062, 10.000000, 1024, 0.95
5, 708.840850, 9.000000, 1024, 0.95
10, 970.958357, 14.000000, 1024, 0.95
10, 953.826853, 14.000000, 1024, 0.95
10, 973.290749, 14.000000, 1024, 0.95
10, 954.773467, 14.000000, 1024, 0.95
10, 959.437487, 14.000000, 1024, 0.95
15, 741.524153, 24.000000, 1024, 0.95
15, 1055.166548, 18.000000, 1024, 0.95
15, 1068.716554, 18.000000, 1024, 0.95
15, 1046.980142, 18.000000, 1024, 0.95
15, 1022.575082, 19.000000, 1024, 0.95
20, 1106.838607, 23.000000, 1024, 0.95
20, 1113.181901, 23.000000, 1024, 0.95
20, 1101.585809, 23.000000, 1024, 0.95
20, 1117.389505, 23.000000, 1024, 0.95
20, 1082.513107, 23.000000, 1024, 0.95
25, 1112.168064, 27.000000, 1024, 0.95
25, 786.597208, 35.000000, 1024, 0.95
25, 1071.949899, 28.000000, 1024, 0.95
25, 1085.655217, 28.000000, 1024, 0.95
30, 349.952892, 135.000000, 1024, 0.95
30, 1109.230996, 33.000000, 1024, 0.95
30, 287.564129, 148.000000, 1024, 0.95
30, 1081.625414, 34.000000, 1024, 0.95
35, 335.850477, 142.000000, 1024, 0.95
35, 1076.698676, 38.000000, 1024, 0.95
35, 226.604551, 237.000000, 1024, 0.95
35, 1104.951613, 37.000000, 1024, 0.95
35, 1074.723936, 39.000000, 1024, 0.95
40, 453.997442, 110.000000, 1024, 0.95
40, 1075.479260, 44.000000, 1024, 0.95
40, 281.829144, 200.000000, 1024, 0.95
40, 1091.880304, 42.000000, 1024, 0.95
45, 1086.164019, 47.000000, 1024, 0.05
45, 1169.164494, 44.000000, 1024, 0.05
45, 295.067917, 160.000000, 1024, 0.05
45, 371.669680, 142.000000, 1024, 0.05
45, 663.647673, 100.000000, 1024, 0.05
50, 1123.306222, 51.000000, 1024, 0.05
50, 311.886735, 183.000000, 1024, 0.05
50, 224.233703, 206.000000, 1024, 0.05
50, 229.519607, 191.000000, 1024, 0.05
50, 1119.120496, 51.000000, 1024, 0.05
55, 238.484790, 258.000000, 1024, 0.05
55, 990.091206, 66.000000, 1024, 0.05
55, 224.508721, 335.000000, 1024, 0.05
55, 427.482416, 154.000000, 1024, 0.05
55, 588.519873, 108.000000, 1024, 0.05
60, 222.479062, 452.000000, 1024, 0.05
60, 286.314107, 207.000000, 1024, 0.05
60, 1070.808379, 67.000000, 1024, 0.05
60, 328.251161, 199.000000, 1024, 0.05
60, 436.553096, 185.000000, 1024, 0.05
45, 1106.228519, 48.000000, 1024, 0.5
45, 1164.886158, 46.000000, 1024, 0.5
45, 428.736211, 118.000000, 1024, 0.5
45, 744.819404, 57.000000, 1024, 0.5
45, 477.780621, 112.000000, 1024, 0.5
50, 568.290161, 117.000000, 1024, 0.5
50, 336.569131, 197.000000, 1024, 0.5
50, 705.281919, 90.000000, 1024, 0.5
50, 1088.784774, 54.000000, 1024, 0.5
55, 265.699125, 334.000000, 1024, 0.5
55, 438.430449, 187.000000, 1024, 0.5
60, 1038.409343, 69.000000, 1024, 0.5
60, 339.069458, 260.000000, 1024, 0.5
60, 367.545655, 197.000000, 1024, 0.5
60, 299.282280, 212.000000, 1024, 0.5
45, 278.585677, 252.000000, 1024, 0.95
45, 355.872628, 129.000000, 1024, 0.95
45, 1087.505730, 48.000000, 1024, 0.95
45, 1087.285762, 49.000000, 1024, 0.95
45, 620.220561, 97.000000, 1024, 0.95
50, 1042.320359, 55.000000, 1024, 0.95
50, 1063.286620, 55.000000, 1024, 0.95
50, 1027.554342, 58.000000, 1024, 0.95
50, 599.801502, 117.000000, 1024, 0.95
50, 1046.127711, 55.000000, 1024, 0.95
55, 515.263013, 171.000000, 1024, 0.95
55, 1005.269166, 63.000000, 1024, 0.95
55, 420.784003, 193.000000, 1024, 0.95
55, 1040.226557, 61.000000, 1024, 0.95
55, 360.368189, 205.000000, 1024, 0.95
60, 328.104389, 295.000000, 1024, 0.95
50, 181.774303, 344.000000, 1024, 0.5
50, 629.055963, 100.000000, 1024, 0.5
50, 350.031707, 221.000000, 1024, 0.5
50, 1150.612520, 52.000000, 1024, 0.5
50, 587.243822, 124.000000, 1024, 0.5
60, 696.834007, 107.000000, 1024, 0.5
60, 1111.198291, 63.000000, 1024, 0.5
60, 326.728509, 246.000000, 1024, 0.5
60, 298.970671, 286.000000, 1024, 0.5
60, 329.377364, 227.000000, 1024, 0.5
50, 1053.263956, 56.000000, 1024, 0.95
50, 1041.888937, 56.000000, 1024, 0.95
50, 179.192375, 375.000000, 1024, 0.95
50, 1069.107286, 55.000000, 1024, 0.95
50, 412.790306, 160.000000, 1024, 0.95
60, 1022.411482, 68.000000, 1024, 0.95
60, 971.864160, 70.000000, 1024, 0.95
60, 1009.740457, 69.000000, 1024, 0.95
60, 356.374444, 330.000000, 1024, 0.95
60, 989.168619, 70.000000, 1024, 0.95
55, 408.801203, 182.000000, 1024, 0.5
55, 209.124850, 396.000000, 1024, 0.5
55, 282.366183, 212.000000, 1024, 0.5
55, 217.795056, 368.000000, 1024, 0.5
55, 197.114946, 424.000000, 1024, 0.5
55, 264.226000, 338.000000, 1024, 0.95
55, 1035.375493, 62.000000, 1024, 0.95
55, 202.049030, 427.000000, 1024, 0.95
55, 944.989718, 69.000000, 1024, 0.95
55, 894.596172, 89.000000, 1024, 0.95
5, 671.448501, 10.000000, 128, 0.95
5, 554.758770, 11.000000, 128, 0.95
5, 675.837502, 10.000000, 128, 0.95
5, 619.290107, 11.000000, 128, 0.95
5, 667.546757, 10.000000, 128, 0.95
5, 659.866357, 10.000000, 128, 0.95
10, 902.946518, 14.000000, 128, 0.95
10, 924.361803, 14.000000, 128, 0.95
10, 919.526439, 14.000000, 128, 0.95
10, 917.333516, 15.000000, 128, 0.95
10, 906.305678, 15.000000, 128, 0.95
15, 1017.540171, 19.000000, 128, 0.95
15, 1029.902076, 19.000000, 128, 0.95
15, 985.438670, 20.000000, 128, 0.95
15, 1028.798603, 19.000000, 128, 0.95
15, 1024.629378, 19.000000, 128, 0.95
20, 1057.448550, 23.000000, 128, 0.95
20, 1067.195499, 23.000000, 128, 0.95
20, 1069.018385, 23.000000, 128, 0.95
20, 1068.669560, 23.000000, 128, 0.95
20, 1064.921529, 23.000000, 128, 0.95
25, 255.454900, 99.000000, 128, 0.95
25, 186.379737, 113.000000, 128, 0.95
25, 1066.984825, 28.000000, 128, 0.95
25, 514.164851, 68.000000, 128, 0.95
25, 260.987443, 93.000000, 128, 0.95
30, 518.666372, 63.000000, 128, 0.95
30, 214.470452, 140.000000, 128, 0.95
30, 605.412849, 69.000000, 128, 0.95
30, 314.505559, 128.000000, 128, 0.95
30, 1033.807469, 33.000000, 128, 0.95
35, 385.801591, 123.000000, 128, 0.95
35, 458.321294, 108.000000, 128, 0.95
35, 1080.790429, 39.000000, 128, 0.95
35, 201.295341, 146.000000, 128, 0.95
35, 667.417433, 65.000000, 128, 0.95
40, 278.585121, 160.000000, 128, 0.95
40, 326.165569, 111.000000, 128, 0.95
40, 600.526920, 68.000000, 128, 0.95
40, 1005.166309, 46.000000, 128, 0.95
40, 277.020272, 172.000000, 128, 0.95
45, 1057.445976, 49.000000, 128, 0.95
45, 435.881558, 143.000000, 128, 0.95
45, 1077.102188, 49.000000, 128, 0.95
45, 1069.674853, 49.000000, 128, 0.95
45, 225.306296, 253.000000, 128, 0.95
50, 409.783537, 168.000000, 128, 0.95
50, 1066.493418, 54.000000, 128, 0.95
50, 391.051460, 187.000000, 128, 0.95
50, 1051.275350, 55.000000, 128, 0.95
50, 228.382016, 256.000000, 128, 0.95
55, 1021.651165, 64.000000, 128, 0.95
55, 378.495387, 171.000000, 128, 0.95
55, 961.414197, 63.000000, 128, 0.95
55, 248.547006, 272.000000, 128, 0.95
55, 998.624946, 64.000000, 128, 0.95
60, 370.801140, 241.000000, 128, 0.95
60, 430.584806, 191.000000, 128, 0.95
60, 1011.335446, 71.000000, 128, 0.95
60, 205.189658, 486.000000, 128, 0.95
60, 498.964550, 196.000000, 128, 0.95
