RequestNum,PublisherNum,SubscribersNum,ValueSize,QoS,Throughput
10000, 25, 7, 128, 0, 7813.034161
10000, 25, 7, 128, 0, 7752.681791
10000, 25, 7, 128, 0, 8185.062549
10000, 25, 7, 128, 0, 8040.119650
10000, 25, 7, 128, 0, 8080.332291
10000, 50, 7, 128, 0, 8631.638174
10000, 50, 7, 128, 0, 8916.062106
10000, 50, 7, 128, 0, 8594.610983
10000, 50, 7, 128, 0, 8800.285340
10000, 50, 7, 128, 0, 8832.697661
10000, 75, 7, 128, 0, 8858.302030
10000, 75, 7, 128, 0, 8621.638013
10000, 75, 7, 128, 0, 8568.669147
10000, 75, 7, 128, 0, 8930.692125
10000, 75, 7, 128, 0, 9328.427885
10000, 100, 7, 128, 0, 8695.165177
10000, 100, 7, 128, 0, 9000.428941
10000, 100, 7, 128, 0, 8755.259059
10000, 100, 7, 128, 0, 9261.791965
10000, 100, 7, 128, 0, 8591.802113
10000, 125, 7, 128, 0, 9241.685826
10000, 125, 7, 128, 0, 9000.877875
10000, 125, 7, 128, 0, 8441.659757
10000, 125, 7, 128, 0, 7726.982114
10000, 125, 7, 128, 0, 8285.413258
10000, 150, 7, 128, 0, 9056.353815
10000, 150, 7, 128, 0, 8991.678496
10000, 150, 7, 128, 0, 8619.211067
10000, 150, 7, 128, 0, 9461.064313
10000, 150, 7, 128, 0, 8807.953954
10000, 175, 7, 128, 0, 8830.639970
10000, 175, 7, 128, 0, 8004.934382
10000, 175, 7, 128, 0, 8503.488594
10000, 175, 7, 128, 0, 8842.076327
10000, 175, 7, 128, 0, 8294.770358
10000, 200, 7, 128, 0, 8267.081200
10000, 200, 7, 128, 0, 8338.429538
10000, 200, 7, 128, 0, 7721.637662
10000, 200, 7, 128, 0, 8165.489612
10000, 200, 7, 128, 0, 8331.808425
10000, 225, 7, 128, 0, 7781.109212
10000, 225, 7, 128, 0, 7790.500934
10000, 225, 7, 128, 0, 8168.343889
10000, 225, 7, 128, 0, 8118.215934
10000, 225, 7, 128, 0, 8491.526430
10000, 250, 7, 128, 0, 7761.308899
10000, 250, 7, 128, 0, 7221.964562
10000, 250, 7, 128, 0, 7443.170679
10000, 250, 7, 128, 0, 7631.895725
10000, 250, 7, 128, 0, 7479.144346
10000, 275, 7, 128, 0, 7366.338591
10000, 275, 7, 128, 0, 7766.940317
10000, 275, 7, 128, 0, 7845.158746
10000, 275, 7, 128, 0, 7514.855247
10000, 275, 7, 128, 0, 7894.122202
10000, 300, 7, 128, 0, 7281.498698
10000, 300, 7, 128, 0, 6996.097086
10000, 300, 7, 128, 0, 7250.812049
10000, 300, 7, 128, 0, 7230.965131
10000, 300, 7, 128, 0, 6940.231237
10000, 325, 7, 128, 0, 7205.470577
10000, 325, 7, 128, 0, 7174.947907
10000, 325, 7, 128, 0, 6724.076283
10000, 325, 7, 128, 0, 7213.279354
10000, 325, 7, 128, 0, 8014.700846
10000, 350, 7, 128, 0, 6564.314871
10000, 350, 7, 128, 0, 6455.296245
10000, 350, 7, 128, 0, 6758.409110
10000, 350, 7, 128, 0, 7488.256084
10000, 350, 7, 128, 0, 6431.517788
10000, 375, 7, 128, 0, 6387.560523
10000, 375, 7, 128, 0, 6020.426268
10000, 375, 7, 128, 0, 6691.133434
10000, 375, 7, 128, 0, 6925.454593
10000, 375, 7, 128, 0, 7172.846085
10000, 400, 7, 128, 0, 6314.247651
10000, 400, 7, 128, 0, 6270.395708
10000, 400, 7, 128, 0, 6585.840820
10000, 400, 7, 128, 0, 6615.939169
10000, 400, 7, 128, 0, 6456.139473
10000, 425, 7, 128, 0, 5767.337611
10000, 425, 7, 128, 0, 6200.372686
10000, 425, 7, 128, 0, 5834.207380
10000, 425, 7, 128, 0, 6714.978632
10000, 425, 7, 128, 0, 6935.570579
10000, 450, 7, 128, 0, 6036.883800
10000, 450, 7, 128, 0, 5955.178961
10000, 450, 7, 128, 0, 6057.383995
10000, 450, 7, 128, 0, 5822.454743
10000, 450, 7, 128, 0, 6081.760403
10000, 475, 7, 128, 0, 6373.588510
10000, 475, 7, 128, 0, 6038.438510
10000, 475, 7, 128, 0, 5873.986508
10000, 475, 7, 128, 0, 5704.956887
10000, 475, 7, 128, 0, 6113.146536
10000, 500, 7, 128, 0, 5588.171586
10000, 500, 7, 128, 0, 5968.328913
10000, 500, 7, 128, 0, 5771.037520
10000, 500, 7, 128, 0, 5636.538053
10000, 500, 7, 128, 0, 5459.646533
10000, 25, 7, 128, 1, 1039.946261
10000, 25, 7, 128, 1, 1027.074698
10000, 25, 7, 128, 1, 1040.508150
10000, 25, 7, 128, 1, 1027.197157
10000, 25, 7, 128, 1, 1018.039537
10000, 50, 7, 128, 1, 1045.355764
10000, 50, 7, 128, 1, 1019.783064
10000, 50, 7, 128, 1, 1006.631957
10000, 50, 7, 128, 1, 1021.359782
10000, 50, 7, 128, 1, 1027.653609
10000, 75, 7, 128, 1, 1043.966937
10000, 75, 7, 128, 1, 1014.337427
10000, 75, 7, 128, 1, 997.583988
10000, 75, 7, 128, 1, 1026.693268
10000, 75, 7, 128, 1, 1006.934017
10000, 100, 7, 128, 1, 1040.933696
10000, 100, 7, 128, 1, 1051.808568
10000, 100, 7, 128, 1, 1064.057902
10000, 100, 7, 128, 1, 1020.978142
10000, 100, 7, 128, 1, 1048.878636
10000, 125, 7, 128, 1, 1042.409620
10000, 125, 7, 128, 1, 1071.960764
10000, 125, 7, 128, 1, 1013.321635
10000, 125, 7, 128, 1, 1050.247009
10000, 125, 7, 128, 1, 1033.430476
10000, 150, 7, 128, 1, 1049.771440
10000, 150, 7, 128, 1, 1030.104347
10000, 150, 7, 128, 1, 1045.651950
10000, 150, 7, 128, 1, 1016.202456
10000, 150, 7, 128, 1, 1075.583748
10000, 175, 7, 128, 1, 1035.876237
10000, 175, 7, 128, 1, 1040.626842
10000, 175, 7, 128, 1, 1043.328063
10000, 175, 7, 128, 1, 1059.588487
10000, 175, 7, 128, 1, 1033.775222
10000, 200, 7, 128, 1, 1050.516919
10000, 200, 7, 128, 1, 1071.198874
10000, 200, 7, 128, 1, 1052.281073
10000, 200, 7, 128, 1, 1025.982320
10000, 200, 7, 128, 1, 1047.290706
10000, 225, 7, 128, 1, 1078.187308
10000, 225, 7, 128, 1, 1059.762099
10000, 225, 7, 128, 1, 1053.404853
10000, 225, 7, 128, 1, 1051.043978
10000, 225, 7, 128, 1, 1050.515323
10000, 250, 7, 128, 1, 1056.119252
10000, 250, 7, 128, 1, 1066.968749
10000, 250, 7, 128, 1, 1068.227400
10000, 250, 7, 128, 1, 1074.080898
10000, 250, 7, 128, 1, 1100.175407
10000, 275, 7, 128, 1, 1065.269166
10000, 275, 7, 128, 1, 1084.611744
10000, 275, 7, 128, 1, 1103.461548
10000, 275, 7, 128, 1, 1067.076810
10000, 275, 7, 128, 1, 1095.340040
10000, 300, 7, 128, 1, 1108.268096
10000, 300, 7, 128, 1, 1064.772965
10000, 300, 7, 128, 1, 1083.490826
10000, 300, 7, 128, 1, 1081.086226
10000, 300, 7, 128, 1, 1069.433244
10000, 325, 7, 128, 1, 1075.898958
10000, 325, 7, 128, 1, 1082.001681
10000, 325, 7, 128, 1, 1046.628097
10000, 325, 7, 128, 1, 1079.220365
10000, 325, 7, 128, 1, 1048.246440
10000, 350, 7, 128, 1, 1079.125944
10000, 350, 7, 128, 1, 1088.627958
10000, 350, 7, 128, 1, 1075.455760
10000, 350, 7, 128, 1, 1063.167620
10000, 350, 7, 128, 1, 1060.959312
10000, 375, 7, 128, 1, 1046.829526
10000, 375, 7, 128, 1, 1101.061905
10000, 375, 7, 128, 1, 1063.853219
10000, 375, 7, 128, 1, 1106.914337
10000, 375, 7, 128, 1, 1081.865842
10000, 400, 7, 128, 1, 1064.312415
10000, 400, 7, 128, 1, 1059.776589
10000, 400, 7, 128, 1, 1052.839104
10000, 400, 7, 128, 1, 1058.111834
10000, 400, 7, 128, 1, 1104.030130
10000, 425, 7, 128, 1, 1064.687811
10000, 425, 7, 128, 1, 1094.290418
10000, 425, 7, 128, 1, 1077.579011
10000, 425, 7, 128, 1, 1080.952511
10000, 425, 7, 128, 1, 1082.906631
10000, 450, 7, 128, 1, 1057.074524
10000, 450, 7, 128, 1, 1073.388573
10000, 450, 7, 128, 1, 1083.789719
10000, 450, 7, 128, 1, 1084.105436
10000, 450, 7, 128, 1, 1092.728052
10000, 475, 7, 128, 1, 1076.924583
10000, 475, 7, 128, 1, 1063.487467
10000, 475, 7, 128, 1, 1086.520694
10000, 475, 7, 128, 1, 1088.398327
10000, 475, 7, 128, 1, 1078.814781
10000, 500, 7, 128, 1, 1055.542082
10000, 500, 7, 128, 1, 1028.360642
10000, 500, 7, 128, 1, 1073.097385
10000, 500, 7, 128, 1, 1072.303116
10000, 500, 7, 128, 1, 1064.262676
10000, 25, 7, 128, 2, 513.359991
10000, 25, 7, 128, 2, 512.521091
10000, 25, 7, 128, 2, 543.029132
10000, 25, 7, 128, 2, 517.077299
10000, 25, 7, 128, 2, 531.374167
10000, 50, 7, 128, 2, 514.353937
10000, 50, 7, 128, 2, 504.470233
10000, 50, 7, 128, 2, 513.588912
10000, 50, 7, 128, 2, 514.811663
10000, 50, 7, 128, 2, 508.338384
10000, 75, 7, 128, 2, 522.580213
10000, 75, 7, 128, 2, 521.396180
10000, 75, 7, 128, 2, 535.550827
10000, 75, 7, 128, 2, 520.836994
10000, 75, 7, 128, 2, 514.572720
10000, 100, 7, 128, 2, 514.767287
10000, 100, 7, 128, 2, 514.645301
10000, 100, 7, 128, 2, 533.896947
10000, 100, 7, 128, 2, 540.778551
10000, 100, 7, 128, 2, 521.959104
10000, 125, 7, 128, 2, 531.654714
10000, 125, 7, 128, 2, 530.504930
10000, 125, 7, 128, 2, 529.157117
10000, 125, 7, 128, 2, 533.837014
10000, 125, 7, 128, 2, 519.498846
10000, 150, 7, 128, 2, 529.279043
10000, 150, 7, 128, 2, 518.931283
10000, 150, 7, 128, 2, 523.292708
10000, 150, 7, 128, 2, 529.307172
10000, 150, 7, 128, 2, 519.365846
10000, 175, 7, 128, 2, 531.932430
10000, 175, 7, 128, 2, 520.894210
10000, 175, 7, 128, 2, 525.950560
10000, 175, 7, 128, 2, 528.652133
10000, 175, 7, 128, 2, 512.888474
10000, 200, 7, 128, 2, 527.546119
10000, 200, 7, 128, 2, 535.139526
10000, 200, 7, 128, 2, 542.749915
10000, 200, 7, 128, 2, 526.215855
10000, 200, 7, 128, 2, 533.233913
10000, 225, 7, 128, 2, 535.310771
10000, 225, 7, 128, 2, 541.037846
10000, 225, 7, 128, 2, 538.728431
10000, 225, 7, 128, 2, 533.667157
10000, 225, 7, 128, 2, 533.220556
10000, 250, 7, 128, 2, 528.004427
10000, 250, 7, 128, 2, 540.628770
10000, 250, 7, 128, 2, 526.573558
10000, 250, 7, 128, 2, 537.935244
10000, 250, 7, 128, 2, 532.035963
10000, 275, 7, 128, 2, 537.679842
10000, 275, 7, 128, 2, 531.661586
10000, 275, 7, 128, 2, 542.020903
10000, 275, 7, 128, 2, 527.155974
10000, 275, 7, 128, 2, 531.195999
10000, 300, 7, 128, 2, 526.129436
10000, 300, 7, 128, 2, 529.389237
10000, 300, 7, 128, 2, 536.316358
10000, 300, 7, 128, 2, 538.461996
10000, 300, 7, 128, 2, 534.294911
10000, 325, 7, 128, 2, 520.836783
10000, 325, 7, 128, 2, 538.742520
10000, 325, 7, 128, 2, 541.861882
10000, 325, 7, 128, 2, 536.318504
10000, 325, 7, 128, 2, 527.451352
10000, 350, 7, 128, 2, 531.911187
10000, 350, 7, 128, 2, 532.842827
10000, 350, 7, 128, 2, 539.273964
10000, 350, 7, 128, 2, 538.558794
10000, 350, 7, 128, 2, 534.893363
10000, 375, 7, 128, 2, 541.895871
10000, 375, 7, 128, 2, 538.280137
10000, 375, 7, 128, 2, 542.144252
10000, 375, 7, 128, 2, 526.051278
10000, 375, 7, 128, 2, 532.909423
10000, 400, 7, 128, 2, 527.460722
10000, 400, 7, 128, 2, 529.514619
10000, 400, 7, 128, 2, 534.477328
10000, 400, 7, 128, 2, 516.589516
10000, 400, 7, 128, 2, 514.943060
10000, 425, 7, 128, 2, 523.530769
10000, 425, 7, 128, 2, 525.589947
10000, 450, 7, 128, 2, 519.375470
10000, 450, 7, 128, 2, 524.196453
10000, 450, 7, 128, 2, 530.426385
10000, 450, 7, 128, 2, 522.376218
10000, 450, 7, 128, 2, 520.324447
10000, 475, 7, 128, 2, 523.325461
10000, 475, 7, 128, 2, 514.392091
10000, 475, 7, 128, 2, 522.415214
10000, 475, 7, 128, 2, 516.982641
10000, 475, 7, 128, 2, 519.181985
10000, 500, 7, 128, 2, 530.101029
10000, 500, 7, 128, 2, 512.339601
10000, 500, 7, 128, 2, 530.492866
10000, 500, 7, 128, 2, 526.123800
10000, 500, 7, 128, 2, 517.733404
10000, 25, 7, 1024, 0, 7925.295694
10000, 25, 7, 1024, 0, 7780.935268
10000, 25, 7, 1024, 0, 7933.762710
10000, 25, 7, 1024, 0, 8671.722894
10000, 25, 7, 1024, 0, 8086.583182
10000, 50, 7, 1024, 0, 8980.388027
10000, 50, 7, 1024, 0, 8860.039992
10000, 50, 7, 1024, 0, 9018.208825
10000, 50, 7, 1024, 0, 8808.024708
10000, 50, 7, 1024, 0, 8544.540577
10000, 75, 7, 1024, 0, 8651.062783
10000, 75, 7, 1024, 0, 8600.789090
10000, 75, 7, 1024, 0, 8927.940845
10000, 75, 7, 1024, 0, 8931.712321
10000, 75, 7, 1024, 0, 9080.436698
10000, 100, 7, 1024, 0, 9346.779499
10000, 100, 7, 1024, 0, 8480.138221
10000, 100, 7, 1024, 0, 8441.927246
10000, 100, 7, 1024, 0, 9195.593889
10000, 125, 7, 1024, 0, 8538.107380
10000, 125, 7, 1024, 0, 8570.393393
10000, 125, 7, 1024, 0, 9295.558000
10000, 125, 7, 1024, 0, 8826.852000
10000, 125, 7, 1024, 0, 9033.986117
10000, 150, 7, 1024, 0, 8110.817779
10000, 150, 7, 1024, 0, 8665.066921
10000, 150, 7, 1024, 0, 9493.163098
10000, 150, 7, 1024, 0, 8631.078311
10000, 150, 7, 1024, 0, 9725.298244
10000, 175, 7, 1024, 0, 8323.036073
10000, 175, 7, 1024, 0, 8178.535179
10000, 175, 7, 1024, 0, 8055.728914
10000, 175, 7, 1024, 0, 7620.675378
10000, 175, 7, 1024, 0, 8319.236630
10000, 200, 7, 1024, 0, 7965.768245
10000, 200, 7, 1024, 0, 7562.795923
10000, 200, 7, 1024, 0, 8015.634996
10000, 200, 7, 1024, 0, 8076.953661
10000, 200, 7, 1024, 0, 7634.533647
10000, 225, 7, 1024, 0, 7522.109175
10000, 225, 7, 1024, 0, 7957.662872
10000, 225, 7, 1024, 0, 7663.608516
10000, 225, 7, 1024, 0, 8005.921743
10000, 225, 7, 1024, 0, 7769.040690
10000, 250, 7, 1024, 0, 8028.574132
10000, 250, 7, 1024, 0, 7671.850096
10000, 250, 7, 1024, 0, 7706.788101
10000, 250, 7, 1024, 0, 8055.675960
10000, 250, 7, 1024, 0, 7652.135423
10000, 275, 7, 1024, 0, 7240.997957
10000, 275, 7, 1024, 0, 7420.226371
10000, 275, 7, 1024, 0, 7138.760947
10000, 275, 7, 1024, 0, 7294.157784
10000, 275, 7, 1024, 0, 7258.497514
10000, 300, 7, 1024, 0, 6987.656920
10000, 300, 7, 1024, 0, 7338.247738
10000, 300, 7, 1024, 0, 6791.765135
10000, 300, 7, 1024, 0, 7528.194132
10000, 300, 7, 1024, 0, 7467.533425
10000, 325, 7, 1024, 0, 7147.422651
10000, 325, 7, 1024, 0, 6357.599721
10000, 325, 7, 1024, 0, 6974.620318
10000, 325, 7, 1024, 0, 7178.182965
10000, 325, 7, 1024, 0, 7483.397282
10000, 350, 7, 1024, 0, 6556.499699
10000, 350, 7, 1024, 0, 6646.664580
10000, 350, 7, 1024, 0, 6619.604829
10000, 350, 7, 1024, 0, 7207.166665
10000, 350, 7, 1024, 0, 7034.206518
10000, 375, 7, 1024, 0, 6415.981827
10000, 375, 7, 1024, 0, 6494.411726
10000, 375, 7, 1024, 0, 6417.313612
10000, 375, 7, 1024, 0, 6265.736554
10000, 375, 7, 1024, 0, 6684.916583
10000, 400, 7, 1024, 0, 6747.089859
10000, 400, 7, 1024, 0, 6078.151034
10000, 400, 7, 1024, 0, 6175.345580
10000, 400, 7, 1024, 0, 6456.159422
10000, 400, 7, 1024, 0, 6165.731012
10000, 425, 7, 1024, 0, 6701.822246
10000, 425, 7, 1024, 0, 6074.149075
10000, 425, 7, 1024, 0, 5727.181317
10000, 425, 7, 1024, 0, 6356.584459
10000, 425, 7, 1024, 0, 5807.811555
10000, 450, 7, 1024, 0, 5619.967789
10000, 450, 7, 1024, 0, 6932.705049
10000, 450, 7, 1024, 0, 5995.173904
10000, 450, 7, 1024, 0, 6516.115009
10000, 450, 7, 1024, 0, 5869.001353
10000, 475, 7, 1024, 0, 5747.807611
10000, 475, 7, 1024, 0, 5769.604275
10000, 475, 7, 1024, 0, 5659.415677
10000, 475, 7, 1024, 0, 6339.692146
10000, 475, 7, 1024, 0, 6798.441178
10000, 500, 7, 1024, 0, 5348.581077
10000, 500, 7, 1024, 0, 5825.069563
10000, 500, 7, 1024, 0, 5510.609284
10000, 500, 7, 1024, 0, 6057.081049
10000, 500, 7, 1024, 0, 5843.370196
10000, 25, 7, 1024, 1, 1074.681680
10000, 25, 7, 1024, 1, 1099.333985
10000, 25, 7, 1024, 1, 1107.041618
10000, 25, 7, 1024, 1, 1112.018952
10000, 25, 7, 1024, 1, 1118.265571
10000, 50, 7, 1024, 1, 1063.115975
10000, 50, 7, 1024, 1, 1066.355958
10000, 50, 7, 1024, 1, 1070.473234
10000, 50, 7, 1024, 1, 1057.895400
10000, 50, 7, 1024, 1, 1053.444741
10000, 75, 7, 1024, 1, 1037.472755
10000, 75, 7, 1024, 1, 1075.770852
10000, 75, 7, 1024, 1, 1066.270804
10000, 75, 7, 1024, 1, 1063.324360
10000, 75, 7, 1024, 1, 1060.911482
10000, 100, 7, 1024, 1, 1051.188774
10000, 100, 7, 1024, 1, 1042.569810
10000, 100, 7, 1024, 1, 1064.792249
10000, 100, 7, 1024, 1, 1055.842932
10000, 100, 7, 1024, 1, 1064.127474
10000, 125, 7, 1024, 1, 1026.783182
10000, 125, 7, 1024, 1, 1059.149894
10000, 125, 7, 1024, 1, 1055.981309
10000, 125, 7, 1024, 1, 1061.975354
10000, 125, 7, 1024, 1, 1046.016283
10000, 150, 7, 1024, 1, 1039.596977
10000, 150, 7, 1024, 1, 1051.874599
10000, 150, 7, 1024, 1, 1067.180765
10000, 150, 7, 1024, 1, 1055.278589
10000, 150, 7, 1024, 1, 1082.100400
10000, 175, 7, 1024, 1, 1048.381990
10000, 175, 7, 1024, 1, 1046.095034
10000, 175, 7, 1024, 1, 1031.775579
10000, 175, 7, 1024, 1, 1040.380118
10000, 175, 7, 1024, 1, 1051.782255
10000, 200, 7, 1024, 1, 1061.990232
10000, 200, 7, 1024, 1, 1075.972442
10000, 200, 7, 1024, 1, 1068.793745
10000, 200, 7, 1024, 1, 1048.558272
10000, 200, 7, 1024, 1, 1035.302453
10000, 225, 7, 1024, 1, 1075.422129
10000, 225, 7, 1024, 1, 1073.505395
10000, 225, 7, 1024, 1, 1074.000254
10000, 225, 7, 1024, 1, 1075.537783
10000, 225, 7, 1024, 1, 1058.174170
10000, 250, 7, 1024, 1, 1065.085679
10000, 250, 7, 1024, 1, 1082.686747
10000, 250, 7, 1024, 1, 1081.624503
10000, 250, 7, 1024, 1, 1048.338027
10000, 250, 7, 1024, 1, 1062.659622
10000, 275, 7, 1024, 1, 1066.638091
10000, 275, 7, 1024, 1, 1090.343463
10000, 275, 7, 1024, 1, 1063.757690
10000, 275, 7, 1024, 1, 1076.801455
10000, 275, 7, 1024, 1, 1058.923313
10000, 300, 7, 1024, 1, 1091.609975
10000, 300, 7, 1024, 1, 1083.294297
10000, 300, 7, 1024, 1, 1089.577094
10000, 300, 7, 1024, 1, 1097.036032
10000, 300, 7, 1024, 1, 1110.187013
10000, 325, 7, 1024, 1, 1053.600450
10000, 325, 7, 1024, 1, 1091.746463
10000, 325, 7, 1024, 1, 1066.329228
10000, 325, 7, 1024, 1, 1044.930989
10000, 325, 7, 1024, 1, 1041.173765
10000, 350, 7, 1024, 1, 1037.721982
10000, 350, 7, 1024, 1, 1067.597424
10000, 350, 7, 1024, 1, 1061.848974
10000, 350, 7, 1024, 1, 1029.222292
10000, 350, 7, 1024, 1, 1057.234953
10000, 375, 7, 1024, 1, 1072.428512
10000, 375, 7, 1024, 1, 1070.462957
10000, 375, 7, 1024, 1, 1079.219560
10000, 375, 7, 1024, 1, 1046.177984
10000, 375, 7, 1024, 1, 1066.554592
10000, 400, 7, 1024, 1, 1067.236735
10000, 400, 7, 1024, 1, 1068.569482
10000, 400, 7, 1024, 1, 1068.430732
10000, 400, 7, 1024, 1, 1063.488549
10000, 400, 7, 1024, 1, 1088.715339
10000, 425, 7, 1024, 1, 1043.255001
10000, 425, 7, 1024, 1, 1048.215320
10000, 425, 7, 1024, 1, 1072.819862
10000, 425, 7, 1024, 1, 1050.593611
10000, 425, 7, 1024, 1, 1045.109781
10000, 450, 7, 1024, 1, 1074.618632
10000, 450, 7, 1024, 1, 1071.256174
10000, 450, 7, 1024, 1, 1071.089009
10000, 450, 7, 1024, 1, 1095.724941
10000, 450, 7, 1024, 1, 1064.025582
10000, 475, 7, 1024, 1, 1059.605570
10000, 475, 7, 1024, 1, 1049.877375
10000, 475, 7, 1024, 1, 1043.393814
10000, 475, 7, 1024, 1, 1084.975975
10000, 475, 7, 1024, 1, 1063.790897
10000, 500, 7, 1024, 1, 1074.020115
10000, 500, 7, 1024, 1, 1063.325523
10000, 500, 7, 1024, 1, 1060.615097
10000, 500, 7, 1024, 1, 1064.748856
10000, 500, 7, 1024, 1, 1055.346301
10000, 25, 7, 1024, 2, 546.006340
10000, 25, 7, 1024, 2, 560.094083
10000, 25, 7, 1024, 2, 558.976802
10000, 25, 7, 1024, 2, 556.024502
10000, 25, 7, 1024, 2, 565.822524
10000, 50, 7, 1024, 2, 556.508814
10000, 50, 7, 1024, 2, 544.559834
10000, 50, 7, 1024, 2, 536.538934
10000, 50, 7, 1024, 2, 559.724512
10000, 50, 7, 1024, 2, 531.015715
10000, 75, 7, 1024, 2, 545.368472
10000, 75, 7, 1024, 2, 544.108418
10000, 75, 7, 1024, 2, 530.497274
10000, 75, 7, 1024, 2, 536.087870
10000, 75, 7, 1024, 2, 547.985107
10000, 100, 7, 1024, 2, 539.473481
10000, 100, 7, 1024, 2, 554.501318
10000, 100, 7, 1024, 2, 530.187407
10000, 100, 7, 1024, 2, 526.419697
10000, 100, 7, 1024, 2, 522.748855
10000, 125, 7, 1024, 2, 529.333583
10000, 125, 7, 1024, 2, 543.992017
10000, 125, 7, 1024, 2, 544.055224
10000, 125, 7, 1024, 2, 530.297882
10000, 125, 7, 1024, 2, 547.996821
10000, 150, 7, 1024, 2, 539.688331
10000, 150, 7, 1024, 2, 529.213012
10000, 150, 7, 1024, 2, 529.602506
10000, 150, 7, 1024, 2, 534.363207
10000, 150, 7, 1024, 2, 531.664747
10000, 175, 7, 1024, 2, 530.400031
10000, 175, 7, 1024, 2, 527.157802
10000, 175, 7, 1024, 2, 522.940734
10000, 175, 7, 1024, 2, 526.300831
10000, 175, 7, 1024, 2, 541.506274
10000, 200, 7, 1024, 2, 530.147903
10000, 200, 7, 1024, 2, 529.225039
10000, 200, 7, 1024, 2, 528.911499
10000, 200, 7, 1024, 2, 532.281026
10000, 200, 7, 1024, 2, 528.016038
10000, 225, 7, 1024, 2, 531.766493
10000, 225, 7, 1024, 2, 539.227399
10000, 225, 7, 1024, 2, 519.187832
10000, 225, 7, 1024, 2, 529.685238
10000, 225, 7, 1024, 2, 533.824368
10000, 250, 7, 1024, 2, 535.607265
10000, 250, 7, 1024, 2, 542.293961
10000, 250, 7, 1024, 2, 526.601945
10000, 250, 7, 1024, 2, 533.911017
10000, 250, 7, 1024, 2, 526.824065
10000, 275, 7, 1024, 2, 522.049897
10000, 275, 7, 1024, 2, 535.482862
10000, 275, 7, 1024, 2, 527.676033
10000, 275, 7, 1024, 2, 525.298627
10000, 275, 7, 1024, 2, 523.300006
10000, 300, 7, 1024, 2, 523.847397
10000, 300, 7, 1024, 2, 537.855610
10000, 300, 7, 1024, 2, 527.662939
10000, 300, 7, 1024, 2, 526.701894
10000, 300, 7, 1024, 2, 531.440130
10000, 325, 7, 1024, 2, 520.122199
10000, 325, 7, 1024, 2, 532.678430
10000, 325, 7, 1024, 2, 530.433796
10000, 325, 7, 1024, 2, 531.684869
10000, 325, 7, 1024, 2, 530.256004
10000, 350, 7, 1024, 2, 528.837391
10000, 350, 7, 1024, 2, 526.154503
10000, 350, 7, 1024, 2, 528.276650
10000, 350, 7, 1024, 2, 530.310133
10000, 350, 7, 1024, 2, 530.596771
10000, 375, 7, 1024, 2, 527.813136
10000, 375, 7, 1024, 2, 523.806474
10000, 375, 7, 1024, 2, 523.619270
10000, 375, 7, 1024, 2, 511.259366
10000, 375, 7, 1024, 2, 524.697036
10000, 400, 7, 1024, 2, 520.668764
10000, 400, 7, 1024, 2, 525.755834
10000, 400, 7, 1024, 2, 532.805645
10000, 400, 7, 1024, 2, 528.459981
10000, 400, 7, 1024, 2, 532.751412
10000, 425, 7, 1024, 2, 521.280000
10000, 425, 7, 1024, 2, 534.835653
10000, 425, 7, 1024, 2, 521.654168
10000, 425, 7, 1024, 2, 521.605687
10000, 425, 7, 1024, 2, 521.239241
10000, 450, 7, 1024, 2, 512.682208
10000, 450, 7, 1024, 2, 517.875420
10000, 450, 7, 1024, 2, 512.969823
10000, 450, 7, 1024, 2, 527.416414
10000, 450, 7, 1024, 2, 518.567492
10000, 475, 7, 1024, 2, 507.131855
10000, 475, 7, 1024, 2, 510.267664
10000, 475, 7, 1024, 2, 510.209602
10000, 475, 7, 1024, 2, 506.372345
10000, 475, 7, 1024, 2, 512.027668
10000, 500, 7, 1024, 2, 525.928062
10000, 500, 7, 1024, 2, 520.028728
10000, 500, 7, 1024, 2, 529.803771
10000, 500, 7, 1024, 2, 534.933702
10000, 500, 7, 1024, 2, 522.601216
10000, 25, 7, 10240, 0, 7620.800728
10000, 25, 7, 10240, 0, 7713.876266
10000, 50, 7, 10240, 0, 8569.526560
10000, 50, 7, 10240, 0, 8331.001847
10000, 50, 7, 10240, 0, 8156.949211
10000, 50, 7, 10240, 0, 8335.382518
10000, 75, 7, 10240, 0, 8410.367867
10000, 75, 7, 10240, 0, 8976.018623
10000, 75, 7, 10240, 0, 8772.844778
10000, 75, 7, 10240, 0, 7497.743014
10000, 75, 7, 10240, 0, 8260.819099
10000, 100, 7, 10240, 0, 8209.625005
10000, 100, 7, 10240, 0, 8168.122505
10000, 100, 7, 10240, 0, 8390.115186
10000, 100, 7, 10240, 0, 7600.267280
10000, 100, 7, 10240, 0, 7644.601761
10000, 125, 7, 10240, 0, 8151.030868
10000, 125, 7, 10240, 0, 7579.713417
10000, 125, 7, 10240, 0, 8066.813030
10000, 125, 7, 10240, 0, 8275.507747
10000, 125, 7, 10240, 0, 7839.136055
10000, 150, 7, 10240, 0, 7940.101179
10000, 150, 7, 10240, 0, 8087.629249
10000, 150, 7, 10240, 0, 8271.854245
10000, 150, 7, 10240, 0, 7624.732573
10000, 150, 7, 10240, 0, 8230.076882
10000, 175, 7, 10240, 0, 7949.654981
10000, 175, 7, 10240, 0, 7807.484570
10000, 175, 7, 10240, 0, 7886.729653
10000, 175, 7, 10240, 0, 7278.328992
10000, 175, 7, 10240, 0, 7418.488492
10000, 200, 7, 10240, 0, 7019.713015
10000, 200, 7, 10240, 0, 6376.439043
10000, 200, 7, 10240, 0, 6348.520439
10000, 200, 7, 10240, 0, 6330.939130
10000, 200, 7, 10240, 0, 6336.869948
10000, 225, 7, 10240, 0, 6646.087124
10000, 225, 7, 10240, 0, 6371.355369
10000, 225, 7, 10240, 0, 6813.022183
10000, 225, 7, 10240, 0, 6385.203516
10000, 225, 7, 10240, 0, 7058.299267
10000, 250, 7, 10240, 0, 6657.543001
10000, 250, 7, 10240, 0, 6678.713574
10000, 250, 7, 10240, 0, 7003.453633
10000, 250, 7, 10240, 0, 6760.271052
10000, 250, 7, 10240, 0, 6687.384058
10000, 275, 7, 10240, 0, 5980.745024
10000, 275, 7, 10240, 0, 5974.560862
10000, 275, 7, 10240, 0, 6026.719283
10000, 275, 7, 10240, 0, 6645.592001
10000, 275, 7, 10240, 0, 6391.518016
10000, 300, 7, 10240, 0, 5758.261104
10000, 300, 7, 10240, 0, 5816.474487
10000, 300, 7, 10240, 0, 5898.643930
10000, 325, 7, 10240, 0, 5914.105037
10000, 325, 7, 10240, 0, 6097.265043
10000, 325, 7, 10240, 0, 5933.529701
10000, 325, 7, 10240, 0, 6197.184875
10000, 325, 7, 10240, 0, 5820.563686
10000, 350, 7, 10240, 0, 5554.195123
10000, 350, 7, 10240, 0, 5998.242148
10000, 350, 7, 10240, 0, 5582.732692
10000, 350, 7, 10240, 0, 5517.547397
10000, 350, 7, 10240, 0, 5569.258800
10000, 375, 7, 10240, 0, 6046.620586
10000, 375, 7, 10240, 0, 5227.838819
10000, 375, 7, 10240, 0, 5331.174123
10000, 375, 7, 10240, 0, 5615.165904
10000, 375, 7, 10240, 0, 5513.523610
10000, 400, 7, 10240, 0, 5348.714868
10000, 400, 7, 10240, 0, 5002.668921
10000, 400, 7, 10240, 0, 5074.608330
10000, 400, 7, 10240, 0, 4944.356513
10000, 400, 7, 10240, 0, 5544.802517
10000, 425, 7, 10240, 0, 5399.784312
10000, 425, 7, 10240, 0, 5376.027649
10000, 425, 7, 10240, 0, 5231.192908
10000, 425, 7, 10240, 0, 5564.050699
10000, 425, 7, 10240, 0, 5163.533913
10000, 450, 7, 10240, 0, 5261.616086
10000, 450, 7, 10240, 0, 5283.546891
10000, 450, 7, 10240, 0, 5365.489182
10000, 450, 7, 10240, 0, 4875.239472
10000, 450, 7, 10240, 0, 4920.144916
10000, 475, 7, 10240, 0, 4714.715111
10000, 475, 7, 10240, 0, 4931.097827
10000, 475, 7, 10240, 0, 4732.862744
10000, 475, 7, 10240, 0, 4720.522221
10000, 475, 7, 10240, 0, 4732.581294
10000, 500, 7, 10240, 0, 4788.605976
10000, 500, 7, 10240, 0, 4829.926111
10000, 500, 7, 10240, 0, 4718.885523
10000, 500, 7, 10240, 0, 4763.394895
10000, 500, 7, 10240, 0, 4477.732152
10000, 25, 7, 10240, 1, 1130.685950
10000, 25, 7, 10240, 1, 1120.520531
10000, 25, 7, 10240, 1, 1127.605352
10000, 25, 7, 10240, 1, 1140.854240
10000, 25, 7, 10240, 1, 1110.060353
10000, 50, 7, 10240, 1, 1093.304402
10000, 50, 7, 10240, 1, 1080.027800
10000, 50, 7, 10240, 1, 1077.467956
10000, 50, 7, 10240, 1, 1089.911984
10000, 50, 7, 10240, 1, 1044.542235
10000, 75, 7, 10240, 1, 1079.922044
10000, 75, 7, 10240, 1, 1069.131809
10000, 75, 7, 10240, 1, 1063.053005
10000, 75, 7, 10240, 1, 1060.442029
10000, 75, 7, 10240, 1, 1066.538339
10000, 100, 7, 10240, 1, 1067.311900
10000, 100, 7, 10240, 1, 1070.058797
10000, 100, 7, 10240, 1, 1031.706377
10000, 100, 7, 10240, 1, 1056.206729
10000, 100, 7, 10240, 1, 1024.170548
10000, 125, 7, 10240, 1, 1054.252816
10000, 125, 7, 10240, 1, 1051.512512
10000, 125, 7, 10240, 1, 1018.536227
10000, 125, 7, 10240, 1, 1012.274222
10000, 125, 7, 10240, 1, 1026.635053
10000, 150, 7, 10240, 1, 1013.651711
10000, 150, 7, 10240, 1, 1009.433218
10000, 150, 7, 10240, 1, 1003.056671
10000, 150, 7, 10240, 1, 1025.952470
10000, 150, 7, 10240, 1, 1027.504959
10000, 175, 7, 10240, 1, 1027.460525
10000, 175, 7, 10240, 1, 1004.798539
10000, 175, 7, 10240, 1, 1004.180086
10000, 175, 7, 10240, 1, 1019.385373
10000, 175, 7, 10240, 1, 1061.118812
10000, 200, 7, 10240, 1, 1042.936216
10000, 200, 7, 10240, 1, 1015.522457
10000, 200, 7, 10240, 1, 1008.298764
10000, 200, 7, 10240, 1, 1037.952345
10000, 200, 7, 10240, 1, 1017.466425
10000, 225, 7, 10240, 1, 1028.965644
10000, 225, 7, 10240, 1, 1042.776147
10000, 225, 7, 10240, 1, 1033.450758
10000, 225, 7, 10240, 1, 1009.001557
10000, 225, 7, 10240, 1, 1042.938278
10000, 250, 7, 10240, 1, 1037.817426
10000, 250, 7, 10240, 1, 1033.888465
10000, 250, 7, 10240, 1, 1029.033176
10000, 250, 7, 10240, 1, 1014.615296
10000, 250, 7, 10240, 1, 1033.172227
10000, 275, 7, 10240, 1, 1019.960942
10000, 275, 7, 10240, 1, 988.990978
10000, 275, 7, 10240, 1, 1031.965913
10000, 275, 7, 10240, 1, 1019.044180
10000, 275, 7, 10240, 1, 999.533084
10000, 300, 7, 10240, 1, 1017.475490
10000, 300, 7, 10240, 1, 990.461632
10000, 300, 7, 10240, 1, 999.466847
10000, 300, 7, 10240, 1, 1020.461167
10000, 300, 7, 10240, 1, 1017.312605
10000, 325, 7, 10240, 1, 1021.758026
10000, 325, 7, 10240, 1, 1018.774331
10000, 325, 7, 10240, 1, 1000.509993
10000, 325, 7, 10240, 1, 1006.443308
10000, 325, 7, 10240, 1, 1024.916487
10000, 350, 7, 10240, 1, 1004.956148
10000, 350, 7, 10240, 1, 987.917846
10000, 350, 7, 10240, 1, 1020.829970
10000, 350, 7, 10240, 1, 1028.788426
10000, 350, 7, 10240, 1, 1019.226850
10000, 375, 7, 10240, 1, 1023.320949
10000, 375, 7, 10240, 1, 1017.981975
10000, 375, 7, 10240, 1, 1014.325475
10000, 375, 7, 10240, 1, 1024.188701
10000, 375, 7, 10240, 1, 1003.462631
10000, 400, 7, 10240, 1, 995.430133
10000, 400, 7, 10240, 1, 1013.158366
10000, 400, 7, 10240, 1, 999.677663
10000, 400, 7, 10240, 1, 1010.031265
10000, 400, 7, 10240, 1, 977.627676
10000, 425, 7, 10240, 1, 970.000971
10000, 425, 7, 10240, 1, 992.112325
10000, 425, 7, 10240, 1, 998.372086
10000, 425, 7, 10240, 1, 1010.207466
10000, 425, 7, 10240, 1, 1000.980738
10000, 450, 7, 10240, 1, 1004.183209
10000, 450, 7, 10240, 1, 1018.717822
10000, 450, 7, 10240, 1, 1006.389014
10000, 450, 7, 10240, 1, 989.694445
10000, 450, 7, 10240, 1, 1003.019938
10000, 475, 7, 10240, 1, 973.618920
10000, 475, 7, 10240, 1, 981.247622
10000, 475, 7, 10240, 1, 977.680148
10000, 475, 7, 10240, 1, 970.165490
10000, 475, 7, 10240, 1, 993.056843
10000, 500, 7, 10240, 1, 1014.742331
10000, 500, 7, 10240, 1, 1015.521335
10000, 500, 7, 10240, 1, 998.795537
10000, 500, 7, 10240, 1, 987.002838
10000, 500, 7, 10240, 1, 984.024718
10000, 25, 7, 10240, 2, 590.051819
10000, 25, 7, 10240, 2, 591.862576
10000, 25, 7, 10240, 2, 576.643353
10000, 25, 7, 10240, 2, 572.101878
10000, 25, 7, 10240, 2, 577.807526
10000, 50, 7, 10240, 2, 558.108793
10000, 50, 7, 10240, 2, 566.686134
10000, 50, 7, 10240, 2, 558.438697
10000, 50, 7, 10240, 2, 540.879177
10000, 50, 7, 10240, 2, 552.540448
10000, 75, 7, 10240, 2, 538.599235
10000, 75, 7, 10240, 2, 562.076096
10000, 75, 7, 10240, 2, 536.232243
10000, 75, 7, 10240, 2, 548.250819
10000, 75, 7, 10240, 2, 564.310324
10000, 100, 7, 10240, 2, 553.705664
10000, 100, 7, 10240, 2, 541.324834
10000, 100, 7, 10240, 2, 544.701749
10000, 100, 7, 10240, 2, 539.703978
10000, 100, 7, 10240, 2, 544.851245
10000, 125, 7, 10240, 2, 531.937463
10000, 125, 7, 10240, 2, 543.082174
10000, 125, 7, 10240, 2, 523.246737
10000, 125, 7, 10240, 2, 542.615320
10000, 125, 7, 10240, 2, 530.907907
10000, 150, 7, 10240, 2, 526.829668
10000, 150, 7, 10240, 2, 538.959718
10000, 150, 7, 10240, 2, 531.715615
10000, 150, 7, 10240, 2, 528.142087
10000, 150, 7, 10240, 2, 525.552458
10000, 175, 7, 10240, 2, 516.433880
10000, 175, 7, 10240, 2, 529.269092
10000, 175, 7, 10240, 2, 526.542769
10000, 175, 7, 10240, 2, 527.869917
10000, 175, 7, 10240, 2, 514.249968
10000, 200, 7, 10240, 2, 540.386631
10000, 200, 7, 10240, 2, 519.358414
10000, 200, 7, 10240, 2, 530.544960
10000, 200, 7, 10240, 2, 530.777117
10000, 200, 7, 10240, 2, 528.694940
10000, 225, 7, 10240, 2, 525.365334
10000, 225, 7, 10240, 2, 528.340194
10000, 225, 7, 10240, 2, 528.585680
10000, 225, 7, 10240, 2, 524.720343
10000, 225, 7, 10240, 2, 519.738093
10000, 250, 7, 10240, 2, 513.498521
10000, 250, 7, 10240, 2, 514.343255
10000, 250, 7, 10240, 2, 514.416342
10000, 250, 7, 10240, 2, 515.643163
10000, 250, 7, 10240, 2, 523.221048
10000, 275, 7, 10240, 2, 509.625096
10000, 275, 7, 10240, 2, 521.311227
10000, 275, 7, 10240, 2, 511.816401
10000, 275, 7, 10240, 2, 512.336306
10000, 275, 7, 10240, 2, 517.200008
10000, 300, 7, 10240, 2, 501.310207
10000, 300, 7, 10240, 2, 501.863126
10000, 300, 7, 10240, 2, 513.660111
10000, 300, 7, 10240, 2, 506.837327
10000, 300, 7, 10240, 2, 513.570863
10000, 325, 7, 10240, 2, 507.626038
10000, 325, 7, 10240, 2, 512.612435
10000, 325, 7, 10240, 2, 503.714029
10000, 325, 7, 10240, 2, 511.648945
10000, 325, 7, 10240, 2, 515.005417
10000, 350, 7, 10240, 2, 504.551411
10000, 350, 7, 10240, 2, 508.988253
10000, 350, 7, 10240, 2, 506.895748
10000, 350, 7, 10240, 2, 509.881543
10000, 350, 7, 10240, 2, 494.819710
10000, 375, 7, 10240, 2, 514.165010
10000, 375, 7, 10240, 2, 506.859378
10000, 375, 7, 10240, 2, 506.457943
10000, 375, 7, 10240, 2, 508.413570
10000, 375, 7, 10240, 2, 503.270300
10000, 400, 7, 10240, 2, 501.635179
10000, 400, 7, 10240, 2, 518.611146
10000, 400, 7, 10240, 2, 503.788829
10000, 400, 7, 10240, 2, 503.229984
10000, 400, 7, 10240, 2, 504.981857
10000, 425, 7, 10240, 2, 509.785866
10000, 425, 7, 10240, 2, 501.063690
10000, 425, 7, 10240, 2, 496.674850
10000, 425, 7, 10240, 2, 507.181148
10000, 425, 7, 10240, 2, 502.947741
10000, 450, 7, 10240, 2, 497.627288
10000, 450, 7, 10240, 2, 489.768821
10000, 450, 7, 10240, 2, 496.779421
10000, 450, 7, 10240, 2, 490.371590
10000, 450, 7, 10240, 2, 498.405674
10000, 475, 7, 10240, 2, 491.342466
10000, 475, 7, 10240, 2, 492.729769
10000, 475, 7, 10240, 2, 486.463755
10000, 475, 7, 10240, 2, 490.404698
10000, 475, 7, 10240, 2, 495.569395
10000, 500, 7, 10240, 2, 502.816908
10000, 500, 7, 10240, 2, 504.930971
10000, 500, 7, 10240, 2, 498.897396
10000, 500, 7, 10240, 2, 501.759510
10000, 500, 7, 10240, 2, 497.212034
