ClientNum,Throughput,Latency_ms,ValueSize,WriteRatio
20, 5107.653090, 5.000000, 16, 0.05
20, 5096.272037, 5.000000, 16, 0.05
20, 4976.997433, 5.000000, 16, 0.05
20, 3785.792092, 6.000000, 16, 0.05
20, 4213.032009, 5.000000, 16, 0.05
20, 4921.280673, 5.000000, 16, 0.05
40, 5926.649571, 10.000000, 16, 0.05
40, 5826.345767, 10.000000, 16, 0.05
40, 5836.459528, 10.000000, 16, 0.05
40, 5863.251104, 10.000000, 16, 0.05
40, 5844.370689, 10.000000, 16, 0.05
60, 6071.938521, 14.000000, 16, 0.05
60, 5553.231689, 16.000000, 16, 0.05
60, 5747.134427, 16.000000, 16, 0.05
60, 1714.594084, 17.000000, 16, 0.05
60, 5932.443598, 15.000000, 16, 0.05
80, 6020.151728, 21.000000, 16, 0.05
80, 6135.059575, 20.000000, 16, 0.05
80, 6151.999634, 19.000000, 16, 0.05
80, 6077.376851, 20.000000, 16, 0.05
80, 6108.635078, 19.000000, 16, 0.05
100, 6255.668124, 24.000000, 16, 0.05
100, 6005.073294, 24.000000, 16, 0.05
100, 4640.593845, 24.000000, 16, 0.05
100, 5961.869850, 25.000000, 16, 0.05
100, 6010.832300, 23.000000, 16, 0.05
120, 5976.673876, 27.000000, 16, 0.05
120, 6102.942193, 27.000000, 16, 0.05
120, 5857.832784, 29.000000, 16, 0.05
120, 5869.685366, 29.000000, 16, 0.05
120, 5740.092261, 30.000000, 16, 0.05
140, 6047.425583, 35.000000, 16, 0.05
140, 5763.678938, 34.000000, 16, 0.05
140, 5725.731448, 36.000000, 16, 0.05
140, 5984.755383, 33.000000, 16, 0.05
140, 5797.936224, 34.000000, 16, 0.05
160, 5798.286548, 40.000000, 16, 0.05
160, 5625.540916, 39.000000, 16, 0.05
160, 5855.924273, 38.000000, 16, 0.05
160, 5669.083905, 39.000000, 16, 0.05
160, 5365.755244, 45.000000, 16, 0.05
180, 6087.319310, 40.000000, 16, 0.05
180, 5839.152967, 42.000000, 16, 0.05
180, 5855.006359, 44.000000, 16, 0.05
180, 5797.548657, 43.000000, 16, 0.05
180, 5809.182363, 42.000000, 16, 0.05
200, 5893.223713, 48.000000, 16, 0.05
200, 5573.325888, 49.000000, 16, 0.05
200, 5783.039009, 48.000000, 16, 0.05
200, 5419.868024, 53.000000, 16, 0.05
200, 5592.970581, 47.000000, 16, 0.05
220, 6016.066430, 49.000000, 16, 0.05
220, 5699.817740, 51.000000, 16, 0.05
220, 5800.122970, 50.000000, 16, 0.05
220, 5803.738052, 53.000000, 16, 0.05
220, 5449.863732, 50.000000, 16, 0.05
240, 5536.046914, 61.000000, 16, 0.05
240, 5305.387413, 67.000000, 16, 0.05
240, 5415.339398, 58.000000, 16, 0.05
240, 5662.440827, 58.000000, 16, 0.05
260, 5784.659411, 58.000000, 16, 0.05
260, 5770.533049, 57.000000, 16, 0.05
260, 5547.886687, 66.000000, 16, 0.05
260, 5229.632504, 64.000000, 16, 0.05
260, 5653.165837, 62.000000, 16, 0.05
280, 5489.739011, 65.000000, 16, 0.05
280, 5179.414429, 68.000000, 16, 0.05
280, 5743.864242, 66.000000, 16, 0.05
280, 5963.708655, 63.000000, 16, 0.05
280, 5712.975768, 67.000000, 16, 0.05
300, 5674.251451, 69.000000, 16, 0.05
300, 5577.136757, 74.000000, 16, 0.05
300, 5344.924568, 72.000000, 16, 0.05
300, 5673.827788, 71.000000, 16, 0.05
300, 5485.354483, 74.000000, 16, 0.05
20, 3467.175148, 6.000000, 16, 0.5
20, 5131.250768, 5.000000, 16, 0.5
20, 4904.792485, 5.000000, 16, 0.5
20, 3950.349186, 6.000000, 16, 0.5
20, 4259.218463, 6.000000, 16, 0.5
40, 5810.460084, 10.000000, 16, 0.5
40, 5098.954349, 11.000000, 16, 0.5
40, 5769.521797, 10.000000, 16, 0.5
40, 5666.033116, 10.000000, 16, 0.5
60, 6064.757685, 15.000000, 16, 0.5
60, 5751.925493, 15.000000, 16, 0.5
60, 6031.237709, 15.000000, 16, 0.5
60, 5624.289529, 16.000000, 16, 0.5
60, 4714.515634, 16.000000, 16, 0.5
80, 6118.421948, 20.000000, 16, 0.5
80, 6106.298456, 21.000000, 16, 0.5
80, 5825.401883, 21.000000, 16, 0.5
80, 5569.920377, 22.000000, 16, 0.5
80, 5694.238458, 21.000000, 16, 0.5
100, 4944.001424, 23.000000, 16, 0.5
100, 5794.015651, 24.000000, 16, 0.5
100, 5837.204605, 26.000000, 16, 0.5
100, 5988.713077, 25.000000, 16, 0.5
100, 5685.849210, 25.000000, 16, 0.5
120, 5891.946406, 31.000000, 16, 0.5
120, 5746.910330, 30.000000, 16, 0.5
120, 5528.092270, 29.000000, 16, 0.5
120, 5700.027548, 30.000000, 16, 0.5
120, 5977.719945, 29.000000, 16, 0.5
140, 5814.781084, 34.000000, 16, 0.5
140, 5705.667512, 37.000000, 16, 0.5
140, 5525.408723, 37.000000, 16, 0.5
140, 5820.988407, 34.000000, 16, 0.5
140, 5313.646703, 39.000000, 16, 0.5
160, 4563.918852, 36.000000, 16, 0.5
160, 5808.495940, 38.000000, 16, 0.5
160, 5538.681829, 42.000000, 16, 0.5
160, 5718.548480, 40.000000, 16, 0.5
160, 6136.165030, 38.000000, 16, 0.5
180, 5763.327830, 41.000000, 16, 0.5
180, 5604.618121, 47.000000, 16, 0.5
180, 4602.637814, 43.000000, 16, 0.5
180, 5657.551919, 44.000000, 16, 0.5
200, 5935.483426, 47.000000, 16, 0.5
200, 5647.427878, 50.000000, 16, 0.5
200, 5881.877966, 47.000000, 16, 0.5
200, 5587.222087, 50.000000, 16, 0.5
200, 5397.165564, 47.000000, 16, 0.5
220, 5636.638656, 55.000000, 16, 0.5
220, 5521.290933, 53.000000, 16, 0.5
220, 5473.785020, 52.000000, 16, 0.5
220, 5499.539734, 54.000000, 16, 0.5
220, 5513.368816, 50.000000, 16, 0.5
240, 5730.238817, 60.000000, 16, 0.5
240, 5533.930722, 57.000000, 16, 0.5
240, 5319.095765, 63.000000, 16, 0.5
240, 5760.620415, 59.000000, 16, 0.5
240, 5552.347788, 61.000000, 16, 0.5
260, 5927.065991, 59.000000, 16, 0.5
260, 5528.826692, 63.000000, 16, 0.5
260, 5500.048449, 65.000000, 16, 0.5
260, 5581.868792, 63.000000, 16, 0.5
280, 5871.016681, 65.000000, 16, 0.5
280, 5504.445146, 71.000000, 16, 0.5
280, 5316.361282, 71.000000, 16, 0.5
280, 5080.595780, 63.000000, 16, 0.5
280, 5080.111169, 67.000000, 16, 0.5
300, 5322.685898, 75.000000, 16, 0.5
300, 5275.453564, 76.000000, 16, 0.5
300, 5329.345596, 72.000000, 16, 0.5
300, 5327.998697, 76.000000, 16, 0.5
300, 5571.040399, 73.000000, 16, 0.5
20, 5034.079173, 5.000000, 16, 0.95
20, 4260.942451, 5.000000, 16, 0.95
20, 4336.581845, 5.000000, 16, 0.95
20, 4904.243255, 6.000000, 16, 0.95
40, 5865.745959, 10.000000, 16, 0.95
40, 4619.154489, 10.000000, 16, 0.95
40, 5706.208983, 10.000000, 16, 0.95
40, 5899.874660, 10.000000, 16, 0.95
40, 5797.960243, 10.000000, 16, 0.95
60, 5950.346008, 14.000000, 16, 0.95
60, 5666.798044, 16.000000, 16, 0.95
60, 5617.772208, 17.000000, 16, 0.95
60, 5718.072356, 16.000000, 16, 0.95
60, 5646.901800, 15.000000, 16, 0.95
80, 5991.159183, 21.000000, 16, 0.95
80, 5638.848303, 19.000000, 16, 0.95
80, 5873.803561, 20.000000, 16, 0.95
80, 5645.738331, 21.000000, 16, 0.95
80, 5789.446318, 20.000000, 16, 0.95
100, 5696.575238, 29.000000, 16, 0.95
100, 5692.136949, 25.000000, 16, 0.95
100, 5481.158713, 29.000000, 16, 0.95
100, 5899.722331, 25.000000, 16, 0.95
120, 5775.486042, 30.000000, 16, 0.95
120, 5723.098442, 31.000000, 16, 0.95
120, 5727.493301, 31.000000, 16, 0.95
120, 5499.647928, 30.000000, 16, 0.95
120, 5266.291219, 35.000000, 16, 0.95
140, 5774.325348, 34.000000, 16, 0.95
140, 5275.952699, 39.000000, 16, 0.95
140, 5702.934177, 35.000000, 16, 0.95
140, 5635.638070, 34.000000, 16, 0.95
140, 5236.761719, 38.000000, 16, 0.95
160, 5602.310572, 39.000000, 16, 0.95
160, 5592.946779, 42.000000, 16, 0.95
160, 5680.524910, 40.000000, 16, 0.95
160, 5369.973294, 44.000000, 16, 0.95
160, 5434.967536, 40.000000, 16, 0.95
180, 5557.229470, 41.000000, 16, 0.95
180, 5541.267385, 45.000000, 16, 0.95
180, 5557.131428, 46.000000, 16, 0.95
180, 5542.514143, 46.000000, 16, 0.95
180, 5552.778580, 46.000000, 16, 0.95
200, 5702.228850, 48.000000, 16, 0.95
200, 4289.111487, 52.000000, 16, 0.95
200, 5440.801848, 51.000000, 16, 0.95
200, 5650.606054, 47.000000, 16, 0.95
200, 5456.140377, 47.000000, 16, 0.95
220, 5643.459816, 59.000000, 16, 0.95
220, 5304.253320, 58.000000, 16, 0.95
220, 5265.230373, 57.000000, 16, 0.95
220, 5357.614342, 55.000000, 16, 0.95
220, 5298.672574, 53.000000, 16, 0.95
240, 5607.819606, 56.000000, 16, 0.95
240, 5480.012001, 58.000000, 16, 0.95
240, 5361.868546, 57.000000, 16, 0.95
240, 5473.702840, 58.000000, 16, 0.95
240, 5119.275618, 61.000000, 16, 0.95
260, 5181.027693, 70.000000, 16, 0.95
260, 5506.545623, 65.000000, 16, 0.95
260, 5187.999596, 66.000000, 16, 0.95
260, 4923.821216, 69.000000, 16, 0.95
260, 5076.526296, 66.000000, 16, 0.95
280, 5504.022648, 70.000000, 16, 0.95
280, 5073.413313, 76.000000, 16, 0.95
280, 5355.574374, 71.000000, 16, 0.95
300, 5344.780156, 72.000000, 16, 0.95
300, 5099.181118, 82.000000, 16, 0.95
300, 5229.222801, 76.000000, 16, 0.95
300, 5341.778086, 74.000000, 16, 0.95
300, 5206.152761, 74.000000, 16, 0.95
20, 3487.082826, 6.000000, 128, 0.05
20, 3805.024599, 6.000000, 128, 0.05
20, 5039.842249, 5.000000, 128, 0.05
20, 3410.505684, 6.000000, 128, 0.05
20, 4865.459520, 5.000000, 128, 0.05
40, 5967.634439, 10.000000, 128, 0.05
40, 4653.163387, 11.000000, 128, 0.05
40, 5691.002998, 10.000000, 128, 0.05
40, 5875.885247, 10.000000, 128, 0.05
40, 5917.638675, 10.000000, 128, 0.05
60, 6008.274889, 15.000000, 128, 0.05
60, 5766.645242, 15.000000, 128, 0.05
60, 5870.396487, 16.000000, 128, 0.05
60, 4786.901762, 16.000000, 128, 0.05
60, 5868.249119, 16.000000, 128, 0.05
80, 6209.138814, 19.000000, 128, 0.05
80, 5936.471446, 20.000000, 128, 0.05
80, 6064.833922, 19.000000, 128, 0.05
80, 5761.713111, 21.000000, 128, 0.05
80, 3279.394138, 22.000000, 128, 0.05
100, 6279.186132, 23.000000, 128, 0.05
100, 5993.459144, 24.000000, 128, 0.05
100, 6117.736805, 24.000000, 128, 0.05
100, 6051.252273, 24.000000, 128, 0.05
100, 5993.965796, 23.000000, 128, 0.05
120, 5684.553043, 30.000000, 128, 0.05
120, 5851.842138, 29.000000, 128, 0.05
120, 6010.042249, 29.000000, 128, 0.05
120, 5630.460981, 32.000000, 128, 0.05
120, 6076.386063, 30.000000, 128, 0.05
140, 5548.547807, 38.000000, 128, 0.05
140, 5811.687572, 34.000000, 128, 0.05
140, 5382.620902, 35.000000, 128, 0.05
140, 5609.377206, 36.000000, 128, 0.05
140, 5574.583464, 34.000000, 128, 0.05
160, 5832.217923, 38.000000, 128, 0.05
160, 4719.077990, 38.000000, 128, 0.05
160, 5612.847512, 44.000000, 128, 0.05
160, 5953.561973, 37.000000, 128, 0.05
160, 5602.356107, 40.000000, 128, 0.05
180, 6005.460227, 40.000000, 128, 0.05
180, 5959.462788, 40.000000, 128, 0.05
180, 4447.432773, 41.000000, 128, 0.05
180, 5788.942762, 44.000000, 128, 0.05
180, 5801.360755, 42.000000, 128, 0.05
200, 5649.533952, 47.000000, 128, 0.05
200, 5534.934199, 52.000000, 128, 0.05
200, 5666.307194, 47.000000, 128, 0.05
200, 5560.558662, 46.000000, 128, 0.05
200, 5620.828122, 47.000000, 128, 0.05
220, 5894.419202, 49.000000, 128, 0.05
220, 5596.727728, 53.000000, 128, 0.05
220, 5849.088169, 49.000000, 128, 0.05
220, 5645.975967, 51.000000, 128, 0.05
220, 5704.083999, 50.000000, 128, 0.05
240, 5286.443451, 59.000000, 128, 0.05
240, 5882.464057, 54.000000, 128, 0.05
240, 5418.311032, 57.000000, 128, 0.05
240, 5630.693668, 59.000000, 128, 0.05
240, 5316.865453, 53.000000, 128, 0.05
260, 5369.097038, 68.000000, 128, 0.05
260, 5591.763570, 59.000000, 128, 0.05
260, 5623.762800, 61.000000, 128, 0.05
260, 5355.972750, 64.000000, 128, 0.05
260, 5762.606440, 63.000000, 128, 0.05
280, 5432.798678, 71.000000, 128, 0.05
280, 5471.562413, 68.000000, 128, 0.05
280, 5692.727858, 65.000000, 128, 0.05
280, 5256.542845, 67.000000, 128, 0.05
280, 5347.013149, 71.000000, 128, 0.05
300, 5377.648903, 67.000000, 128, 0.05
300, 5501.146173, 75.000000, 128, 0.05
300, 5535.437264, 66.000000, 128, 0.05
300, 5677.256593, 66.000000, 128, 0.05
300, 5415.496539, 68.000000, 128, 0.05
20, 3890.196044, 6.000000, 128, 0.5
20, 4021.206992, 6.000000, 128, 0.5
20, 4988.398708, 5.000000, 128, 0.5
20, 4864.004776, 6.000000, 128, 0.5
20, 4973.477652, 5.000000, 128, 0.5
40, 5458.635124, 11.000000, 128, 0.5
40, 4148.748158, 12.000000, 128, 0.5
40, 5714.710706, 10.000000, 128, 0.5
40, 5393.308468, 12.000000, 128, 0.5
40, 5425.934602, 11.000000, 128, 0.5
60, 5609.930105, 17.000000, 128, 0.5
60, 5471.620167, 17.000000, 128, 0.5
60, 5339.600749, 18.000000, 128, 0.5
60, 5852.243239, 16.000000, 128, 0.5
60, 5390.709815, 18.000000, 128, 0.5
80, 5771.404453, 22.000000, 128, 0.5
80, 5313.805865, 23.000000, 128, 0.5
80, 5172.100151, 25.000000, 128, 0.5
80, 4048.396042, 23.000000, 128, 0.5
80, 5346.462260, 23.000000, 128, 0.5
100, 5328.908725, 29.000000, 128, 0.5
100, 5377.868171, 26.000000, 128, 0.5
100, 4922.081874, 31.000000, 128, 0.5
100, 5134.771015, 29.000000, 128, 0.5
100, 5466.592174, 27.000000, 128, 0.5
120, 5515.277180, 33.000000, 128, 0.5
120, 5330.742348, 35.000000, 128, 0.5
120, 5374.188280, 34.000000, 128, 0.5
120, 5208.787708, 36.000000, 128, 0.5
120, 5326.067070, 34.000000, 128, 0.5
140, 5416.645841, 39.000000, 128, 0.5
140, 5079.912998, 42.000000, 128, 0.5
140, 5448.899778, 40.000000, 128, 0.5
140, 5155.497645, 41.000000, 128, 0.5
140, 4756.774261, 44.000000, 128, 0.5
160, 4989.486879, 47.000000, 128, 0.5
160, 5293.097709, 43.000000, 128, 0.5
160, 5111.885881, 48.000000, 128, 0.5
160, 5260.770776, 44.000000, 128, 0.5
160, 5194.004204, 49.000000, 128, 0.5
180, 5131.782172, 55.000000, 128, 0.5
180, 5098.520592, 52.000000, 128, 0.5
180, 5070.680885, 55.000000, 128, 0.5
180, 5259.347542, 52.000000, 128, 0.5
180, 5045.590411, 52.000000, 128, 0.5
200, 5441.985547, 55.000000, 128, 0.5
200, 5175.690657, 59.000000, 128, 0.5
200, 5234.887488, 55.000000, 128, 0.5
200, 5258.904559, 54.000000, 128, 0.5
200, 5147.201469, 56.000000, 128, 0.5
220, 4985.999040, 63.000000, 128, 0.5
220, 4963.048422, 67.000000, 128, 0.5
220, 5018.430223, 66.000000, 128, 0.5
220, 4744.117707, 69.000000, 128, 0.5
220, 4859.850867, 69.000000, 128, 0.5
240, 5161.960783, 72.000000, 128, 0.5
240, 5113.669653, 67.000000, 128, 0.5
240, 4967.551210, 73.000000, 128, 0.5
240, 4868.205601, 76.000000, 128, 0.5
240, 5125.413928, 68.000000, 128, 0.5
260, 4933.831714, 74.000000, 128, 0.5
260, 4830.044796, 82.000000, 128, 0.5
260, 4780.218343, 75.000000, 128, 0.5
260, 5057.716657, 75.000000, 128, 0.5
260, 4998.212155, 75.000000, 128, 0.5
280, 5260.375466, 77.000000, 128, 0.5
280, 5057.559263, 79.000000, 128, 0.5
280, 4510.428318, 78.000000, 128, 0.5
280, 4702.673981, 94.000000, 128, 0.5
280, 5160.603652, 81.000000, 128, 0.5
300, 4817.051577, 84.000000, 128, 0.5
300, 5043.030859, 94.000000, 128, 0.5
300, 4892.856249, 87.000000, 128, 0.5
300, 4869.737694, 90.000000, 128, 0.5
300, 4527.718179, 87.000000, 128, 0.5
20, 3247.278739, 6.000000, 128, 0.95
20, 4780.117378, 6.000000, 128, 0.95
20, 4784.352122, 6.000000, 128, 0.95
20, 2919.652777, 6.000000, 128, 0.95
20, 3915.688156, 6.000000, 128, 0.95
40, 5565.766158, 11.000000, 128, 0.95
40, 4242.289671, 12.000000, 128, 0.95
40, 4452.299135, 12.000000, 128, 0.95
40, 4811.426544, 13.000000, 128, 0.95
40, 5246.846102, 11.000000, 128, 0.95
60, 5174.544635, 18.000000, 128, 0.95
60, 4608.602960, 21.000000, 128, 0.95
60, 4789.564164, 19.000000, 128, 0.95
60, 4918.330793, 19.000000, 128, 0.95
60, 4022.622272, 19.000000, 128, 0.95
80, 5166.033728, 23.000000, 128, 0.95
80, 4874.253411, 25.000000, 128, 0.95
80, 5025.712467, 25.000000, 128, 0.95
80, 4935.538479, 24.000000, 128, 0.95
80, 4971.735183, 25.000000, 128, 0.95
100, 4786.134284, 29.000000, 128, 0.95
100, 4933.742590, 29.000000, 128, 0.95
100, 4663.619988, 31.000000, 128, 0.95
100, 4844.936112, 31.000000, 128, 0.95
100, 5018.359359, 29.000000, 128, 0.95
120, 4843.771097, 35.000000, 128, 0.95
120, 4869.507610, 34.000000, 128, 0.95
120, 4566.190538, 40.000000, 128, 0.95
120, 3676.989464, 37.000000, 128, 0.95
120, 4778.544962, 36.000000, 128, 0.95
140, 4813.440648, 40.000000, 128, 0.95
140, 4661.495075, 45.000000, 128, 0.95
140, 4614.273960, 51.000000, 128, 0.95
140, 4510.119050, 44.000000, 128, 0.95
140, 4511.603857, 45.000000, 128, 0.95
160, 4692.005018, 50.000000, 128, 0.95
160, 4424.340467, 53.000000, 128, 0.95
160, 4650.674094, 52.000000, 128, 0.95
160, 4667.159571, 52.000000, 128, 0.95
160, 4640.889870, 53.000000, 128, 0.95
180, 4748.549730, 52.000000, 128, 0.95
180, 4437.208220, 56.000000, 128, 0.95
180, 4522.100180, 57.000000, 128, 0.95
180, 4498.800038, 58.000000, 128, 0.95
180, 4695.343862, 54.000000, 128, 0.95
200, 4874.359772, 60.000000, 128, 0.95
200, 4603.243389, 61.000000, 128, 0.95
200, 4511.352441, 69.000000, 128, 0.95
200, 4348.270503, 71.000000, 128, 0.95
200, 4583.601301, 58.000000, 128, 0.95
220, 4711.737899, 68.000000, 128, 0.95
220, 4830.113721, 63.000000, 128, 0.95
220, 4447.239513, 73.000000, 128, 0.95
220, 4331.227726, 69.000000, 128, 0.95
220, 4324.514285, 69.000000, 128, 0.95
240, 4593.968513, 76.000000, 128, 0.95
240, 4330.457106, 79.000000, 128, 0.95
240, 4507.804357, 75.000000, 128, 0.95
240, 3813.272034, 76.000000, 128, 0.95
240, 4529.140388, 73.000000, 128, 0.95
260, 4427.097424, 89.000000, 128, 0.95
260, 4267.765573, 87.000000, 128, 0.95
260, 4239.082771, 89.000000, 128, 0.95
260, 4384.247160, 90.000000, 128, 0.95
260, 4451.836418, 82.000000, 128, 0.95
280, 4604.558828, 85.000000, 128, 0.95
280, 4440.129562, 94.000000, 128, 0.95
280, 4012.321401, 95.000000, 128, 0.95
280, 4466.006526, 90.000000, 128, 0.95
280, 4536.936258, 91.000000, 128, 0.95
300, 4581.792166, 92.000000, 128, 0.95
300, 4260.199037, 98.000000, 128, 0.95
300, 3527.037316, 103.000000, 128, 0.95
300, 4215.250428, 99.000000, 128, 0.95
300, 4405.225224, 96.000000, 128, 0.95
20, 4079.292844, 6.000000, 1024, 0.05
20, 4972.342128, 6.000000, 1024, 0.05
20, 5008.543253, 6.000000, 1024, 0.05
20, 3915.423814, 6.000000, 1024, 0.05
20, 4840.048343, 6.000000, 1024, 0.05
40, 5324.843136, 12.000000, 1024, 0.05
40, 4596.476065, 12.000000, 1024, 0.05
40, 4466.259853, 11.000000, 1024, 0.05
40, 5759.961544, 11.000000, 1024, 0.05
40, 5256.274040, 13.000000, 1024, 0.05
60, 5638.062050, 16.000000, 1024, 0.05
60, 5680.211263, 17.000000, 1024, 0.05
60, 5649.889663, 17.000000, 1024, 0.05
60, 5588.631324, 18.000000, 1024, 0.05
60, 5565.987636, 18.000000, 1024, 0.05
80, 4631.085122, 24.000000, 1024, 0.05
80, 5255.338129, 27.000000, 1024, 0.05
80, 5483.300917, 23.000000, 1024, 0.05
80, 5562.561500, 23.000000, 1024, 0.05
100, 5497.013295, 30.000000, 1024, 0.05
100, 5590.559136, 26.000000, 1024, 0.05
100, 5694.941962, 27.000000, 1024, 0.05
100, 5525.903621, 28.000000, 1024, 0.05
100, 5537.006433, 27.000000, 1024, 0.05
120, 5673.818269, 32.000000, 1024, 0.05
120, 5242.858719, 38.000000, 1024, 0.05
120, 5378.531173, 34.000000, 1024, 0.05
120, 5183.235564, 35.000000, 1024, 0.05
120, 5432.353892, 36.000000, 1024, 0.05
140, 5532.134422, 38.000000, 1024, 0.05
140, 5081.057315, 40.000000, 1024, 0.05
140, 5216.026347, 41.000000, 1024, 0.05
140, 5640.386218, 37.000000, 1024, 0.05
140, 4186.117246, 38.000000, 1024, 0.05
160, 5360.182056, 48.000000, 1024, 0.05
160, 5709.108303, 37.000000, 1024, 0.05
160, 5213.202549, 41.000000, 1024, 0.05
160, 5401.123771, 42.000000, 1024, 0.05
160, 5319.271964, 40.000000, 1024, 0.05
180, 5268.506755, 51.000000, 1024, 0.05
180, 5447.720875, 51.000000, 1024, 0.05
180, 5065.923213, 48.000000, 1024, 0.05
180, 5297.846844, 47.000000, 1024, 0.05
180, 5295.011735, 47.000000, 1024, 0.05
200, 5743.243977, 54.000000, 1024, 0.05
200, 5554.732801, 50.000000, 1024, 0.05
200, 5252.811010, 52.000000, 1024, 0.05
200, 5455.311587, 55.000000, 1024, 0.05
200, 5089.889127, 54.000000, 1024, 0.05
220, 5305.643303, 54.000000, 1024, 0.05
220, 4996.017729, 58.000000, 1024, 0.05
220, 4559.577850, 54.000000, 1024, 0.05
220, 5644.594827, 57.000000, 1024, 0.05
220, 5700.707899, 56.000000, 1024, 0.05
240, 5147.020394, 70.000000, 1024, 0.05
240, 5177.847615, 66.000000, 1024, 0.05
240, 4731.253843, 73.000000, 1024, 0.05
240, 4865.781554, 79.000000, 1024, 0.05
240, 5290.082829, 64.000000, 1024, 0.05
260, 5020.871913, 64.000000, 1024, 0.05
260, 5043.537231, 60.000000, 1024, 0.05
260, 5208.137705, 64.000000, 1024, 0.05
260, 5134.507760, 62.000000, 1024, 0.05
260, 5474.570682, 65.000000, 1024, 0.05
280, 4756.948045, 72.000000, 1024, 0.05
280, 5223.577957, 70.000000, 1024, 0.05
280, 5180.456074, 73.000000, 1024, 0.05
280, 5169.682386, 89.000000, 1024, 0.05
280, 4769.087630, 84.000000, 1024, 0.05
300, 5377.109471, 74.000000, 1024, 0.05
300, 5148.307484, 78.000000, 1024, 0.05
300, 4871.004016, 81.000000, 1024, 0.05
300, 5120.077265, 78.000000, 1024, 0.05
300, 5019.751835, 67.000000, 1024, 0.05
20, 4621.056329, 7.000000, 1024, 0.5
20, 3776.168536, 7.000000, 1024, 0.5
20, 3853.507162, 7.000000, 1024, 0.5
20, 4481.365870, 7.000000, 1024, 0.5
20, 4707.819589, 6.000000, 1024, 0.5
40, 3551.435839, 19.000000, 1024, 0.5
40, 4063.772892, 20.000000, 1024, 0.5
40, 4242.630753, 17.000000, 1024, 0.5
40, 3277.831232, 24.000000, 1024, 0.5
40, 3685.099389, 22.000000, 1024, 0.5
60, 3813.809375, 30.000000, 1024, 0.5
60, 3577.318548, 35.000000, 1024, 0.5
60, 3740.706722, 29.000000, 1024, 0.5
60, 3339.707145, 38.000000, 1024, 0.5
60, 3691.375479, 32.000000, 1024, 0.5
80, 3444.916813, 53.000000, 1024, 0.5
80, 3523.318366, 45.000000, 1024, 0.5
80, 3822.779590, 39.000000, 1024, 0.5
80, 3584.982569, 45.000000, 1024, 0.5
100, 3548.080261, 55.000000, 1024, 0.5
100, 3124.265832, 63.000000, 1024, 0.5
100, 3509.878939, 57.000000, 1024, 0.5
100, 3453.260786, 63.000000, 1024, 0.5
100, 2939.044087, 71.000000, 1024, 0.5
120, 2890.241681, 88.000000, 1024, 0.5
120, 3740.449934, 70.000000, 1024, 0.5
120, 2931.695853, 82.000000, 1024, 0.5
120, 2862.214757, 88.000000, 1024, 0.5
120, 3522.459781, 64.000000, 1024, 0.5
140, 3432.529830, 83.000000, 1024, 0.5
140, 2790.108574, 98.000000, 1024, 0.5
140, 3602.161350, 81.000000, 1024, 0.5
140, 3013.212838, 99.000000, 1024, 0.5
140, 2994.239629, 89.000000, 1024, 0.5
160, 3126.827410, 105.000000, 1024, 0.5
160, 3531.760563, 101.000000, 1024, 0.5
160, 3372.740866, 95.000000, 1024, 0.5
160, 2978.083881, 104.000000, 1024, 0.5
160, 3076.565468, 113.000000, 1024, 0.5
180, 3241.910875, 125.000000, 1024, 0.5
180, 3547.845880, 105.000000, 1024, 0.5
180, 3408.969507, 124.000000, 1024, 0.5
180, 3171.741090, 117.000000, 1024, 0.5
180, 3367.204273, 119.000000, 1024, 0.5
200, 3168.860998, 138.000000, 1024, 0.5
200, 2967.581766, 133.000000, 1024, 0.5
200, 3102.008633, 138.000000, 1024, 0.5
200, 3207.845668, 133.000000, 1024, 0.5
200, 3188.982935, 145.000000, 1024, 0.5
220, 3405.096024, 125.000000, 1024, 0.5
220, 2974.071460, 148.000000, 1024, 0.5
220, 3221.161417, 152.000000, 1024, 0.5
220, 2995.133319, 145.000000, 1024, 0.5
220, 3406.696092, 137.000000, 1024, 0.5
240, 3305.137341, 152.000000, 1024, 0.5
240, 3264.487566, 148.000000, 1024, 0.5
240, 3189.286786, 153.000000, 1024, 0.5
240, 3371.619921, 159.000000, 1024, 0.5
240, 2944.109852, 168.000000, 1024, 0.5
260, 3354.958828, 174.000000, 1024, 0.5
260, 3546.562122, 159.000000, 1024, 0.5
260, 3318.353312, 184.000000, 1024, 0.5
260, 3539.074057, 137.000000, 1024, 0.5
260, 3121.600365, 159.000000, 1024, 0.5
280, 3348.785453, 184.000000, 1024, 0.5
280, 3405.814120, 166.000000, 1024, 0.5
280, 3101.237383, 175.000000, 1024, 0.5
280, 3042.125570, 196.000000, 1024, 0.5
280, 3572.833034, 153.000000, 1024, 0.5
300, 3611.835531, 184.000000, 1024, 0.5
300, 2999.358016, 202.000000, 1024, 0.5
300, 2849.620249, 193.000000, 1024, 0.5
300, 3357.535440, 188.000000, 1024, 0.5
300, 3071.664323, 198.000000, 1024, 0.5
20, 3213.657915, 11.000000, 1024, 0.95
20, 3609.721912, 10.000000, 1024, 0.95
20, 3479.182783, 11.000000, 1024, 0.95
20, 3918.678201, 8.000000, 1024, 0.95
20, 3425.938456, 8.000000, 1024, 0.95
40, 2346.826951, 31.000000, 1024, 0.95
40, 3039.400644, 24.000000, 1024, 0.95
40, 3000.824084, 24.000000, 1024, 0.95
40, 2768.035733, 27.000000, 1024, 0.95
40, 2052.542738, 31.000000, 1024, 0.95
60, 2465.298047, 47.000000, 1024, 0.95
60, 2315.484548, 46.000000, 1024, 0.95
60, 2465.182245, 50.000000, 1024, 0.95
60, 2725.583228, 43.000000, 1024, 0.95
60, 2610.628616, 45.000000, 1024, 0.95
80, 2145.973436, 60.000000, 1024, 0.95
80, 2734.569762, 51.000000, 1024, 0.95
80, 2540.659605, 55.000000, 1024, 0.95
80, 2785.165877, 50.000000, 1024, 0.95
80, 2263.289735, 69.000000, 1024, 0.95
100, 2256.529784, 76.000000, 1024, 0.95
100, 2302.555331, 78.000000, 1024, 0.95
100, 2078.816741, 78.000000, 1024, 0.95
100, 2580.800150, 74.000000, 1024, 0.95
100, 2791.551862, 63.000000, 1024, 0.95
120, 2092.100657, 88.000000, 1024, 0.95
120, 2766.129428, 76.000000, 1024, 0.95
120, 2356.430145, 93.000000, 1024, 0.95
120, 2597.284600, 85.000000, 1024, 0.95
120, 2363.447849, 90.000000, 1024, 0.95
140, 2419.855989, 104.000000, 1024, 0.95
140, 2413.168542, 105.000000, 1024, 0.95
140, 2119.737147, 107.000000, 1024, 0.95
140, 2559.721996, 88.000000, 1024, 0.95
140, 2103.046275, 113.000000, 1024, 0.95
160, 2094.629878, 127.000000, 1024, 0.95
160, 2102.608973, 114.000000, 1024, 0.95
160, 2133.411365, 129.000000, 1024, 0.95
160, 2101.246017, 118.000000, 1024, 0.95
160, 2353.746278, 116.000000, 1024, 0.95
180, 2262.341887, 148.000000, 1024, 0.95
180, 2160.610171, 150.000000, 1024, 0.95
180, 2385.980217, 135.000000, 1024, 0.95
180, 1888.839231, 132.000000, 1024, 0.95
180, 2464.500428, 130.000000, 1024, 0.95
200, 1995.756249, 169.000000, 1024, 0.95
200, 2123.794512, 141.000000, 1024, 0.95
200, 2497.023700, 147.000000, 1024, 0.95
200, 2287.016567, 148.000000, 1024, 0.95
200, 2336.211061, 146.000000, 1024, 0.95
220, 2260.931407, 164.000000, 1024, 0.95
220, 1765.097129, 175.000000, 1024, 0.95
220, 2410.838584, 156.000000, 1024, 0.95
220, 2523.401901, 148.000000, 1024, 0.95
220, 1930.506557, 171.000000, 1024, 0.95
240, 2196.432172, 181.000000, 1024, 0.95
240, 2208.881372, 171.000000, 1024, 0.95
240, 2265.674990, 155.000000, 1024, 0.95
240, 2223.060853, 178.000000, 1024, 0.95
240, 2084.245296, 172.000000, 1024, 0.95
260, 2344.485697, 205.000000, 1024, 0.95
260, 2285.825276, 182.000000, 1024, 0.95
260, 2227.118760, 225.000000, 1024, 0.95
260, 2401.206224, 182.000000, 1024, 0.95
280, 2015.443514, 221.000000, 1024, 0.95
280, 2399.336197, 193.000000, 1024, 0.95
280, 2168.939815, 214.000000, 1024, 0.95
280, 1930.165420, 196.000000, 1024, 0.95
280, 2104.617755, 240.000000, 1024, 0.95
300, 2337.952643, 261.000000, 1024, 0.95
300, 2196.838128, 199.000000, 1024, 0.95
300, 2209.347532, 237.000000, 1024, 0.95
300, 2302.032051, 228.000000, 1024, 0.95
300, 1897.456007, 249.000000, 1024, 0.95
400, 5170.219448, 97.000000, 16, 0.05
400, 6708.736730, 101.000000, 16, 0.05
400, 5036.593719, 93.000000, 16, 0.05
400, 5151.834084, 100.000000, 16, 0.05
400, 5336.476689, 86.000000, 16, 0.05
400, 5674.967200, 91.000000, 16, 0.05
400, 5128.293666, 100.000000, 128, 0.05
400, 4883.291389, 93.000000, 128, 0.05
400, 5528.614794, 89.000000, 128, 0.05
400, 5368.192811, 99.000000, 128, 0.05
400, 5606.993007, 89.000000, 128, 0.05
400, 4854.353393, 101.000000, 1024, 0.05
400, 4756.091346, 94.000000, 1024, 0.05
400, 4809.484557, 118.000000, 1024, 0.05
400, 4387.355452, 102.000000, 1024, 0.05
500, 5474.385318, 113.000000, 16, 0.05
500, 5433.563350, 120.000000, 16, 0.05
500, 5246.652718, 117.000000, 16, 0.05
500, 5476.611452, 120.000000, 16, 0.05
500, 4247.079953, 129.000000, 16, 0.05
600, 5635.318895, 138.000000, 16, 0.05
600, 4652.591080, 162.000000, 16, 0.05
600, 4979.876536, 142.000000, 16, 0.05
600, 5399.156859, 139.000000, 16, 0.05
600, 5361.524369, 158.000000, 16, 0.05
700, 5568.167601, 157.000000, 16, 0.05
700, 4994.939489, 175.000000, 16, 0.05
700, 5270.380619, 185.000000, 16, 0.05
700, 4648.589237, 185.000000, 16, 0.05
700, 5322.840476, 176.000000, 16, 0.05
800, 5260.043379, 196.000000, 16, 0.05
800, 4331.108925, 201.000000, 16, 0.05
800, 5177.914475, 211.000000, 16, 0.05
800, 5284.198511, 218.000000, 16, 0.05
800, 5008.740347, 199.000000, 16, 0.05
900, 4528.771812, 296.000000, 16, 0.05
900, 5183.985501, 243.000000, 16, 0.05
900, 4868.266386, 239.000000, 16, 0.05
900, 5150.464281, 226.000000, 16, 0.05
900, 5228.914242, 246.000000, 16, 0.05
500, 4799.038326, 126.000000, 128, 0.05
500, 5311.270548, 124.000000, 128, 0.05
500, 5417.415376, 115.000000, 128, 0.05
500, 4712.260740, 120.000000, 128, 0.05
500, 5250.986272, 122.000000, 128, 0.05
600, 4738.664887, 149.000000, 128, 0.05
600, 5392.232357, 159.000000, 128, 0.05
600, 4961.749592, 131.000000, 128, 0.05
600, 4542.096062, 156.000000, 128, 0.05
600, 5313.868531, 143.000000, 128, 0.05
700, 5447.945692, 204.000000, 128, 0.05
700, 4528.966827, 149.000000, 128, 0.05
700, 5295.094637, 157.000000, 128, 0.05
700, 5470.987083, 182.000000, 128, 0.05
700, 4798.252339, 169.000000, 128, 0.05
800, 4913.662706, 193.000000, 128, 0.05
800, 4274.960334, 253.000000, 128, 0.05
800, 4393.464518, 232.000000, 128, 0.05
800, 5018.185649, 225.000000, 128, 0.05
800, 5219.457013, 181.000000, 128, 0.05
900, 5178.815139, 248.000000, 128, 0.05
900, 5116.917337, 255.000000, 128, 0.05
900, 4945.396329, 274.000000, 128, 0.05
900, 4467.378730, 250.000000, 128, 0.05
900, 5186.162389, 236.000000, 128, 0.05
500, 5314.992866, 129.000000, 1024, 0.05
500, 4975.992736, 142.000000, 1024, 0.05
500, 4933.208637, 152.000000, 1024, 0.05
500, 4987.169850, 160.000000, 1024, 0.05
500, 5066.396448, 132.000000, 1024, 0.05
600, 4157.568822, 143.000000, 1024, 0.05
600, 4827.964804, 174.000000, 1024, 0.05
600, 4599.518441, 156.000000, 1024, 0.05
600, 4758.059957, 182.000000, 1024, 0.05
600, 4842.060232, 187.000000, 1024, 0.05
700, 4528.214244, 298.000000, 1024, 0.05
700, 5076.866696, 169.000000, 1024, 0.05
700, 4862.518258, 252.000000, 1024, 0.05
700, 4874.218289, 193.000000, 1024, 0.05
700, 4127.943217, 207.000000, 1024, 0.05
800, 4734.884362, 247.000000, 1024, 0.05
800, 4707.749435, 325.000000, 1024, 0.05
800, 3820.379874, 410.000000, 1024, 0.05
800, 4414.476716, 204.000000, 1024, 0.05
800, 4914.436097, 230.000000, 1024, 0.05
900, 4351.533124, 272.000000, 1024, 0.05
900, 4258.369365, 264.000000, 1024, 0.05
900, 4919.411480, 219.000000, 1024, 0.05
900, 4161.837628, 335.000000, 1024, 0.05
900, 4277.198711, 400.000000, 1024, 0.05
5, 2273.472702, 2.000000, 16, 0.05
5, 1832.201002, 2.000000, 16, 0.05
5, 2412.294723, 2.000000, 16, 0.05
5, 2029.731651, 2.000000, 16, 0.05
5, 2408.246807, 2.000000, 128, 0.05
5, 2592.684313, 2.000000, 128, 0.05
5, 2169.958103, 2.000000, 128, 0.05
5, 1705.924337, 2.000000, 128, 0.05
5, 1754.437880, 2.000000, 128, 0.05
5, 2190.869019, 2.000000, 1024, 0.05
5, 1846.473165, 2.000000, 1024, 0.05
5, 2183.628960, 2.000000, 1024, 0.05
5, 1895.162669, 2.000000, 1024, 0.05
10, 3692.250490, 3.000000, 16, 0.05
10, 3402.202971, 3.000000, 16, 0.05
10, 3346.394171, 3.000000, 16, 0.05
10, 2784.374519, 3.000000, 16, 0.05
10, 2117.515175, 3.000000, 16, 0.05
15, 3944.676754, 4.000000, 16, 0.05
15, 3924.760323, 4.000000, 16, 0.05
15, 4561.571708, 4.000000, 16, 0.05
15, 4637.567963, 4.000000, 16, 0.05
10, 3937.238578, 3.000000, 128, 0.05
10, 2776.130316, 3.000000, 128, 0.05
10, 3873.972201, 3.000000, 128, 0.05
10, 3242.161785, 3.000000, 128, 0.05
10, 3946.918485, 3.000000, 128, 0.05
15, 3677.964173, 4.000000, 128, 0.05
15, 4553.220013, 4.000000, 128, 0.05
15, 3604.481136, 4.000000, 128, 0.05
15, 3729.645763, 5.000000, 128, 0.05
15, 4682.172852, 4.000000, 128, 0.05
10, 3926.329397, 3.000000, 1024, 0.05
10, 3266.371330, 3.000000, 1024, 0.05
10, 2892.224032, 3.000000, 1024, 0.05
10, 3254.329884, 3.000000, 1024, 0.05
10, 2166.100311, 3.000000, 1024, 0.05
15, 4486.583906, 4.000000, 1024, 0.05
15, 3941.840098, 4.000000, 1024, 0.05
15, 3692.487180, 4.000000, 1024, 0.05
15, 3852.251378, 4.000000, 1024, 0.05
